[2024-07-16T15:03:44.033+0000] {local_task_job_runner.py:120} INFO - ::group::Pre task execution logs
[2024-07-16T15:03:44.041+0000] {taskinstance.py:2076} INFO - Dependencies all met for dep_context=non-requeueable deps ti=<TaskInstance: dag_with_postgres_hooks.predict_mlflow manual__2024-07-16T15:03:36.901523+00:00 [queued]>
[2024-07-16T15:03:44.043+0000] {taskinstance.py:2076} INFO - Dependencies all met for dep_context=requeueable deps ti=<TaskInstance: dag_with_postgres_hooks.predict_mlflow manual__2024-07-16T15:03:36.901523+00:00 [queued]>
[2024-07-16T15:03:44.044+0000] {taskinstance.py:2306} INFO - Starting attempt 1 of 1
[2024-07-16T15:03:44.049+0000] {taskinstance.py:2330} INFO - Executing <Task(ModelLoadAndPredictOperator): predict_mlflow> on 2024-07-16 15:03:36.901523+00:00
[2024-07-16T15:03:44.052+0000] {warnings.py:112} WARNING - /home/***/.local/lib/python3.12/site-packages/***/task/task_runner/standard_task_runner.py:61: DeprecationWarning: This process (pid=2234) is multi-threaded, use of fork() may lead to deadlocks in the child.
  pid = os.fork()

[2024-07-16T15:03:44.053+0000] {standard_task_runner.py:63} INFO - Started process 2243 to run task
[2024-07-16T15:03:44.053+0000] {standard_task_runner.py:90} INFO - Running: ['***', 'tasks', 'run', 'dag_with_postgres_hooks', 'predict_mlflow', 'manual__2024-07-16T15:03:36.901523+00:00', '--job-id', '50', '--raw', '--subdir', 'DAGS_FOLDER/sql_2.py', '--cfg-path', '/tmp/tmp2u2exo8i']
[2024-07-16T15:03:44.053+0000] {standard_task_runner.py:91} INFO - Job 50: Subtask predict_mlflow
[2024-07-16T15:03:44.069+0000] {task_command.py:426} INFO - Running <TaskInstance: dag_with_postgres_hooks.predict_mlflow manual__2024-07-16T15:03:36.901523+00:00 [running]> on host 8d28ae2d2ca1
[2024-07-16T15:03:44.108+0000] {taskinstance.py:2648} INFO - Exporting env vars: AIRFLOW_CTX_DAG_EMAIL='***@example.com' AIRFLOW_CTX_DAG_OWNER='***' AIRFLOW_CTX_DAG_ID='dag_with_postgres_hooks' AIRFLOW_CTX_TASK_ID='predict_mlflow' AIRFLOW_CTX_EXECUTION_DATE='2024-07-16T15:03:36.901523+00:00' AIRFLOW_CTX_TRY_NUMBER='1' AIRFLOW_CTX_DAG_RUN_ID='manual__2024-07-16T15:03:36.901523+00:00'
[2024-07-16T15:03:44.109+0000] {taskinstance.py:430} INFO - ::endgroup::
[2024-07-16T15:03:44.111+0000] {base.py:84} INFO - Using connection ID 'mlflow_default' for task execution.
[2024-07-16T15:03:44.229+0000] {connectionpool.py:874} WARNING - Retrying (Retry(total=4, connect=4, read=5, redirect=5, status=5)) after connection broken by 'NewConnectionError('<urllib3.connection.HTTPSConnection object at 0xffff4d3bbbf0>: Failed to establish a new connection: [Errno 111] Connection refused')': /api/2.0/mlflow-artifacts/artifacts?path=1%2Fa4f785e5e1bb4ee79ba23aa117c7c8a6%2Fartifacts%2Ftestmodel%2FMLmodel
[2024-07-16T15:03:49.225+0000] {connectionpool.py:874} WARNING - Retrying (Retry(total=3, connect=3, read=5, redirect=5, status=5)) after connection broken by 'NewConnectionError('<urllib3.connection.HTTPSConnection object at 0xffff4d3ba300>: Failed to establish a new connection: [Errno 111] Connection refused')': /api/2.0/mlflow-artifacts/artifacts?path=1%2Fa4f785e5e1bb4ee79ba23aa117c7c8a6%2Fartifacts%2Ftestmodel%2FMLmodel
[2024-07-16T15:03:57.309+0000] {connectionpool.py:874} WARNING - Retrying (Retry(total=2, connect=2, read=5, redirect=5, status=5)) after connection broken by 'NewConnectionError('<urllib3.connection.HTTPSConnection object at 0xffff4d3ba570>: Failed to establish a new connection: [Errno 111] Connection refused')': /api/2.0/mlflow-artifacts/artifacts?path=1%2Fa4f785e5e1bb4ee79ba23aa117c7c8a6%2Fartifacts%2Ftestmodel%2FMLmodel
[2024-07-16T15:04:13.990+0000] {connectionpool.py:874} WARNING - Retrying (Retry(total=1, connect=1, read=5, redirect=5, status=5)) after connection broken by 'NewConnectionError('<urllib3.connection.HTTPSConnection object at 0xffff4d1ea660>: Failed to establish a new connection: [Errno 111] Connection refused')': /api/2.0/mlflow-artifacts/artifacts?path=1%2Fa4f785e5e1bb4ee79ba23aa117c7c8a6%2Fartifacts%2Ftestmodel%2FMLmodel
[2024-07-16T15:04:46.808+0000] {connectionpool.py:874} WARNING - Retrying (Retry(total=0, connect=0, read=5, redirect=5, status=5)) after connection broken by 'NewConnectionError('<urllib3.connection.HTTPSConnection object at 0xffff4d3b8fe0>: Failed to establish a new connection: [Errno 111] Connection refused')': /api/2.0/mlflow-artifacts/artifacts?path=1%2Fa4f785e5e1bb4ee79ba23aa117c7c8a6%2Fartifacts%2Ftestmodel%2FMLmodel
[2024-07-16T15:04:46.811+0000] {taskinstance.py:441} INFO - ::group::Post task execution logs
[2024-07-16T15:04:46.812+0000] {taskinstance.py:2905} ERROR - Task failed with exception
Traceback (most recent call last):
  File "/home/airflow/.local/lib/python3.12/site-packages/urllib3/connection.py", line 198, in _new_conn
    sock = connection.create_connection(
           ^^^^^^^^^^^^^^^^^^^^^^^^^^^^^
  File "/home/airflow/.local/lib/python3.12/site-packages/urllib3/util/connection.py", line 85, in create_connection
    raise err
  File "/home/airflow/.local/lib/python3.12/site-packages/urllib3/util/connection.py", line 73, in create_connection
    sock.connect(sa)
ConnectionRefusedError: [Errno 111] Connection refused

The above exception was the direct cause of the following exception:

Traceback (most recent call last):
  File "/home/airflow/.local/lib/python3.12/site-packages/urllib3/connectionpool.py", line 793, in urlopen
    response = self._make_request(
               ^^^^^^^^^^^^^^^^^^^
  File "/home/airflow/.local/lib/python3.12/site-packages/urllib3/connectionpool.py", line 491, in _make_request
    raise new_e
  File "/home/airflow/.local/lib/python3.12/site-packages/urllib3/connectionpool.py", line 467, in _make_request
    self._validate_conn(conn)
  File "/home/airflow/.local/lib/python3.12/site-packages/urllib3/connectionpool.py", line 1099, in _validate_conn
    conn.connect()
  File "/home/airflow/.local/lib/python3.12/site-packages/urllib3/connection.py", line 616, in connect
    self.sock = sock = self._new_conn()
                       ^^^^^^^^^^^^^^^^
  File "/home/airflow/.local/lib/python3.12/site-packages/urllib3/connection.py", line 213, in _new_conn
    raise NewConnectionError(
urllib3.exceptions.NewConnectionError: <urllib3.connection.HTTPSConnection object at 0xffff4d3936e0>: Failed to establish a new connection: [Errno 111] Connection refused

The above exception was the direct cause of the following exception:

Traceback (most recent call last):
  File "/home/airflow/.local/lib/python3.12/site-packages/requests/adapters.py", line 486, in send
    resp = conn.urlopen(
           ^^^^^^^^^^^^^
  File "/home/airflow/.local/lib/python3.12/site-packages/urllib3/connectionpool.py", line 877, in urlopen
    return self.urlopen(
           ^^^^^^^^^^^^^
  File "/home/airflow/.local/lib/python3.12/site-packages/urllib3/connectionpool.py", line 877, in urlopen
    return self.urlopen(
           ^^^^^^^^^^^^^
  File "/home/airflow/.local/lib/python3.12/site-packages/urllib3/connectionpool.py", line 877, in urlopen
    return self.urlopen(
           ^^^^^^^^^^^^^
  [Previous line repeated 2 more times]
  File "/home/airflow/.local/lib/python3.12/site-packages/urllib3/connectionpool.py", line 847, in urlopen
    retries = retries.increment(
              ^^^^^^^^^^^^^^^^^^
  File "/home/airflow/.local/lib/python3.12/site-packages/urllib3/util/retry.py", line 515, in increment
    raise MaxRetryError(_pool, url, reason) from reason  # type: ignore[arg-type]
    ^^^^^^^^^^^^^^^^^^^^^^^^^^^^^^^^^^^^^^^^^^^^^^^^^^^
urllib3.exceptions.MaxRetryError: HTTPSConnectionPool(host='0.0.0.0', port=5005): Max retries exceeded with url: /api/2.0/mlflow-artifacts/artifacts?path=1%2Fa4f785e5e1bb4ee79ba23aa117c7c8a6%2Fartifacts%2Ftestmodel%2FMLmodel (Caused by NewConnectionError('<urllib3.connection.HTTPSConnection object at 0xffff4d3936e0>: Failed to establish a new connection: [Errno 111] Connection refused'))

During handling of the above exception, another exception occurred:

Traceback (most recent call last):
  File "/home/airflow/.local/lib/python3.12/site-packages/mlflow/utils/rest_utils.py", line 129, in http_request
    return _get_http_response_with_retries(
           ^^^^^^^^^^^^^^^^^^^^^^^^^^^^^^^^
  File "/home/airflow/.local/lib/python3.12/site-packages/mlflow/utils/request_utils.py", line 237, in _get_http_response_with_retries
    return session.request(method, url, allow_redirects=allow_redirects, **kwargs)
           ^^^^^^^^^^^^^^^^^^^^^^^^^^^^^^^^^^^^^^^^^^^^^^^^^^^^^^^^^^^^^^^^^^^^^^^
  File "/home/airflow/.local/lib/python3.12/site-packages/requests/sessions.py", line 589, in request
    resp = self.send(prep, **send_kwargs)
           ^^^^^^^^^^^^^^^^^^^^^^^^^^^^^^
  File "/home/airflow/.local/lib/python3.12/site-packages/requests/sessions.py", line 703, in send
    r = adapter.send(request, **kwargs)
        ^^^^^^^^^^^^^^^^^^^^^^^^^^^^^^^
  File "/home/airflow/.local/lib/python3.12/site-packages/requests/adapters.py", line 519, in send
    raise ConnectionError(e, request=request)
requests.exceptions.ConnectionError: HTTPSConnectionPool(host='0.0.0.0', port=5005): Max retries exceeded with url: /api/2.0/mlflow-artifacts/artifacts?path=1%2Fa4f785e5e1bb4ee79ba23aa117c7c8a6%2Fartifacts%2Ftestmodel%2FMLmodel (Caused by NewConnectionError('<urllib3.connection.HTTPSConnection object at 0xffff4d3936e0>: Failed to establish a new connection: [Errno 111] Connection refused'))

During handling of the above exception, another exception occurred:

Traceback (most recent call last):
  File "/home/airflow/.local/lib/python3.12/site-packages/airflow/models/taskinstance.py", line 465, in _execute_task
    result = _execute_callable(context=context, **execute_callable_kwargs)
             ^^^^^^^^^^^^^^^^^^^^^^^^^^^^^^^^^^^^^^^^^^^^^^^^^^^^^^^^^^^^^
  File "/home/airflow/.local/lib/python3.12/site-packages/airflow/models/taskinstance.py", line 432, in _execute_callable
    return execute_callable(context=context, **execute_callable_kwargs)
           ^^^^^^^^^^^^^^^^^^^^^^^^^^^^^^^^^^^^^^^^^^^^^^^^^^^^^^^^^^^^
  File "/home/airflow/.local/lib/python3.12/site-packages/airflow/models/baseoperator.py", line 401, in wrapper
    return func(self, *args, **kwargs)
           ^^^^^^^^^^^^^^^^^^^^^^^^^^^
  File "/home/airflow/.local/lib/python3.12/site-packages/mlflow_provider/operators/pyfunc.py", line 165, in execute
    requirements_file_name = pyfunc.get_model_dependencies(self.model_uri)
                             ^^^^^^^^^^^^^^^^^^^^^^^^^^^^^^^^^^^^^^^^^^^^^
  File "/home/airflow/.local/lib/python3.12/site-packages/mlflow/pyfunc/__init__.py", line 1235, in get_model_dependencies
    dep_file = _get_model_dependencies(model_uri, format)
               ^^^^^^^^^^^^^^^^^^^^^^^^^^^^^^^^^^^^^^^^^^
  File "/home/airflow/.local/lib/python3.12/site-packages/mlflow/pyfunc/__init__.py", line 1155, in _get_model_dependencies
    model_dir = _download_artifact_from_uri(model_uri)
                ^^^^^^^^^^^^^^^^^^^^^^^^^^^^^^^^^^^^^^
  File "/home/airflow/.local/lib/python3.12/site-packages/mlflow/tracking/artifact_utils.py", line 116, in _download_artifact_from_uri
    return repo.download_artifacts(artifact_path=artifact_path, dst_path=output_path)
           ^^^^^^^^^^^^^^^^^^^^^^^^^^^^^^^^^^^^^^^^^^^^^^^^^^^^^^^^^^^^^^^^^^^^^^^^^^
  File "/home/airflow/.local/lib/python3.12/site-packages/mlflow/store/artifact/artifact_repo.py", line 247, in download_artifacts
    if self._is_directory(artifact_path):
       ^^^^^^^^^^^^^^^^^^^^^^^^^^^^^^^^^
  File "/home/airflow/.local/lib/python3.12/site-packages/mlflow/store/artifact/artifact_repo.py", line 146, in _is_directory
    listing = self.list_artifacts(artifact_path)
              ^^^^^^^^^^^^^^^^^^^^^^^^^^^^^^^^^^
  File "/home/airflow/.local/lib/python3.12/site-packages/mlflow/store/artifact/http_artifact_repo.py", line 88, in list_artifacts
    resp = http_request(host_creds, endpoint, "GET", params=params)
           ^^^^^^^^^^^^^^^^^^^^^^^^^^^^^^^^^^^^^^^^^^^^^^^^^^^^^^^^
  File "/home/airflow/.local/lib/python3.12/site-packages/mlflow/utils/rest_utils.py", line 152, in http_request
    raise MlflowException(f"API request to {url} failed with exception {e}")
mlflow.exceptions.MlflowException: API request to https://0.0.0.0:5005/api/2.0/mlflow-artifacts/artifacts failed with exception HTTPSConnectionPool(host='0.0.0.0', port=5005): Max retries exceeded with url: /api/2.0/mlflow-artifacts/artifacts?path=1%2Fa4f785e5e1bb4ee79ba23aa117c7c8a6%2Fartifacts%2Ftestmodel%2FMLmodel (Caused by NewConnectionError('<urllib3.connection.HTTPSConnection object at 0xffff4d3936e0>: Failed to establish a new connection: [Errno 111] Connection refused'))
[2024-07-16T15:04:46.826+0000] {taskinstance.py:1206} INFO - Marking task as FAILED. dag_id=dag_with_postgres_hooks, task_id=predict_mlflow, run_id=manual__2024-07-16T15:03:36.901523+00:00, execution_date=20240716T150336, start_date=20240716T150344, end_date=20240716T150446
[2024-07-16T15:04:46.837+0000] {standard_task_runner.py:110} ERROR - Failed to execute job 50 for task predict_mlflow (API request to https://0.0.0.0:5005/api/2.0/mlflow-artifacts/artifacts failed with exception HTTPSConnectionPool(host='0.0.0.0', port=5005): Max retries exceeded with url: /api/2.0/mlflow-artifacts/artifacts?path=1%2Fa4f785e5e1bb4ee79ba23aa117c7c8a6%2Fartifacts%2Ftestmodel%2FMLmodel (Caused by NewConnectionError('<urllib3.connection.HTTPSConnection object at 0xffff4d3936e0>: Failed to establish a new connection: [Errno 111] Connection refused')); 2243)
[2024-07-16T15:04:46.871+0000] {local_task_job_runner.py:240} INFO - Task exited with return code 1
[2024-07-16T15:04:46.879+0000] {taskinstance.py:3503} INFO - 0 downstream tasks scheduled from follow-on schedule check
[2024-07-16T15:04:46.880+0000] {local_task_job_runner.py:222} INFO - ::endgroup::
