[2024-10-10T09:50:07.467+0000] {local_task_job_runner.py:120} INFO - ::group::Pre task execution logs
[2024-10-10T09:50:07.475+0000] {taskinstance.py:2076} INFO - Dependencies all met for dep_context=non-requeueable deps ti=<TaskInstance: dag_with_postgres_hooks.concat_data manual__2024-10-10T09:49:57.048762+00:00 [queued]>
[2024-10-10T09:50:07.478+0000] {taskinstance.py:2076} INFO - Dependencies all met for dep_context=requeueable deps ti=<TaskInstance: dag_with_postgres_hooks.concat_data manual__2024-10-10T09:49:57.048762+00:00 [queued]>
[2024-10-10T09:50:07.478+0000] {taskinstance.py:2306} INFO - Starting attempt 1 of 1
[2024-10-10T09:50:07.483+0000] {taskinstance.py:2330} INFO - Executing <Task(PythonOperator): concat_data> on 2024-10-10 09:49:57.048762+00:00
[2024-10-10T09:50:07.487+0000] {warnings.py:112} WARNING - /home/***/.local/lib/python3.12/site-packages/***/task/task_runner/standard_task_runner.py:62: DeprecationWarning: This process (pid=2783) is multi-threaded, use of fork() may lead to deadlocks in the child.
  pid = os.fork()

[2024-10-10T09:50:07.488+0000] {standard_task_runner.py:64} INFO - Started process 2794 to run task
[2024-10-10T09:50:07.489+0000] {standard_task_runner.py:90} INFO - Running: ['***', 'tasks', 'run', 'dag_with_postgres_hooks', 'concat_data', 'manual__2024-10-10T09:49:57.048762+00:00', '--job-id', '1036', '--raw', '--subdir', 'DAGS_FOLDER/Stock_pred.py', '--cfg-path', '/tmp/tmpuufdscrw']
[2024-10-10T09:50:07.489+0000] {standard_task_runner.py:91} INFO - Job 1036: Subtask concat_data
[2024-10-10T09:50:07.505+0000] {task_command.py:426} INFO - Running <TaskInstance: dag_with_postgres_hooks.concat_data manual__2024-10-10T09:49:57.048762+00:00 [running]> on host b7aba691e1ff
[2024-10-10T09:50:07.535+0000] {taskinstance.py:2648} INFO - Exporting env vars: AIRFLOW_CTX_DAG_EMAIL='***@example.com' AIRFLOW_CTX_DAG_OWNER='***' AIRFLOW_CTX_DAG_ID='dag_with_postgres_hooks' AIRFLOW_CTX_TASK_ID='concat_data' AIRFLOW_CTX_EXECUTION_DATE='2024-10-10T09:49:57.048762+00:00' AIRFLOW_CTX_TRY_NUMBER='1' AIRFLOW_CTX_DAG_RUN_ID='manual__2024-10-10T09:49:57.048762+00:00'
[2024-10-10T09:50:07.535+0000] {taskinstance.py:430} INFO - ::endgroup::
[2024-10-10T09:50:07.538+0000] {base.py:84} INFO - Using connection ID 'postgres_server_2' for task execution.
[2024-10-10T09:50:07.545+0000] {taskinstance.py:441} INFO - ::group::Post task execution logs
[2024-10-10T09:50:07.545+0000] {taskinstance.py:2905} ERROR - Task failed with exception
Traceback (most recent call last):
  File "/home/airflow/.local/lib/python3.12/site-packages/sqlalchemy/engine/base.py", line 1910, in _execute_context
    self.dialect.do_execute(
  File "/home/airflow/.local/lib/python3.12/site-packages/sqlalchemy/engine/default.py", line 736, in do_execute
    cursor.execute(statement, parameters)
psycopg2.errors.UndefinedTable: relation "stock_categorical" does not exist
LINE 1: SELECT * FROM stock_categorical 
                      ^


The above exception was the direct cause of the following exception:

Traceback (most recent call last):
  File "/home/airflow/.local/lib/python3.12/site-packages/airflow/models/taskinstance.py", line 465, in _execute_task
    result = _execute_callable(context=context, **execute_callable_kwargs)
             ^^^^^^^^^^^^^^^^^^^^^^^^^^^^^^^^^^^^^^^^^^^^^^^^^^^^^^^^^^^^^
  File "/home/airflow/.local/lib/python3.12/site-packages/airflow/models/taskinstance.py", line 432, in _execute_callable
    return execute_callable(context=context, **execute_callable_kwargs)
           ^^^^^^^^^^^^^^^^^^^^^^^^^^^^^^^^^^^^^^^^^^^^^^^^^^^^^^^^^^^^
  File "/home/airflow/.local/lib/python3.12/site-packages/airflow/models/baseoperator.py", line 401, in wrapper
    return func(self, *args, **kwargs)
           ^^^^^^^^^^^^^^^^^^^^^^^^^^^
  File "/home/airflow/.local/lib/python3.12/site-packages/airflow/operators/python.py", line 235, in execute
    return_value = self.execute_callable()
                   ^^^^^^^^^^^^^^^^^^^^^^^
  File "/home/airflow/.local/lib/python3.12/site-packages/airflow/operators/python.py", line 252, in execute_callable
    return self.python_callable(*self.op_args, **self.op_kwargs)
           ^^^^^^^^^^^^^^^^^^^^^^^^^^^^^^^^^^^^^^^^^^^^^^^^^^^^^
  File "/opt/airflow/dags/Stock_pred.py", line 124, in concat_old_data
    df_old = pd.read_sql_query('SELECT * FROM stock_categorical ', engine)
             ^^^^^^^^^^^^^^^^^^^^^^^^^^^^^^^^^^^^^^^^^^^^^^^^^^^^^^^^^^^^^
  File "/home/airflow/.local/lib/python3.12/site-packages/pandas/io/sql.py", line 486, in read_sql_query
    return pandas_sql.read_query(
           ^^^^^^^^^^^^^^^^^^^^^^
  File "/home/airflow/.local/lib/python3.12/site-packages/pandas/io/sql.py", line 1776, in read_query
    result = self.execute(sql, params)
             ^^^^^^^^^^^^^^^^^^^^^^^^^
  File "/home/airflow/.local/lib/python3.12/site-packages/pandas/io/sql.py", line 1599, in execute
    return self.con.exec_driver_sql(sql, *args)
           ^^^^^^^^^^^^^^^^^^^^^^^^^^^^^^^^^^^^
  File "/home/airflow/.local/lib/python3.12/site-packages/sqlalchemy/engine/base.py", line 1770, in exec_driver_sql
    return self._exec_driver_sql(
           ^^^^^^^^^^^^^^^^^^^^^^
  File "/home/airflow/.local/lib/python3.12/site-packages/sqlalchemy/engine/base.py", line 1674, in _exec_driver_sql
    ret = self._execute_context(
          ^^^^^^^^^^^^^^^^^^^^^^
  File "/home/airflow/.local/lib/python3.12/site-packages/sqlalchemy/engine/base.py", line 1953, in _execute_context
    self._handle_dbapi_exception(
  File "/home/airflow/.local/lib/python3.12/site-packages/sqlalchemy/engine/base.py", line 2134, in _handle_dbapi_exception
    util.raise_(
  File "/home/airflow/.local/lib/python3.12/site-packages/sqlalchemy/util/compat.py", line 211, in raise_
    raise exception
  File "/home/airflow/.local/lib/python3.12/site-packages/sqlalchemy/engine/base.py", line 1910, in _execute_context
    self.dialect.do_execute(
  File "/home/airflow/.local/lib/python3.12/site-packages/sqlalchemy/engine/default.py", line 736, in do_execute
    cursor.execute(statement, parameters)
sqlalchemy.exc.ProgrammingError: (psycopg2.errors.UndefinedTable) relation "stock_categorical" does not exist
LINE 1: SELECT * FROM stock_categorical 
                      ^

[SQL: SELECT * FROM stock_categorical ]
(Background on this error at: https://sqlalche.me/e/14/f405)
[2024-10-10T09:50:07.552+0000] {taskinstance.py:1206} INFO - Marking task as FAILED. dag_id=dag_with_postgres_hooks, task_id=concat_data, run_id=manual__2024-10-10T09:49:57.048762+00:00, execution_date=20241010T094957, start_date=20241010T095007, end_date=20241010T095007
[2024-10-10T09:50:07.556+0000] {standard_task_runner.py:110} ERROR - Failed to execute job 1036 for task concat_data ((psycopg2.errors.UndefinedTable) relation "stock_categorical" does not exist
LINE 1: SELECT * FROM stock_categorical 
                      ^

[SQL: SELECT * FROM stock_categorical ]
(Background on this error at: https://sqlalche.me/e/14/f405); 2794)
[2024-10-10T09:50:07.592+0000] {local_task_job_runner.py:243} INFO - Task exited with return code 1
[2024-10-10T09:50:07.602+0000] {taskinstance.py:3503} INFO - 0 downstream tasks scheduled from follow-on schedule check
[2024-10-10T09:50:07.603+0000] {local_task_job_runner.py:222} INFO - ::endgroup::
