[2024-07-03T15:06:56.017+0000] {processor.py:161} INFO - Started process (PID=5398) to work on /opt/airflow/dags/sql.py
[2024-07-03T15:06:56.017+0000] {processor.py:830} INFO - Processing file /opt/airflow/dags/sql.py for tasks to queue
[2024-07-03T15:06:56.018+0000] {logging_mixin.py:188} INFO - [2024-07-03T15:06:56.018+0000] {dagbag.py:545} INFO - Filling up the DagBag from /opt/airflow/dags/sql.py
[2024-07-03T15:06:56.022+0000] {logging_mixin.py:188} INFO - [2024-07-03T15:06:56.020+0000] {dagbag.py:355} ERROR - Failed to import: /opt/airflow/dags/sql.py
Traceback (most recent call last):
  File "/home/airflow/.local/lib/python3.12/site-packages/airflow/utils/deprecation_tools.py", line 56, in getattr_with_deprecation
    return getattr(importlib.import_module(new_module), new_class_name)
                   ^^^^^^^^^^^^^^^^^^^^^^^^^^^^^^^^^^^
  File "/usr/local/lib/python3.12/importlib/__init__.py", line 90, in import_module
    return _bootstrap._gcd_import(name[level:], package, level)
           ^^^^^^^^^^^^^^^^^^^^^^^^^^^^^^^^^^^^^^^^^^^^^^^^^^^^
  File "<frozen importlib._bootstrap>", line 1387, in _gcd_import
  File "<frozen importlib._bootstrap>", line 1360, in _find_and_load
  File "<frozen importlib._bootstrap>", line 1310, in _find_and_load_unlocked
  File "<frozen importlib._bootstrap>", line 488, in _call_with_frames_removed
  File "<frozen importlib._bootstrap>", line 1387, in _gcd_import
  File "<frozen importlib._bootstrap>", line 1360, in _find_and_load
  File "<frozen importlib._bootstrap>", line 1310, in _find_and_load_unlocked
  File "<frozen importlib._bootstrap>", line 488, in _call_with_frames_removed
  File "<frozen importlib._bootstrap>", line 1387, in _gcd_import
  File "<frozen importlib._bootstrap>", line 1360, in _find_and_load
  File "<frozen importlib._bootstrap>", line 1324, in _find_and_load_unlocked
ModuleNotFoundError: No module named 'airflow.providers.microsoft.mssql'

The above exception was the direct cause of the following exception:

Traceback (most recent call last):
  File "/home/airflow/.local/lib/python3.12/site-packages/airflow/models/dagbag.py", line 351, in parse
    loader.exec_module(new_module)
  File "<frozen importlib._bootstrap_external>", line 995, in exec_module
  File "<frozen importlib._bootstrap>", line 488, in _call_with_frames_removed
  File "/opt/airflow/dags/sql.py", line 10, in <module>
    from airflow.operators.mssql_operator import MsSqlOperator
  File "/home/airflow/.local/lib/python3.12/site-packages/airflow/utils/deprecation_tools.py", line 63, in getattr_with_deprecation
    raise ImportError(error_message) from e
ImportError: Could not import `airflow.providers.microsoft.mssql.operators.mssql.MsSqlOperator` while trying to import `airflow.operators.mssql_operator.MsSqlOperator`.
[2024-07-03T15:06:56.023+0000] {processor.py:842} WARNING - No viable dags retrieved from /opt/airflow/dags/sql.py
[2024-07-03T15:06:56.039+0000] {processor.py:183} INFO - Processing /opt/airflow/dags/sql.py took 0.025 seconds
[2024-07-03T15:07:26.638+0000] {processor.py:161} INFO - Started process (PID=5665) to work on /opt/airflow/dags/sql.py
[2024-07-03T15:07:26.639+0000] {processor.py:830} INFO - Processing file /opt/airflow/dags/sql.py for tasks to queue
[2024-07-03T15:07:26.640+0000] {logging_mixin.py:188} INFO - [2024-07-03T15:07:26.640+0000] {dagbag.py:545} INFO - Filling up the DagBag from /opt/airflow/dags/sql.py
[2024-07-03T15:07:26.644+0000] {logging_mixin.py:188} INFO - [2024-07-03T15:07:26.643+0000] {dagbag.py:355} ERROR - Failed to import: /opt/airflow/dags/sql.py
Traceback (most recent call last):
  File "/home/airflow/.local/lib/python3.12/site-packages/airflow/utils/deprecation_tools.py", line 56, in getattr_with_deprecation
    return getattr(importlib.import_module(new_module), new_class_name)
                   ^^^^^^^^^^^^^^^^^^^^^^^^^^^^^^^^^^^
  File "/usr/local/lib/python3.12/importlib/__init__.py", line 90, in import_module
    return _bootstrap._gcd_import(name[level:], package, level)
           ^^^^^^^^^^^^^^^^^^^^^^^^^^^^^^^^^^^^^^^^^^^^^^^^^^^^
  File "<frozen importlib._bootstrap>", line 1387, in _gcd_import
  File "<frozen importlib._bootstrap>", line 1360, in _find_and_load
  File "<frozen importlib._bootstrap>", line 1310, in _find_and_load_unlocked
  File "<frozen importlib._bootstrap>", line 488, in _call_with_frames_removed
  File "<frozen importlib._bootstrap>", line 1387, in _gcd_import
  File "<frozen importlib._bootstrap>", line 1360, in _find_and_load
  File "<frozen importlib._bootstrap>", line 1310, in _find_and_load_unlocked
  File "<frozen importlib._bootstrap>", line 488, in _call_with_frames_removed
  File "<frozen importlib._bootstrap>", line 1387, in _gcd_import
  File "<frozen importlib._bootstrap>", line 1360, in _find_and_load
  File "<frozen importlib._bootstrap>", line 1324, in _find_and_load_unlocked
ModuleNotFoundError: No module named 'airflow.providers.microsoft.mssql'

The above exception was the direct cause of the following exception:

Traceback (most recent call last):
  File "/home/airflow/.local/lib/python3.12/site-packages/airflow/models/dagbag.py", line 351, in parse
    loader.exec_module(new_module)
  File "<frozen importlib._bootstrap_external>", line 995, in exec_module
  File "<frozen importlib._bootstrap>", line 488, in _call_with_frames_removed
  File "/opt/airflow/dags/sql.py", line 10, in <module>
    from airflow.operators.mssql_operator import MsSqlOperator
  File "/home/airflow/.local/lib/python3.12/site-packages/airflow/utils/deprecation_tools.py", line 63, in getattr_with_deprecation
    raise ImportError(error_message) from e
ImportError: Could not import `airflow.providers.microsoft.mssql.operators.mssql.MsSqlOperator` while trying to import `airflow.operators.mssql_operator.MsSqlOperator`.
[2024-07-03T15:07:26.645+0000] {processor.py:842} WARNING - No viable dags retrieved from /opt/airflow/dags/sql.py
[2024-07-03T15:07:26.653+0000] {processor.py:183} INFO - Processing /opt/airflow/dags/sql.py took 0.021 seconds
[2024-07-03T15:07:56.777+0000] {processor.py:161} INFO - Started process (PID=5932) to work on /opt/airflow/dags/sql.py
[2024-07-03T15:07:56.778+0000] {processor.py:830} INFO - Processing file /opt/airflow/dags/sql.py for tasks to queue
[2024-07-03T15:07:56.779+0000] {logging_mixin.py:188} INFO - [2024-07-03T15:07:56.778+0000] {dagbag.py:545} INFO - Filling up the DagBag from /opt/airflow/dags/sql.py
[2024-07-03T15:07:56.782+0000] {logging_mixin.py:188} INFO - [2024-07-03T15:07:56.781+0000] {dagbag.py:355} ERROR - Failed to import: /opt/airflow/dags/sql.py
Traceback (most recent call last):
  File "/home/airflow/.local/lib/python3.12/site-packages/airflow/utils/deprecation_tools.py", line 56, in getattr_with_deprecation
    return getattr(importlib.import_module(new_module), new_class_name)
                   ^^^^^^^^^^^^^^^^^^^^^^^^^^^^^^^^^^^
  File "/usr/local/lib/python3.12/importlib/__init__.py", line 90, in import_module
    return _bootstrap._gcd_import(name[level:], package, level)
           ^^^^^^^^^^^^^^^^^^^^^^^^^^^^^^^^^^^^^^^^^^^^^^^^^^^^
  File "<frozen importlib._bootstrap>", line 1387, in _gcd_import
  File "<frozen importlib._bootstrap>", line 1360, in _find_and_load
  File "<frozen importlib._bootstrap>", line 1310, in _find_and_load_unlocked
  File "<frozen importlib._bootstrap>", line 488, in _call_with_frames_removed
  File "<frozen importlib._bootstrap>", line 1387, in _gcd_import
  File "<frozen importlib._bootstrap>", line 1360, in _find_and_load
  File "<frozen importlib._bootstrap>", line 1310, in _find_and_load_unlocked
  File "<frozen importlib._bootstrap>", line 488, in _call_with_frames_removed
  File "<frozen importlib._bootstrap>", line 1387, in _gcd_import
  File "<frozen importlib._bootstrap>", line 1360, in _find_and_load
  File "<frozen importlib._bootstrap>", line 1324, in _find_and_load_unlocked
ModuleNotFoundError: No module named 'airflow.providers.microsoft.mssql'

The above exception was the direct cause of the following exception:

Traceback (most recent call last):
  File "/home/airflow/.local/lib/python3.12/site-packages/airflow/models/dagbag.py", line 351, in parse
    loader.exec_module(new_module)
  File "<frozen importlib._bootstrap_external>", line 995, in exec_module
  File "<frozen importlib._bootstrap>", line 488, in _call_with_frames_removed
  File "/opt/airflow/dags/sql.py", line 10, in <module>
    from airflow.operators.mssql_operator import MsSqlOperator
  File "/home/airflow/.local/lib/python3.12/site-packages/airflow/utils/deprecation_tools.py", line 63, in getattr_with_deprecation
    raise ImportError(error_message) from e
ImportError: Could not import `airflow.providers.microsoft.mssql.operators.mssql.MsSqlOperator` while trying to import `airflow.operators.mssql_operator.MsSqlOperator`.
[2024-07-03T15:07:56.782+0000] {processor.py:842} WARNING - No viable dags retrieved from /opt/airflow/dags/sql.py
[2024-07-03T15:07:56.790+0000] {processor.py:183} INFO - Processing /opt/airflow/dags/sql.py took 0.017 seconds
[2024-07-03T15:08:27.670+0000] {processor.py:161} INFO - Started process (PID=6199) to work on /opt/airflow/dags/sql.py
[2024-07-03T15:08:27.670+0000] {processor.py:830} INFO - Processing file /opt/airflow/dags/sql.py for tasks to queue
[2024-07-03T15:08:27.671+0000] {logging_mixin.py:188} INFO - [2024-07-03T15:08:27.671+0000] {dagbag.py:545} INFO - Filling up the DagBag from /opt/airflow/dags/sql.py
[2024-07-03T15:08:27.674+0000] {logging_mixin.py:188} INFO - [2024-07-03T15:08:27.673+0000] {dagbag.py:355} ERROR - Failed to import: /opt/airflow/dags/sql.py
Traceback (most recent call last):
  File "/home/airflow/.local/lib/python3.12/site-packages/airflow/utils/deprecation_tools.py", line 56, in getattr_with_deprecation
    return getattr(importlib.import_module(new_module), new_class_name)
                   ^^^^^^^^^^^^^^^^^^^^^^^^^^^^^^^^^^^
  File "/usr/local/lib/python3.12/importlib/__init__.py", line 90, in import_module
    return _bootstrap._gcd_import(name[level:], package, level)
           ^^^^^^^^^^^^^^^^^^^^^^^^^^^^^^^^^^^^^^^^^^^^^^^^^^^^
  File "<frozen importlib._bootstrap>", line 1387, in _gcd_import
  File "<frozen importlib._bootstrap>", line 1360, in _find_and_load
  File "<frozen importlib._bootstrap>", line 1310, in _find_and_load_unlocked
  File "<frozen importlib._bootstrap>", line 488, in _call_with_frames_removed
  File "<frozen importlib._bootstrap>", line 1387, in _gcd_import
  File "<frozen importlib._bootstrap>", line 1360, in _find_and_load
  File "<frozen importlib._bootstrap>", line 1310, in _find_and_load_unlocked
  File "<frozen importlib._bootstrap>", line 488, in _call_with_frames_removed
  File "<frozen importlib._bootstrap>", line 1387, in _gcd_import
  File "<frozen importlib._bootstrap>", line 1360, in _find_and_load
  File "<frozen importlib._bootstrap>", line 1324, in _find_and_load_unlocked
ModuleNotFoundError: No module named 'airflow.providers.microsoft.mssql'

The above exception was the direct cause of the following exception:

Traceback (most recent call last):
  File "/home/airflow/.local/lib/python3.12/site-packages/airflow/models/dagbag.py", line 351, in parse
    loader.exec_module(new_module)
  File "<frozen importlib._bootstrap_external>", line 995, in exec_module
  File "<frozen importlib._bootstrap>", line 488, in _call_with_frames_removed
  File "/opt/airflow/dags/sql.py", line 10, in <module>
    from airflow.operators.mssql_operator import MsSqlOperator
  File "/home/airflow/.local/lib/python3.12/site-packages/airflow/utils/deprecation_tools.py", line 63, in getattr_with_deprecation
    raise ImportError(error_message) from e
ImportError: Could not import `airflow.providers.microsoft.mssql.operators.mssql.MsSqlOperator` while trying to import `airflow.operators.mssql_operator.MsSqlOperator`.
[2024-07-03T15:08:27.674+0000] {processor.py:842} WARNING - No viable dags retrieved from /opt/airflow/dags/sql.py
[2024-07-03T15:08:27.683+0000] {processor.py:183} INFO - Processing /opt/airflow/dags/sql.py took 0.016 seconds
[2024-07-03T15:08:50.155+0000] {processor.py:161} INFO - Started process (PID=6466) to work on /opt/airflow/dags/sql.py
[2024-07-03T15:08:50.156+0000] {processor.py:830} INFO - Processing file /opt/airflow/dags/sql.py for tasks to queue
[2024-07-03T15:08:50.157+0000] {logging_mixin.py:188} INFO - [2024-07-03T15:08:50.157+0000] {dagbag.py:545} INFO - Filling up the DagBag from /opt/airflow/dags/sql.py
[2024-07-03T15:08:50.161+0000] {processor.py:840} INFO - DAG(s) 'dag_with_postgres_operator_v03' retrieved from /opt/airflow/dags/sql.py
[2024-07-03T15:08:50.201+0000] {logging_mixin.py:188} INFO - [2024-07-03T15:08:50.201+0000] {dag.py:3096} INFO - Sync 1 DAGs
[2024-07-03T15:08:50.209+0000] {logging_mixin.py:188} INFO - [2024-07-03T15:08:50.209+0000] {dag.py:3954} INFO - Setting next_dagrun for dag_with_postgres_operator_v03 to 2024-01-16 00:00:00+00:00, run_after=2024-01-17 00:00:00+00:00
[2024-07-03T15:08:50.217+0000] {processor.py:183} INFO - Processing /opt/airflow/dags/sql.py took 0.064 seconds
[2024-07-03T15:09:20.777+0000] {processor.py:161} INFO - Started process (PID=6732) to work on /opt/airflow/dags/sql.py
[2024-07-03T15:09:20.778+0000] {processor.py:830} INFO - Processing file /opt/airflow/dags/sql.py for tasks to queue
[2024-07-03T15:09:20.779+0000] {logging_mixin.py:188} INFO - [2024-07-03T15:09:20.779+0000] {dagbag.py:545} INFO - Filling up the DagBag from /opt/airflow/dags/sql.py
[2024-07-03T15:09:20.784+0000] {processor.py:840} INFO - DAG(s) 'dag_with_postgres_operator_v03' retrieved from /opt/airflow/dags/sql.py
[2024-07-03T15:09:20.792+0000] {logging_mixin.py:188} INFO - [2024-07-03T15:09:20.792+0000] {dag.py:3096} INFO - Sync 1 DAGs
[2024-07-03T15:09:20.801+0000] {logging_mixin.py:188} INFO - [2024-07-03T15:09:20.801+0000] {dag.py:3954} INFO - Setting next_dagrun for dag_with_postgres_operator_v03 to 2024-01-16 00:00:00+00:00, run_after=2024-01-17 00:00:00+00:00
[2024-07-03T15:09:20.807+0000] {processor.py:183} INFO - Processing /opt/airflow/dags/sql.py took 0.035 seconds
[2024-07-03T15:09:51.262+0000] {processor.py:161} INFO - Started process (PID=6999) to work on /opt/airflow/dags/sql.py
[2024-07-03T15:09:51.263+0000] {processor.py:830} INFO - Processing file /opt/airflow/dags/sql.py for tasks to queue
[2024-07-03T15:09:51.264+0000] {logging_mixin.py:188} INFO - [2024-07-03T15:09:51.264+0000] {dagbag.py:545} INFO - Filling up the DagBag from /opt/airflow/dags/sql.py
[2024-07-03T15:09:51.268+0000] {processor.py:840} INFO - DAG(s) 'dag_with_postgres_operator_v03' retrieved from /opt/airflow/dags/sql.py
[2024-07-03T15:09:51.278+0000] {logging_mixin.py:188} INFO - [2024-07-03T15:09:51.278+0000] {dag.py:3096} INFO - Sync 1 DAGs
[2024-07-03T15:09:51.286+0000] {logging_mixin.py:188} INFO - [2024-07-03T15:09:51.286+0000] {dag.py:3954} INFO - Setting next_dagrun for dag_with_postgres_operator_v03 to 2024-01-16 00:00:00+00:00, run_after=2024-01-17 00:00:00+00:00
[2024-07-03T15:09:51.293+0000] {processor.py:183} INFO - Processing /opt/airflow/dags/sql.py took 0.036 seconds
[2024-07-03T15:10:12.880+0000] {processor.py:161} INFO - Started process (PID=7260) to work on /opt/airflow/dags/sql.py
[2024-07-03T15:10:12.881+0000] {processor.py:830} INFO - Processing file /opt/airflow/dags/sql.py for tasks to queue
[2024-07-03T15:10:12.881+0000] {logging_mixin.py:188} INFO - [2024-07-03T15:10:12.881+0000] {dagbag.py:545} INFO - Filling up the DagBag from /opt/airflow/dags/sql.py
[2024-07-03T15:10:12.886+0000] {processor.py:840} INFO - DAG(s) 'dag_with_postgres_operator_v03' retrieved from /opt/airflow/dags/sql.py
[2024-07-03T15:10:12.924+0000] {logging_mixin.py:188} INFO - [2024-07-03T15:10:12.924+0000] {dag.py:3096} INFO - Sync 1 DAGs
[2024-07-03T15:10:12.931+0000] {logging_mixin.py:188} INFO - [2024-07-03T15:10:12.931+0000] {dag.py:3954} INFO - Setting next_dagrun for dag_with_postgres_operator_v03 to 2024-01-16 00:00:00+00:00, run_after=2024-01-17 00:00:00+00:00
[2024-07-03T15:10:12.938+0000] {processor.py:183} INFO - Processing /opt/airflow/dags/sql.py took 0.060 seconds
[2024-07-03T15:10:29.045+0000] {processor.py:161} INFO - Started process (PID=7271) to work on /opt/airflow/dags/sql.py
[2024-07-03T15:10:29.046+0000] {processor.py:830} INFO - Processing file /opt/airflow/dags/sql.py for tasks to queue
[2024-07-03T15:10:29.047+0000] {logging_mixin.py:188} INFO - [2024-07-03T15:10:29.047+0000] {dagbag.py:545} INFO - Filling up the DagBag from /opt/airflow/dags/sql.py
[2024-07-03T15:10:29.055+0000] {processor.py:840} INFO - DAG(s) 'dag_with_postgres_operator_v03' retrieved from /opt/airflow/dags/sql.py
[2024-07-03T15:10:29.060+0000] {logging_mixin.py:188} INFO - [2024-07-03T15:10:29.060+0000] {dag.py:3096} INFO - Sync 1 DAGs
[2024-07-03T15:10:29.070+0000] {logging_mixin.py:188} INFO - [2024-07-03T15:10:29.070+0000] {dag.py:3954} INFO - Setting next_dagrun for dag_with_postgres_operator_v03 to 2024-07-01 00:00:00+00:00, run_after=2024-07-02 00:00:00+00:00
[2024-07-03T15:10:29.077+0000] {processor.py:183} INFO - Processing /opt/airflow/dags/sql.py took 0.037 seconds
[2024-07-03T15:10:46.432+0000] {processor.py:161} INFO - Started process (PID=7532) to work on /opt/airflow/dags/sql.py
[2024-07-03T15:10:46.433+0000] {processor.py:830} INFO - Processing file /opt/airflow/dags/sql.py for tasks to queue
[2024-07-03T15:10:46.435+0000] {logging_mixin.py:188} INFO - [2024-07-03T15:10:46.435+0000] {dagbag.py:545} INFO - Filling up the DagBag from /opt/airflow/dags/sql.py
[2024-07-03T15:10:46.440+0000] {processor.py:840} INFO - DAG(s) 'dag_with_postgres_operator_v03' retrieved from /opt/airflow/dags/sql.py
[2024-07-03T15:10:46.480+0000] {logging_mixin.py:188} INFO - [2024-07-03T15:10:46.480+0000] {dag.py:3096} INFO - Sync 1 DAGs
[2024-07-03T15:10:46.487+0000] {logging_mixin.py:188} INFO - [2024-07-03T15:10:46.487+0000] {dag.py:3954} INFO - Setting next_dagrun for dag_with_postgres_operator_v03 to 2024-07-01 00:00:00+00:00, run_after=2024-07-02 00:00:00+00:00
[2024-07-03T15:10:46.493+0000] {processor.py:183} INFO - Processing /opt/airflow/dags/sql.py took 0.066 seconds
[2024-07-03T15:11:16.960+0000] {processor.py:161} INFO - Started process (PID=7799) to work on /opt/airflow/dags/sql.py
[2024-07-03T15:11:16.961+0000] {processor.py:830} INFO - Processing file /opt/airflow/dags/sql.py for tasks to queue
[2024-07-03T15:11:16.962+0000] {logging_mixin.py:188} INFO - [2024-07-03T15:11:16.962+0000] {dagbag.py:545} INFO - Filling up the DagBag from /opt/airflow/dags/sql.py
[2024-07-03T15:11:16.966+0000] {processor.py:840} INFO - DAG(s) 'dag_with_postgres_operator_v03' retrieved from /opt/airflow/dags/sql.py
[2024-07-03T15:11:16.975+0000] {logging_mixin.py:188} INFO - [2024-07-03T15:11:16.975+0000] {dag.py:3096} INFO - Sync 1 DAGs
[2024-07-03T15:11:16.983+0000] {logging_mixin.py:188} INFO - [2024-07-03T15:11:16.983+0000] {dag.py:3954} INFO - Setting next_dagrun for dag_with_postgres_operator_v03 to 2024-07-01 00:00:00+00:00, run_after=2024-07-02 00:00:00+00:00
[2024-07-03T15:11:16.989+0000] {processor.py:183} INFO - Processing /opt/airflow/dags/sql.py took 0.033 seconds
[2024-07-03T15:11:47.454+0000] {processor.py:161} INFO - Started process (PID=8066) to work on /opt/airflow/dags/sql.py
[2024-07-03T15:11:47.455+0000] {processor.py:830} INFO - Processing file /opt/airflow/dags/sql.py for tasks to queue
[2024-07-03T15:11:47.456+0000] {logging_mixin.py:188} INFO - [2024-07-03T15:11:47.456+0000] {dagbag.py:545} INFO - Filling up the DagBag from /opt/airflow/dags/sql.py
[2024-07-03T15:11:47.460+0000] {processor.py:840} INFO - DAG(s) 'dag_with_postgres_operator_v03' retrieved from /opt/airflow/dags/sql.py
[2024-07-03T15:11:47.469+0000] {logging_mixin.py:188} INFO - [2024-07-03T15:11:47.469+0000] {dag.py:3096} INFO - Sync 1 DAGs
[2024-07-03T15:11:47.478+0000] {logging_mixin.py:188} INFO - [2024-07-03T15:11:47.477+0000] {dag.py:3954} INFO - Setting next_dagrun for dag_with_postgres_operator_v03 to 2024-07-01 00:00:00+00:00, run_after=2024-07-02 00:00:00+00:00
[2024-07-03T15:11:47.484+0000] {processor.py:183} INFO - Processing /opt/airflow/dags/sql.py took 0.034 seconds
[2024-07-03T15:11:56.555+0000] {processor.py:161} INFO - Started process (PID=8076) to work on /opt/airflow/dags/sql.py
[2024-07-03T15:11:56.556+0000] {processor.py:830} INFO - Processing file /opt/airflow/dags/sql.py for tasks to queue
[2024-07-03T15:11:56.557+0000] {logging_mixin.py:188} INFO - [2024-07-03T15:11:56.556+0000] {dagbag.py:545} INFO - Filling up the DagBag from /opt/airflow/dags/sql.py
[2024-07-03T15:11:56.562+0000] {processor.py:840} INFO - DAG(s) 'dag_with_postgres_operator_v03' retrieved from /opt/airflow/dags/sql.py
[2024-07-03T15:11:56.607+0000] {logging_mixin.py:188} INFO - [2024-07-03T15:11:56.607+0000] {dag.py:3096} INFO - Sync 1 DAGs
[2024-07-03T15:11:56.681+0000] {logging_mixin.py:188} INFO - [2024-07-03T15:11:56.681+0000] {dag.py:3954} INFO - Setting next_dagrun for dag_with_postgres_operator_v03 to None, run_after=None
[2024-07-03T15:11:56.689+0000] {processor.py:183} INFO - Processing /opt/airflow/dags/sql.py took 0.137 seconds
[2024-07-03T15:12:27.249+0000] {processor.py:161} INFO - Started process (PID=8348) to work on /opt/airflow/dags/sql.py
[2024-07-03T15:12:27.250+0000] {processor.py:830} INFO - Processing file /opt/airflow/dags/sql.py for tasks to queue
[2024-07-03T15:12:27.254+0000] {logging_mixin.py:188} INFO - [2024-07-03T15:12:27.253+0000] {dagbag.py:545} INFO - Filling up the DagBag from /opt/airflow/dags/sql.py
[2024-07-03T15:12:27.258+0000] {processor.py:840} INFO - DAG(s) 'dag_with_postgres_operator_v03' retrieved from /opt/airflow/dags/sql.py
[2024-07-03T15:12:27.267+0000] {logging_mixin.py:188} INFO - [2024-07-03T15:12:27.267+0000] {dag.py:3096} INFO - Sync 1 DAGs
[2024-07-03T15:12:27.273+0000] {logging_mixin.py:188} INFO - [2024-07-03T15:12:27.273+0000] {dag.py:3954} INFO - Setting next_dagrun for dag_with_postgres_operator_v03 to None, run_after=None
[2024-07-03T15:12:27.279+0000] {processor.py:183} INFO - Processing /opt/airflow/dags/sql.py took 0.037 seconds
[2024-07-03T15:12:34.353+0000] {processor.py:161} INFO - Started process (PID=8358) to work on /opt/airflow/dags/sql.py
[2024-07-03T15:12:34.354+0000] {processor.py:830} INFO - Processing file /opt/airflow/dags/sql.py for tasks to queue
[2024-07-03T15:12:34.355+0000] {logging_mixin.py:188} INFO - [2024-07-03T15:12:34.355+0000] {dagbag.py:545} INFO - Filling up the DagBag from /opt/airflow/dags/sql.py
[2024-07-03T15:12:34.360+0000] {processor.py:840} INFO - DAG(s) 'dag_with_postgres_operator_v03' retrieved from /opt/airflow/dags/sql.py
[2024-07-03T15:12:34.399+0000] {logging_mixin.py:188} INFO - [2024-07-03T15:12:34.399+0000] {dag.py:3096} INFO - Sync 1 DAGs
[2024-07-03T15:12:34.404+0000] {logging_mixin.py:188} INFO - [2024-07-03T15:12:34.404+0000] {dag.py:3954} INFO - Setting next_dagrun for dag_with_postgres_operator_v03 to None, run_after=None
[2024-07-03T15:12:34.472+0000] {processor.py:183} INFO - Processing /opt/airflow/dags/sql.py took 0.123 seconds
[2024-07-03T15:12:47.748+0000] {processor.py:161} INFO - Started process (PID=8619) to work on /opt/airflow/dags/sql.py
[2024-07-03T15:12:47.749+0000] {processor.py:830} INFO - Processing file /opt/airflow/dags/sql.py for tasks to queue
[2024-07-03T15:12:47.750+0000] {logging_mixin.py:188} INFO - [2024-07-03T15:12:47.750+0000] {dagbag.py:545} INFO - Filling up the DagBag from /opt/airflow/dags/sql.py
[2024-07-03T15:12:47.755+0000] {processor.py:840} INFO - DAG(s) 'dag_with_postgres_operator_v03' retrieved from /opt/airflow/dags/sql.py
[2024-07-03T15:12:47.760+0000] {logging_mixin.py:188} INFO - [2024-07-03T15:12:47.760+0000] {dag.py:3096} INFO - Sync 1 DAGs
[2024-07-03T15:12:47.765+0000] {logging_mixin.py:188} INFO - [2024-07-03T15:12:47.765+0000] {dag.py:3954} INFO - Setting next_dagrun for dag_with_postgres_operator_v03 to None, run_after=None
[2024-07-03T15:12:47.772+0000] {processor.py:183} INFO - Processing /opt/airflow/dags/sql.py took 0.029 seconds
[2024-07-03T15:13:18.225+0000] {processor.py:161} INFO - Started process (PID=8891) to work on /opt/airflow/dags/sql.py
[2024-07-03T15:13:18.225+0000] {processor.py:830} INFO - Processing file /opt/airflow/dags/sql.py for tasks to queue
[2024-07-03T15:13:18.226+0000] {logging_mixin.py:188} INFO - [2024-07-03T15:13:18.226+0000] {dagbag.py:545} INFO - Filling up the DagBag from /opt/airflow/dags/sql.py
[2024-07-03T15:13:18.231+0000] {processor.py:840} INFO - DAG(s) 'dag_with_postgres_operator_v03' retrieved from /opt/airflow/dags/sql.py
[2024-07-03T15:13:18.239+0000] {logging_mixin.py:188} INFO - [2024-07-03T15:13:18.239+0000] {dag.py:3096} INFO - Sync 1 DAGs
[2024-07-03T15:13:18.245+0000] {logging_mixin.py:188} INFO - [2024-07-03T15:13:18.245+0000] {dag.py:3954} INFO - Setting next_dagrun for dag_with_postgres_operator_v03 to None, run_after=None
[2024-07-03T15:13:18.251+0000] {processor.py:183} INFO - Processing /opt/airflow/dags/sql.py took 0.031 seconds
[2024-07-03T15:13:48.691+0000] {processor.py:161} INFO - Started process (PID=9166) to work on /opt/airflow/dags/sql.py
[2024-07-03T15:13:48.692+0000] {processor.py:830} INFO - Processing file /opt/airflow/dags/sql.py for tasks to queue
[2024-07-03T15:13:48.693+0000] {logging_mixin.py:188} INFO - [2024-07-03T15:13:48.693+0000] {dagbag.py:545} INFO - Filling up the DagBag from /opt/airflow/dags/sql.py
[2024-07-03T15:13:48.699+0000] {processor.py:840} INFO - DAG(s) 'dag_with_postgres_operator_v03' retrieved from /opt/airflow/dags/sql.py
[2024-07-03T15:13:48.730+0000] {logging_mixin.py:188} INFO - [2024-07-03T15:13:48.730+0000] {dag.py:3096} INFO - Sync 1 DAGs
[2024-07-03T15:13:48.757+0000] {logging_mixin.py:188} INFO - [2024-07-03T15:13:48.757+0000] {dag.py:3954} INFO - Setting next_dagrun for dag_with_postgres_operator_v03 to None, run_after=None
[2024-07-03T15:13:48.770+0000] {processor.py:183} INFO - Processing /opt/airflow/dags/sql.py took 0.085 seconds
[2024-07-03T15:14:18.818+0000] {processor.py:161} INFO - Started process (PID=9438) to work on /opt/airflow/dags/sql.py
[2024-07-03T15:14:18.819+0000] {processor.py:830} INFO - Processing file /opt/airflow/dags/sql.py for tasks to queue
[2024-07-03T15:14:18.820+0000] {logging_mixin.py:188} INFO - [2024-07-03T15:14:18.820+0000] {dagbag.py:545} INFO - Filling up the DagBag from /opt/airflow/dags/sql.py
[2024-07-03T15:14:18.823+0000] {processor.py:840} INFO - DAG(s) 'dag_with_postgres_operator_v03' retrieved from /opt/airflow/dags/sql.py
[2024-07-03T15:14:18.832+0000] {logging_mixin.py:188} INFO - [2024-07-03T15:14:18.832+0000] {dag.py:3096} INFO - Sync 1 DAGs
[2024-07-03T15:14:18.837+0000] {logging_mixin.py:188} INFO - [2024-07-03T15:14:18.837+0000] {dag.py:3954} INFO - Setting next_dagrun for dag_with_postgres_operator_v03 to None, run_after=None
[2024-07-03T15:14:18.843+0000] {processor.py:183} INFO - Processing /opt/airflow/dags/sql.py took 0.030 seconds
[2024-07-03T15:14:49.494+0000] {processor.py:161} INFO - Started process (PID=9712) to work on /opt/airflow/dags/sql.py
[2024-07-03T15:14:49.494+0000] {processor.py:830} INFO - Processing file /opt/airflow/dags/sql.py for tasks to queue
[2024-07-03T15:14:49.495+0000] {logging_mixin.py:188} INFO - [2024-07-03T15:14:49.495+0000] {dagbag.py:545} INFO - Filling up the DagBag from /opt/airflow/dags/sql.py
[2024-07-03T15:14:49.498+0000] {processor.py:840} INFO - DAG(s) 'dag_with_postgres_operator_v03' retrieved from /opt/airflow/dags/sql.py
[2024-07-03T15:14:49.506+0000] {logging_mixin.py:188} INFO - [2024-07-03T15:14:49.506+0000] {dag.py:3096} INFO - Sync 1 DAGs
[2024-07-03T15:14:49.511+0000] {logging_mixin.py:188} INFO - [2024-07-03T15:14:49.511+0000] {dag.py:3954} INFO - Setting next_dagrun for dag_with_postgres_operator_v03 to None, run_after=None
[2024-07-03T15:14:49.578+0000] {processor.py:183} INFO - Processing /opt/airflow/dags/sql.py took 0.087 seconds
[2024-07-03T15:15:19.855+0000] {processor.py:161} INFO - Started process (PID=9984) to work on /opt/airflow/dags/sql.py
[2024-07-03T15:15:19.856+0000] {processor.py:830} INFO - Processing file /opt/airflow/dags/sql.py for tasks to queue
[2024-07-03T15:15:19.857+0000] {logging_mixin.py:188} INFO - [2024-07-03T15:15:19.857+0000] {dagbag.py:545} INFO - Filling up the DagBag from /opt/airflow/dags/sql.py
[2024-07-03T15:15:19.861+0000] {processor.py:840} INFO - DAG(s) 'dag_with_postgres_operator_v03' retrieved from /opt/airflow/dags/sql.py
[2024-07-03T15:15:19.869+0000] {logging_mixin.py:188} INFO - [2024-07-03T15:15:19.869+0000] {dag.py:3096} INFO - Sync 1 DAGs
[2024-07-03T15:15:19.874+0000] {logging_mixin.py:188} INFO - [2024-07-03T15:15:19.874+0000] {dag.py:3954} INFO - Setting next_dagrun for dag_with_postgres_operator_v03 to None, run_after=None
[2024-07-03T15:15:19.880+0000] {processor.py:183} INFO - Processing /opt/airflow/dags/sql.py took 0.031 seconds
[2024-07-03T15:15:50.628+0000] {processor.py:161} INFO - Started process (PID=10262) to work on /opt/airflow/dags/sql.py
[2024-07-03T15:15:50.629+0000] {processor.py:830} INFO - Processing file /opt/airflow/dags/sql.py for tasks to queue
[2024-07-03T15:15:50.630+0000] {logging_mixin.py:188} INFO - [2024-07-03T15:15:50.629+0000] {dagbag.py:545} INFO - Filling up the DagBag from /opt/airflow/dags/sql.py
[2024-07-03T15:15:50.633+0000] {processor.py:840} INFO - DAG(s) 'dag_with_postgres_operator_v03' retrieved from /opt/airflow/dags/sql.py
[2024-07-03T15:15:50.641+0000] {logging_mixin.py:188} INFO - [2024-07-03T15:15:50.641+0000] {dag.py:3096} INFO - Sync 1 DAGs
[2024-07-03T15:15:50.646+0000] {logging_mixin.py:188} INFO - [2024-07-03T15:15:50.646+0000] {dag.py:3954} INFO - Setting next_dagrun for dag_with_postgres_operator_v03 to None, run_after=None
[2024-07-03T15:15:50.653+0000] {processor.py:183} INFO - Processing /opt/airflow/dags/sql.py took 0.029 seconds
[2024-07-03T15:16:21.049+0000] {processor.py:161} INFO - Started process (PID=10534) to work on /opt/airflow/dags/sql.py
[2024-07-03T15:16:21.049+0000] {processor.py:830} INFO - Processing file /opt/airflow/dags/sql.py for tasks to queue
[2024-07-03T15:16:21.051+0000] {logging_mixin.py:188} INFO - [2024-07-03T15:16:21.050+0000] {dagbag.py:545} INFO - Filling up the DagBag from /opt/airflow/dags/sql.py
[2024-07-03T15:16:21.054+0000] {processor.py:840} INFO - DAG(s) 'dag_with_postgres_operator_v03' retrieved from /opt/airflow/dags/sql.py
[2024-07-03T15:16:21.063+0000] {logging_mixin.py:188} INFO - [2024-07-03T15:16:21.063+0000] {dag.py:3096} INFO - Sync 1 DAGs
[2024-07-03T15:16:21.068+0000] {logging_mixin.py:188} INFO - [2024-07-03T15:16:21.068+0000] {dag.py:3954} INFO - Setting next_dagrun for dag_with_postgres_operator_v03 to None, run_after=None
[2024-07-03T15:16:21.075+0000] {processor.py:183} INFO - Processing /opt/airflow/dags/sql.py took 0.032 seconds
[2024-07-03T15:16:51.891+0000] {processor.py:161} INFO - Started process (PID=10809) to work on /opt/airflow/dags/sql.py
[2024-07-03T15:16:51.892+0000] {processor.py:830} INFO - Processing file /opt/airflow/dags/sql.py for tasks to queue
[2024-07-03T15:16:51.893+0000] {logging_mixin.py:188} INFO - [2024-07-03T15:16:51.892+0000] {dagbag.py:545} INFO - Filling up the DagBag from /opt/airflow/dags/sql.py
[2024-07-03T15:16:51.896+0000] {processor.py:840} INFO - DAG(s) 'dag_with_postgres_operator_v03' retrieved from /opt/airflow/dags/sql.py
[2024-07-03T15:16:51.969+0000] {logging_mixin.py:188} INFO - [2024-07-03T15:16:51.968+0000] {dag.py:3096} INFO - Sync 1 DAGs
[2024-07-03T15:16:51.973+0000] {logging_mixin.py:188} INFO - [2024-07-03T15:16:51.973+0000] {dag.py:3954} INFO - Setting next_dagrun for dag_with_postgres_operator_v03 to None, run_after=None
[2024-07-03T15:16:51.979+0000] {processor.py:183} INFO - Processing /opt/airflow/dags/sql.py took 0.092 seconds
[2024-07-03T15:17:22.461+0000] {processor.py:161} INFO - Started process (PID=11080) to work on /opt/airflow/dags/sql.py
[2024-07-03T15:17:22.462+0000] {processor.py:830} INFO - Processing file /opt/airflow/dags/sql.py for tasks to queue
[2024-07-03T15:17:22.463+0000] {logging_mixin.py:188} INFO - [2024-07-03T15:17:22.463+0000] {dagbag.py:545} INFO - Filling up the DagBag from /opt/airflow/dags/sql.py
[2024-07-03T15:17:22.467+0000] {processor.py:840} INFO - DAG(s) 'dag_with_postgres_operator_v03' retrieved from /opt/airflow/dags/sql.py
[2024-07-03T15:17:22.475+0000] {logging_mixin.py:188} INFO - [2024-07-03T15:17:22.475+0000] {dag.py:3096} INFO - Sync 1 DAGs
[2024-07-03T15:17:22.480+0000] {logging_mixin.py:188} INFO - [2024-07-03T15:17:22.480+0000] {dag.py:3954} INFO - Setting next_dagrun for dag_with_postgres_operator_v03 to None, run_after=None
[2024-07-03T15:17:22.487+0000] {processor.py:183} INFO - Processing /opt/airflow/dags/sql.py took 0.028 seconds
[2024-07-03T15:17:52.973+0000] {processor.py:161} INFO - Started process (PID=11355) to work on /opt/airflow/dags/sql.py
[2024-07-03T15:17:52.974+0000] {processor.py:830} INFO - Processing file /opt/airflow/dags/sql.py for tasks to queue
[2024-07-03T15:17:52.975+0000] {logging_mixin.py:188} INFO - [2024-07-03T15:17:52.975+0000] {dagbag.py:545} INFO - Filling up the DagBag from /opt/airflow/dags/sql.py
[2024-07-03T15:17:52.978+0000] {processor.py:840} INFO - DAG(s) 'dag_with_postgres_operator_v03' retrieved from /opt/airflow/dags/sql.py
[2024-07-03T15:17:52.987+0000] {logging_mixin.py:188} INFO - [2024-07-03T15:17:52.987+0000] {dag.py:3096} INFO - Sync 1 DAGs
[2024-07-03T15:17:52.992+0000] {logging_mixin.py:188} INFO - [2024-07-03T15:17:52.992+0000] {dag.py:3954} INFO - Setting next_dagrun for dag_with_postgres_operator_v03 to None, run_after=None
[2024-07-03T15:17:52.998+0000] {processor.py:183} INFO - Processing /opt/airflow/dags/sql.py took 0.027 seconds
[2024-07-03T15:18:23.419+0000] {processor.py:161} INFO - Started process (PID=11627) to work on /opt/airflow/dags/sql.py
[2024-07-03T15:18:23.419+0000] {processor.py:830} INFO - Processing file /opt/airflow/dags/sql.py for tasks to queue
[2024-07-03T15:18:23.420+0000] {logging_mixin.py:188} INFO - [2024-07-03T15:18:23.420+0000] {dagbag.py:545} INFO - Filling up the DagBag from /opt/airflow/dags/sql.py
[2024-07-03T15:18:23.424+0000] {processor.py:840} INFO - DAG(s) 'dag_with_postgres_operator_v03' retrieved from /opt/airflow/dags/sql.py
[2024-07-03T15:18:23.432+0000] {logging_mixin.py:188} INFO - [2024-07-03T15:18:23.432+0000] {dag.py:3096} INFO - Sync 1 DAGs
[2024-07-03T15:18:23.437+0000] {logging_mixin.py:188} INFO - [2024-07-03T15:18:23.437+0000] {dag.py:3954} INFO - Setting next_dagrun for dag_with_postgres_operator_v03 to None, run_after=None
[2024-07-03T15:18:23.444+0000] {processor.py:183} INFO - Processing /opt/airflow/dags/sql.py took 0.029 seconds
[2024-07-03T15:18:53.975+0000] {processor.py:161} INFO - Started process (PID=11898) to work on /opt/airflow/dags/sql.py
[2024-07-03T15:18:53.975+0000] {processor.py:830} INFO - Processing file /opt/airflow/dags/sql.py for tasks to queue
[2024-07-03T15:18:53.976+0000] {logging_mixin.py:188} INFO - [2024-07-03T15:18:53.976+0000] {dagbag.py:545} INFO - Filling up the DagBag from /opt/airflow/dags/sql.py
[2024-07-03T15:18:53.980+0000] {processor.py:840} INFO - DAG(s) 'dag_with_postgres_operator_v03' retrieved from /opt/airflow/dags/sql.py
[2024-07-03T15:18:53.989+0000] {logging_mixin.py:188} INFO - [2024-07-03T15:18:53.989+0000] {dag.py:3096} INFO - Sync 1 DAGs
[2024-07-03T15:18:53.994+0000] {logging_mixin.py:188} INFO - [2024-07-03T15:18:53.994+0000] {dag.py:3954} INFO - Setting next_dagrun for dag_with_postgres_operator_v03 to None, run_after=None
[2024-07-03T15:18:54.000+0000] {processor.py:183} INFO - Processing /opt/airflow/dags/sql.py took 0.029 seconds
[2024-07-03T15:19:24.488+0000] {processor.py:161} INFO - Started process (PID=12170) to work on /opt/airflow/dags/sql.py
[2024-07-03T15:19:24.489+0000] {processor.py:830} INFO - Processing file /opt/airflow/dags/sql.py for tasks to queue
[2024-07-03T15:19:24.489+0000] {logging_mixin.py:188} INFO - [2024-07-03T15:19:24.489+0000] {dagbag.py:545} INFO - Filling up the DagBag from /opt/airflow/dags/sql.py
[2024-07-03T15:19:24.493+0000] {processor.py:840} INFO - DAG(s) 'dag_with_postgres_operator_v03' retrieved from /opt/airflow/dags/sql.py
[2024-07-03T15:19:24.502+0000] {logging_mixin.py:188} INFO - [2024-07-03T15:19:24.502+0000] {dag.py:3096} INFO - Sync 1 DAGs
[2024-07-03T15:19:24.507+0000] {logging_mixin.py:188} INFO - [2024-07-03T15:19:24.507+0000] {dag.py:3954} INFO - Setting next_dagrun for dag_with_postgres_operator_v03 to None, run_after=None
[2024-07-03T15:19:24.513+0000] {processor.py:183} INFO - Processing /opt/airflow/dags/sql.py took 0.028 seconds
[2024-07-03T15:19:54.958+0000] {processor.py:161} INFO - Started process (PID=12442) to work on /opt/airflow/dags/sql.py
[2024-07-03T15:19:54.959+0000] {processor.py:830} INFO - Processing file /opt/airflow/dags/sql.py for tasks to queue
[2024-07-03T15:19:54.960+0000] {logging_mixin.py:188} INFO - [2024-07-03T15:19:54.960+0000] {dagbag.py:545} INFO - Filling up the DagBag from /opt/airflow/dags/sql.py
[2024-07-03T15:19:54.963+0000] {processor.py:840} INFO - DAG(s) 'dag_with_postgres_operator_v03' retrieved from /opt/airflow/dags/sql.py
[2024-07-03T15:19:54.972+0000] {logging_mixin.py:188} INFO - [2024-07-03T15:19:54.972+0000] {dag.py:3096} INFO - Sync 1 DAGs
[2024-07-03T15:19:54.977+0000] {logging_mixin.py:188} INFO - [2024-07-03T15:19:54.977+0000] {dag.py:3954} INFO - Setting next_dagrun for dag_with_postgres_operator_v03 to None, run_after=None
[2024-07-03T15:19:54.983+0000] {processor.py:183} INFO - Processing /opt/airflow/dags/sql.py took 0.027 seconds
[2024-07-03T15:20:25.321+0000] {processor.py:161} INFO - Started process (PID=12714) to work on /opt/airflow/dags/sql.py
[2024-07-03T15:20:25.321+0000] {processor.py:830} INFO - Processing file /opt/airflow/dags/sql.py for tasks to queue
[2024-07-03T15:20:25.322+0000] {logging_mixin.py:188} INFO - [2024-07-03T15:20:25.322+0000] {dagbag.py:545} INFO - Filling up the DagBag from /opt/airflow/dags/sql.py
[2024-07-03T15:20:25.325+0000] {processor.py:840} INFO - DAG(s) 'dag_with_postgres_operator_v03' retrieved from /opt/airflow/dags/sql.py
[2024-07-03T15:20:25.334+0000] {logging_mixin.py:188} INFO - [2024-07-03T15:20:25.334+0000] {dag.py:3096} INFO - Sync 1 DAGs
[2024-07-03T15:20:25.339+0000] {logging_mixin.py:188} INFO - [2024-07-03T15:20:25.339+0000] {dag.py:3954} INFO - Setting next_dagrun for dag_with_postgres_operator_v03 to None, run_after=None
[2024-07-03T15:20:25.345+0000] {processor.py:183} INFO - Processing /opt/airflow/dags/sql.py took 0.027 seconds
[2024-07-03T15:20:55.711+0000] {processor.py:161} INFO - Started process (PID=12986) to work on /opt/airflow/dags/sql.py
[2024-07-03T15:20:55.712+0000] {processor.py:830} INFO - Processing file /opt/airflow/dags/sql.py for tasks to queue
[2024-07-03T15:20:55.715+0000] {logging_mixin.py:188} INFO - [2024-07-03T15:20:55.714+0000] {dagbag.py:545} INFO - Filling up the DagBag from /opt/airflow/dags/sql.py
[2024-07-03T15:20:55.720+0000] {processor.py:840} INFO - DAG(s) 'dag_with_postgres_operator_v03' retrieved from /opt/airflow/dags/sql.py
[2024-07-03T15:20:55.729+0000] {logging_mixin.py:188} INFO - [2024-07-03T15:20:55.729+0000] {dag.py:3096} INFO - Sync 1 DAGs
[2024-07-03T15:20:55.734+0000] {logging_mixin.py:188} INFO - [2024-07-03T15:20:55.734+0000] {dag.py:3954} INFO - Setting next_dagrun for dag_with_postgres_operator_v03 to None, run_after=None
[2024-07-03T15:20:55.741+0000] {processor.py:183} INFO - Processing /opt/airflow/dags/sql.py took 0.035 seconds
[2024-07-03T15:22:06.274+0000] {processor.py:161} INFO - Started process (PID=166) to work on /opt/airflow/dags/sql.py
[2024-07-03T15:22:06.275+0000] {processor.py:830} INFO - Processing file /opt/airflow/dags/sql.py for tasks to queue
[2024-07-03T15:22:06.278+0000] {logging_mixin.py:188} INFO - [2024-07-03T15:22:06.278+0000] {dagbag.py:545} INFO - Filling up the DagBag from /opt/airflow/dags/sql.py
[2024-07-03T15:22:06.289+0000] {processor.py:840} INFO - DAG(s) 'dag_with_postgres_operator_v03' retrieved from /opt/airflow/dags/sql.py
[2024-07-03T15:22:06.395+0000] {logging_mixin.py:188} INFO - [2024-07-03T15:22:06.395+0000] {dag.py:3096} INFO - Sync 1 DAGs
[2024-07-03T15:22:06.399+0000] {logging_mixin.py:188} INFO - [2024-07-03T15:22:06.399+0000] {dag.py:3954} INFO - Setting next_dagrun for dag_with_postgres_operator_v03 to None, run_after=None
[2024-07-03T15:22:06.406+0000] {processor.py:183} INFO - Processing /opt/airflow/dags/sql.py took 0.134 seconds
[2024-07-03T15:22:36.625+0000] {processor.py:161} INFO - Started process (PID=438) to work on /opt/airflow/dags/sql.py
[2024-07-03T15:22:36.626+0000] {processor.py:830} INFO - Processing file /opt/airflow/dags/sql.py for tasks to queue
[2024-07-03T15:22:36.628+0000] {logging_mixin.py:188} INFO - [2024-07-03T15:22:36.627+0000] {dagbag.py:545} INFO - Filling up the DagBag from /opt/airflow/dags/sql.py
[2024-07-03T15:22:36.636+0000] {processor.py:840} INFO - DAG(s) 'dag_with_postgres_operator_v03' retrieved from /opt/airflow/dags/sql.py
[2024-07-03T15:22:36.649+0000] {logging_mixin.py:188} INFO - [2024-07-03T15:22:36.649+0000] {dag.py:3096} INFO - Sync 1 DAGs
[2024-07-03T15:22:36.656+0000] {logging_mixin.py:188} INFO - [2024-07-03T15:22:36.656+0000] {dag.py:3954} INFO - Setting next_dagrun for dag_with_postgres_operator_v03 to None, run_after=None
[2024-07-03T15:22:36.665+0000] {processor.py:183} INFO - Processing /opt/airflow/dags/sql.py took 0.047 seconds
[2024-07-03T15:23:07.158+0000] {processor.py:161} INFO - Started process (PID=713) to work on /opt/airflow/dags/sql.py
[2024-07-03T15:23:07.159+0000] {processor.py:830} INFO - Processing file /opt/airflow/dags/sql.py for tasks to queue
[2024-07-03T15:23:07.160+0000] {logging_mixin.py:188} INFO - [2024-07-03T15:23:07.160+0000] {dagbag.py:545} INFO - Filling up the DagBag from /opt/airflow/dags/sql.py
[2024-07-03T15:23:07.165+0000] {processor.py:840} INFO - DAG(s) 'dag_with_postgres_operator_v03' retrieved from /opt/airflow/dags/sql.py
[2024-07-03T15:23:07.173+0000] {logging_mixin.py:188} INFO - [2024-07-03T15:23:07.173+0000] {dag.py:3096} INFO - Sync 1 DAGs
[2024-07-03T15:23:07.179+0000] {logging_mixin.py:188} INFO - [2024-07-03T15:23:07.178+0000] {dag.py:3954} INFO - Setting next_dagrun for dag_with_postgres_operator_v03 to None, run_after=None
[2024-07-03T15:23:07.185+0000] {processor.py:183} INFO - Processing /opt/airflow/dags/sql.py took 0.032 seconds
[2024-07-03T15:23:37.557+0000] {processor.py:161} INFO - Started process (PID=985) to work on /opt/airflow/dags/sql.py
[2024-07-03T15:23:37.557+0000] {processor.py:830} INFO - Processing file /opt/airflow/dags/sql.py for tasks to queue
[2024-07-03T15:23:37.558+0000] {logging_mixin.py:188} INFO - [2024-07-03T15:23:37.558+0000] {dagbag.py:545} INFO - Filling up the DagBag from /opt/airflow/dags/sql.py
[2024-07-03T15:23:37.563+0000] {processor.py:840} INFO - DAG(s) 'dag_with_postgres_operator_v03' retrieved from /opt/airflow/dags/sql.py
[2024-07-03T15:23:37.571+0000] {logging_mixin.py:188} INFO - [2024-07-03T15:23:37.571+0000] {dag.py:3096} INFO - Sync 1 DAGs
[2024-07-03T15:23:37.576+0000] {logging_mixin.py:188} INFO - [2024-07-03T15:23:37.576+0000] {dag.py:3954} INFO - Setting next_dagrun for dag_with_postgres_operator_v03 to None, run_after=None
[2024-07-03T15:23:37.583+0000] {processor.py:183} INFO - Processing /opt/airflow/dags/sql.py took 0.029 seconds
[2024-07-03T15:24:08.076+0000] {processor.py:161} INFO - Started process (PID=1257) to work on /opt/airflow/dags/sql.py
[2024-07-03T15:24:08.076+0000] {processor.py:830} INFO - Processing file /opt/airflow/dags/sql.py for tasks to queue
[2024-07-03T15:24:08.077+0000] {logging_mixin.py:188} INFO - [2024-07-03T15:24:08.077+0000] {dagbag.py:545} INFO - Filling up the DagBag from /opt/airflow/dags/sql.py
[2024-07-03T15:24:08.081+0000] {processor.py:840} INFO - DAG(s) 'dag_with_postgres_operator_v03' retrieved from /opt/airflow/dags/sql.py
[2024-07-03T15:24:08.089+0000] {logging_mixin.py:188} INFO - [2024-07-03T15:24:08.089+0000] {dag.py:3096} INFO - Sync 1 DAGs
[2024-07-03T15:24:08.094+0000] {logging_mixin.py:188} INFO - [2024-07-03T15:24:08.094+0000] {dag.py:3954} INFO - Setting next_dagrun for dag_with_postgres_operator_v03 to None, run_after=None
[2024-07-03T15:24:08.101+0000] {processor.py:183} INFO - Processing /opt/airflow/dags/sql.py took 0.028 seconds
[2024-07-03T15:24:38.671+0000] {processor.py:161} INFO - Started process (PID=1528) to work on /opt/airflow/dags/sql.py
[2024-07-03T15:24:38.672+0000] {processor.py:830} INFO - Processing file /opt/airflow/dags/sql.py for tasks to queue
[2024-07-03T15:24:38.673+0000] {logging_mixin.py:188} INFO - [2024-07-03T15:24:38.673+0000] {dagbag.py:545} INFO - Filling up the DagBag from /opt/airflow/dags/sql.py
[2024-07-03T15:24:38.678+0000] {processor.py:840} INFO - DAG(s) 'dag_with_postgres_operator_v03' retrieved from /opt/airflow/dags/sql.py
[2024-07-03T15:24:38.688+0000] {logging_mixin.py:188} INFO - [2024-07-03T15:24:38.688+0000] {dag.py:3096} INFO - Sync 1 DAGs
[2024-07-03T15:24:38.694+0000] {logging_mixin.py:188} INFO - [2024-07-03T15:24:38.694+0000] {dag.py:3954} INFO - Setting next_dagrun for dag_with_postgres_operator_v03 to None, run_after=None
[2024-07-03T15:24:38.700+0000] {processor.py:183} INFO - Processing /opt/airflow/dags/sql.py took 0.037 seconds
[2024-07-03T15:25:09.179+0000] {processor.py:161} INFO - Started process (PID=1799) to work on /opt/airflow/dags/sql.py
[2024-07-03T15:25:09.179+0000] {processor.py:830} INFO - Processing file /opt/airflow/dags/sql.py for tasks to queue
[2024-07-03T15:25:09.180+0000] {logging_mixin.py:188} INFO - [2024-07-03T15:25:09.180+0000] {dagbag.py:545} INFO - Filling up the DagBag from /opt/airflow/dags/sql.py
[2024-07-03T15:25:09.186+0000] {processor.py:840} INFO - DAG(s) 'dag_with_postgres_operator_v03' retrieved from /opt/airflow/dags/sql.py
[2024-07-03T15:25:09.200+0000] {logging_mixin.py:188} INFO - [2024-07-03T15:25:09.200+0000] {dag.py:3096} INFO - Sync 1 DAGs
[2024-07-03T15:25:09.206+0000] {logging_mixin.py:188} INFO - [2024-07-03T15:25:09.206+0000] {dag.py:3954} INFO - Setting next_dagrun for dag_with_postgres_operator_v03 to None, run_after=None
[2024-07-03T15:25:09.213+0000] {processor.py:183} INFO - Processing /opt/airflow/dags/sql.py took 0.040 seconds
[2024-07-03T15:25:39.852+0000] {processor.py:161} INFO - Started process (PID=2070) to work on /opt/airflow/dags/sql.py
[2024-07-03T15:25:39.853+0000] {processor.py:830} INFO - Processing file /opt/airflow/dags/sql.py for tasks to queue
[2024-07-03T15:25:39.856+0000] {logging_mixin.py:188} INFO - [2024-07-03T15:25:39.856+0000] {dagbag.py:545} INFO - Filling up the DagBag from /opt/airflow/dags/sql.py
[2024-07-03T15:25:39.862+0000] {processor.py:840} INFO - DAG(s) 'dag_with_postgres_operator_v03' retrieved from /opt/airflow/dags/sql.py
[2024-07-03T15:25:39.871+0000] {logging_mixin.py:188} INFO - [2024-07-03T15:25:39.871+0000] {dag.py:3096} INFO - Sync 1 DAGs
[2024-07-03T15:25:39.878+0000] {logging_mixin.py:188} INFO - [2024-07-03T15:25:39.877+0000] {dag.py:3954} INFO - Setting next_dagrun for dag_with_postgres_operator_v03 to None, run_after=None
[2024-07-03T15:25:39.884+0000] {processor.py:183} INFO - Processing /opt/airflow/dags/sql.py took 0.038 seconds
[2024-07-03T15:26:10.448+0000] {processor.py:161} INFO - Started process (PID=2342) to work on /opt/airflow/dags/sql.py
[2024-07-03T15:26:10.448+0000] {processor.py:830} INFO - Processing file /opt/airflow/dags/sql.py for tasks to queue
[2024-07-03T15:26:10.449+0000] {logging_mixin.py:188} INFO - [2024-07-03T15:26:10.449+0000] {dagbag.py:545} INFO - Filling up the DagBag from /opt/airflow/dags/sql.py
[2024-07-03T15:26:10.453+0000] {processor.py:840} INFO - DAG(s) 'dag_with_postgres_operator_v03' retrieved from /opt/airflow/dags/sql.py
[2024-07-03T15:26:10.461+0000] {logging_mixin.py:188} INFO - [2024-07-03T15:26:10.461+0000] {dag.py:3096} INFO - Sync 1 DAGs
[2024-07-03T15:26:10.466+0000] {logging_mixin.py:188} INFO - [2024-07-03T15:26:10.466+0000] {dag.py:3954} INFO - Setting next_dagrun for dag_with_postgres_operator_v03 to None, run_after=None
[2024-07-03T15:26:10.473+0000] {processor.py:183} INFO - Processing /opt/airflow/dags/sql.py took 0.028 seconds
[2024-07-03T15:26:40.879+0000] {processor.py:161} INFO - Started process (PID=2614) to work on /opt/airflow/dags/sql.py
[2024-07-03T15:26:40.880+0000] {processor.py:830} INFO - Processing file /opt/airflow/dags/sql.py for tasks to queue
[2024-07-03T15:26:40.881+0000] {logging_mixin.py:188} INFO - [2024-07-03T15:26:40.881+0000] {dagbag.py:545} INFO - Filling up the DagBag from /opt/airflow/dags/sql.py
[2024-07-03T15:26:40.887+0000] {processor.py:840} INFO - DAG(s) 'dag_with_postgres_operator_v03' retrieved from /opt/airflow/dags/sql.py
[2024-07-03T15:26:40.906+0000] {logging_mixin.py:188} INFO - [2024-07-03T15:26:40.906+0000] {dag.py:3096} INFO - Sync 1 DAGs
[2024-07-03T15:26:40.958+0000] {logging_mixin.py:188} INFO - [2024-07-03T15:26:40.958+0000] {dag.py:3954} INFO - Setting next_dagrun for dag_with_postgres_operator_v03 to None, run_after=None
[2024-07-03T15:26:40.982+0000] {processor.py:183} INFO - Processing /opt/airflow/dags/sql.py took 0.106 seconds
[2024-07-03T15:27:11.051+0000] {processor.py:161} INFO - Started process (PID=2885) to work on /opt/airflow/dags/sql.py
[2024-07-03T15:27:11.052+0000] {processor.py:830} INFO - Processing file /opt/airflow/dags/sql.py for tasks to queue
[2024-07-03T15:27:11.053+0000] {logging_mixin.py:188} INFO - [2024-07-03T15:27:11.053+0000] {dagbag.py:545} INFO - Filling up the DagBag from /opt/airflow/dags/sql.py
[2024-07-03T15:27:11.057+0000] {processor.py:840} INFO - DAG(s) 'dag_with_postgres_operator_v03' retrieved from /opt/airflow/dags/sql.py
[2024-07-03T15:27:11.066+0000] {logging_mixin.py:188} INFO - [2024-07-03T15:27:11.066+0000] {dag.py:3096} INFO - Sync 1 DAGs
[2024-07-03T15:27:11.073+0000] {logging_mixin.py:188} INFO - [2024-07-03T15:27:11.073+0000] {dag.py:3954} INFO - Setting next_dagrun for dag_with_postgres_operator_v03 to None, run_after=None
[2024-07-03T15:27:11.080+0000] {processor.py:183} INFO - Processing /opt/airflow/dags/sql.py took 0.034 seconds
[2024-07-03T15:27:41.896+0000] {processor.py:161} INFO - Started process (PID=3157) to work on /opt/airflow/dags/sql.py
[2024-07-03T15:27:41.896+0000] {processor.py:830} INFO - Processing file /opt/airflow/dags/sql.py for tasks to queue
[2024-07-03T15:27:41.897+0000] {logging_mixin.py:188} INFO - [2024-07-03T15:27:41.897+0000] {dagbag.py:545} INFO - Filling up the DagBag from /opt/airflow/dags/sql.py
[2024-07-03T15:27:41.900+0000] {processor.py:840} INFO - DAG(s) 'dag_with_postgres_operator_v03' retrieved from /opt/airflow/dags/sql.py
[2024-07-03T15:27:41.908+0000] {logging_mixin.py:188} INFO - [2024-07-03T15:27:41.908+0000] {dag.py:3096} INFO - Sync 1 DAGs
[2024-07-03T15:27:41.914+0000] {logging_mixin.py:188} INFO - [2024-07-03T15:27:41.913+0000] {dag.py:3954} INFO - Setting next_dagrun for dag_with_postgres_operator_v03 to None, run_after=None
[2024-07-03T15:27:41.921+0000] {processor.py:183} INFO - Processing /opt/airflow/dags/sql.py took 0.028 seconds
[2024-07-03T15:28:12.700+0000] {processor.py:161} INFO - Started process (PID=3429) to work on /opt/airflow/dags/sql.py
[2024-07-03T15:28:12.701+0000] {processor.py:830} INFO - Processing file /opt/airflow/dags/sql.py for tasks to queue
[2024-07-03T15:28:12.703+0000] {logging_mixin.py:188} INFO - [2024-07-03T15:28:12.702+0000] {dagbag.py:545} INFO - Filling up the DagBag from /opt/airflow/dags/sql.py
[2024-07-03T15:28:12.709+0000] {processor.py:840} INFO - DAG(s) 'dag_with_postgres_operator_v03' retrieved from /opt/airflow/dags/sql.py
[2024-07-03T15:28:12.720+0000] {logging_mixin.py:188} INFO - [2024-07-03T15:28:12.720+0000] {dag.py:3096} INFO - Sync 1 DAGs
[2024-07-03T15:28:12.727+0000] {logging_mixin.py:188} INFO - [2024-07-03T15:28:12.727+0000] {dag.py:3954} INFO - Setting next_dagrun for dag_with_postgres_operator_v03 to None, run_after=None
[2024-07-03T15:28:12.734+0000] {processor.py:183} INFO - Processing /opt/airflow/dags/sql.py took 0.041 seconds
[2024-07-03T15:28:43.379+0000] {processor.py:161} INFO - Started process (PID=3701) to work on /opt/airflow/dags/sql.py
[2024-07-03T15:28:43.380+0000] {processor.py:830} INFO - Processing file /opt/airflow/dags/sql.py for tasks to queue
[2024-07-03T15:28:43.381+0000] {logging_mixin.py:188} INFO - [2024-07-03T15:28:43.381+0000] {dagbag.py:545} INFO - Filling up the DagBag from /opt/airflow/dags/sql.py
[2024-07-03T15:28:43.385+0000] {processor.py:840} INFO - DAG(s) 'dag_with_postgres_operator_v03' retrieved from /opt/airflow/dags/sql.py
[2024-07-03T15:28:43.395+0000] {logging_mixin.py:188} INFO - [2024-07-03T15:28:43.395+0000] {dag.py:3096} INFO - Sync 1 DAGs
[2024-07-03T15:28:43.400+0000] {logging_mixin.py:188} INFO - [2024-07-03T15:28:43.400+0000] {dag.py:3954} INFO - Setting next_dagrun for dag_with_postgres_operator_v03 to None, run_after=None
[2024-07-03T15:28:43.407+0000] {processor.py:183} INFO - Processing /opt/airflow/dags/sql.py took 0.031 seconds
[2024-07-03T15:29:13.922+0000] {processor.py:161} INFO - Started process (PID=3973) to work on /opt/airflow/dags/sql.py
[2024-07-03T15:29:13.923+0000] {processor.py:830} INFO - Processing file /opt/airflow/dags/sql.py for tasks to queue
[2024-07-03T15:29:13.924+0000] {logging_mixin.py:188} INFO - [2024-07-03T15:29:13.924+0000] {dagbag.py:545} INFO - Filling up the DagBag from /opt/airflow/dags/sql.py
[2024-07-03T15:29:13.929+0000] {processor.py:840} INFO - DAG(s) 'dag_with_postgres_operator_v03' retrieved from /opt/airflow/dags/sql.py
[2024-07-03T15:29:13.938+0000] {logging_mixin.py:188} INFO - [2024-07-03T15:29:13.938+0000] {dag.py:3096} INFO - Sync 1 DAGs
[2024-07-03T15:29:13.943+0000] {logging_mixin.py:188} INFO - [2024-07-03T15:29:13.943+0000] {dag.py:3954} INFO - Setting next_dagrun for dag_with_postgres_operator_v03 to None, run_after=None
[2024-07-03T15:29:13.950+0000] {processor.py:183} INFO - Processing /opt/airflow/dags/sql.py took 0.034 seconds
[2024-07-03T15:29:44.394+0000] {processor.py:161} INFO - Started process (PID=4245) to work on /opt/airflow/dags/sql.py
[2024-07-03T15:29:44.395+0000] {processor.py:830} INFO - Processing file /opt/airflow/dags/sql.py for tasks to queue
[2024-07-03T15:29:44.396+0000] {logging_mixin.py:188} INFO - [2024-07-03T15:29:44.396+0000] {dagbag.py:545} INFO - Filling up the DagBag from /opt/airflow/dags/sql.py
[2024-07-03T15:29:44.400+0000] {processor.py:840} INFO - DAG(s) 'dag_with_postgres_operator_v03' retrieved from /opt/airflow/dags/sql.py
[2024-07-03T15:29:44.409+0000] {logging_mixin.py:188} INFO - [2024-07-03T15:29:44.409+0000] {dag.py:3096} INFO - Sync 1 DAGs
[2024-07-03T15:29:44.414+0000] {logging_mixin.py:188} INFO - [2024-07-03T15:29:44.414+0000] {dag.py:3954} INFO - Setting next_dagrun for dag_with_postgres_operator_v03 to None, run_after=None
[2024-07-03T15:29:44.421+0000] {processor.py:183} INFO - Processing /opt/airflow/dags/sql.py took 0.032 seconds
[2024-07-03T15:30:14.872+0000] {processor.py:161} INFO - Started process (PID=4517) to work on /opt/airflow/dags/sql.py
[2024-07-03T15:30:14.873+0000] {processor.py:830} INFO - Processing file /opt/airflow/dags/sql.py for tasks to queue
[2024-07-03T15:30:14.875+0000] {logging_mixin.py:188} INFO - [2024-07-03T15:30:14.874+0000] {dagbag.py:545} INFO - Filling up the DagBag from /opt/airflow/dags/sql.py
[2024-07-03T15:30:14.880+0000] {processor.py:840} INFO - DAG(s) 'dag_with_postgres_operator_v03' retrieved from /opt/airflow/dags/sql.py
[2024-07-03T15:30:14.890+0000] {logging_mixin.py:188} INFO - [2024-07-03T15:30:14.890+0000] {dag.py:3096} INFO - Sync 1 DAGs
[2024-07-03T15:30:14.896+0000] {logging_mixin.py:188} INFO - [2024-07-03T15:30:14.896+0000] {dag.py:3954} INFO - Setting next_dagrun for dag_with_postgres_operator_v03 to None, run_after=None
[2024-07-03T15:30:14.904+0000] {processor.py:183} INFO - Processing /opt/airflow/dags/sql.py took 0.037 seconds
[2024-07-03T15:30:45.614+0000] {processor.py:161} INFO - Started process (PID=4789) to work on /opt/airflow/dags/sql.py
[2024-07-03T15:30:45.615+0000] {processor.py:830} INFO - Processing file /opt/airflow/dags/sql.py for tasks to queue
[2024-07-03T15:30:45.616+0000] {logging_mixin.py:188} INFO - [2024-07-03T15:30:45.615+0000] {dagbag.py:545} INFO - Filling up the DagBag from /opt/airflow/dags/sql.py
[2024-07-03T15:30:45.620+0000] {processor.py:840} INFO - DAG(s) 'dag_with_postgres_operator_v03' retrieved from /opt/airflow/dags/sql.py
[2024-07-03T15:30:45.630+0000] {logging_mixin.py:188} INFO - [2024-07-03T15:30:45.630+0000] {dag.py:3096} INFO - Sync 1 DAGs
[2024-07-03T15:30:45.636+0000] {logging_mixin.py:188} INFO - [2024-07-03T15:30:45.636+0000] {dag.py:3954} INFO - Setting next_dagrun for dag_with_postgres_operator_v03 to None, run_after=None
[2024-07-03T15:30:45.642+0000] {processor.py:183} INFO - Processing /opt/airflow/dags/sql.py took 0.032 seconds
[2024-07-03T15:31:16.097+0000] {processor.py:161} INFO - Started process (PID=5064) to work on /opt/airflow/dags/sql.py
[2024-07-03T15:31:16.098+0000] {processor.py:830} INFO - Processing file /opt/airflow/dags/sql.py for tasks to queue
[2024-07-03T15:31:16.099+0000] {logging_mixin.py:188} INFO - [2024-07-03T15:31:16.099+0000] {dagbag.py:545} INFO - Filling up the DagBag from /opt/airflow/dags/sql.py
[2024-07-03T15:31:16.103+0000] {processor.py:840} INFO - DAG(s) 'dag_with_postgres_operator_v03' retrieved from /opt/airflow/dags/sql.py
[2024-07-03T15:31:16.112+0000] {logging_mixin.py:188} INFO - [2024-07-03T15:31:16.112+0000] {dag.py:3096} INFO - Sync 1 DAGs
[2024-07-03T15:31:16.118+0000] {logging_mixin.py:188} INFO - [2024-07-03T15:31:16.118+0000] {dag.py:3954} INFO - Setting next_dagrun for dag_with_postgres_operator_v03 to None, run_after=None
[2024-07-03T15:31:16.124+0000] {processor.py:183} INFO - Processing /opt/airflow/dags/sql.py took 0.030 seconds
[2024-07-03T15:31:46.601+0000] {processor.py:161} INFO - Started process (PID=5336) to work on /opt/airflow/dags/sql.py
[2024-07-03T15:31:46.602+0000] {processor.py:830} INFO - Processing file /opt/airflow/dags/sql.py for tasks to queue
[2024-07-03T15:31:46.603+0000] {logging_mixin.py:188} INFO - [2024-07-03T15:31:46.602+0000] {dagbag.py:545} INFO - Filling up the DagBag from /opt/airflow/dags/sql.py
[2024-07-03T15:31:46.607+0000] {processor.py:840} INFO - DAG(s) 'dag_with_postgres_operator_v03' retrieved from /opt/airflow/dags/sql.py
[2024-07-03T15:31:46.618+0000] {logging_mixin.py:188} INFO - [2024-07-03T15:31:46.617+0000] {dag.py:3096} INFO - Sync 1 DAGs
[2024-07-03T15:31:46.623+0000] {logging_mixin.py:188} INFO - [2024-07-03T15:31:46.623+0000] {dag.py:3954} INFO - Setting next_dagrun for dag_with_postgres_operator_v03 to None, run_after=None
[2024-07-03T15:31:46.631+0000] {processor.py:183} INFO - Processing /opt/airflow/dags/sql.py took 0.033 seconds
[2024-07-03T15:32:17.136+0000] {processor.py:161} INFO - Started process (PID=5608) to work on /opt/airflow/dags/sql.py
[2024-07-03T15:32:17.136+0000] {processor.py:830} INFO - Processing file /opt/airflow/dags/sql.py for tasks to queue
[2024-07-03T15:32:17.140+0000] {logging_mixin.py:188} INFO - [2024-07-03T15:32:17.139+0000] {dagbag.py:545} INFO - Filling up the DagBag from /opt/airflow/dags/sql.py
[2024-07-03T15:32:17.144+0000] {processor.py:840} INFO - DAG(s) 'dag_with_postgres_operator_v03' retrieved from /opt/airflow/dags/sql.py
[2024-07-03T15:32:17.153+0000] {logging_mixin.py:188} INFO - [2024-07-03T15:32:17.153+0000] {dag.py:3096} INFO - Sync 1 DAGs
[2024-07-03T15:32:17.158+0000] {logging_mixin.py:188} INFO - [2024-07-03T15:32:17.158+0000] {dag.py:3954} INFO - Setting next_dagrun for dag_with_postgres_operator_v03 to None, run_after=None
[2024-07-03T15:32:17.165+0000] {processor.py:183} INFO - Processing /opt/airflow/dags/sql.py took 0.033 seconds
[2024-07-03T15:32:47.698+0000] {processor.py:161} INFO - Started process (PID=5880) to work on /opt/airflow/dags/sql.py
[2024-07-03T15:32:47.699+0000] {processor.py:830} INFO - Processing file /opt/airflow/dags/sql.py for tasks to queue
[2024-07-03T15:32:47.699+0000] {logging_mixin.py:188} INFO - [2024-07-03T15:32:47.699+0000] {dagbag.py:545} INFO - Filling up the DagBag from /opt/airflow/dags/sql.py
[2024-07-03T15:32:47.704+0000] {processor.py:840} INFO - DAG(s) 'dag_with_postgres_operator_v03' retrieved from /opt/airflow/dags/sql.py
[2024-07-03T15:32:47.713+0000] {logging_mixin.py:188} INFO - [2024-07-03T15:32:47.713+0000] {dag.py:3096} INFO - Sync 1 DAGs
[2024-07-03T15:32:47.718+0000] {logging_mixin.py:188} INFO - [2024-07-03T15:32:47.718+0000] {dag.py:3954} INFO - Setting next_dagrun for dag_with_postgres_operator_v03 to None, run_after=None
[2024-07-03T15:32:47.724+0000] {processor.py:183} INFO - Processing /opt/airflow/dags/sql.py took 0.030 seconds
[2024-07-03T15:33:18.308+0000] {processor.py:161} INFO - Started process (PID=6152) to work on /opt/airflow/dags/sql.py
[2024-07-03T15:33:18.309+0000] {processor.py:830} INFO - Processing file /opt/airflow/dags/sql.py for tasks to queue
[2024-07-03T15:33:18.310+0000] {logging_mixin.py:188} INFO - [2024-07-03T15:33:18.309+0000] {dagbag.py:545} INFO - Filling up the DagBag from /opt/airflow/dags/sql.py
[2024-07-03T15:33:18.313+0000] {processor.py:840} INFO - DAG(s) 'dag_with_postgres_operator_v03' retrieved from /opt/airflow/dags/sql.py
[2024-07-03T15:33:18.322+0000] {logging_mixin.py:188} INFO - [2024-07-03T15:33:18.322+0000] {dag.py:3096} INFO - Sync 1 DAGs
[2024-07-03T15:33:18.328+0000] {logging_mixin.py:188} INFO - [2024-07-03T15:33:18.328+0000] {dag.py:3954} INFO - Setting next_dagrun for dag_with_postgres_operator_v03 to None, run_after=None
[2024-07-03T15:33:18.334+0000] {processor.py:183} INFO - Processing /opt/airflow/dags/sql.py took 0.030 seconds
[2024-07-03T15:33:48.957+0000] {processor.py:161} INFO - Started process (PID=6424) to work on /opt/airflow/dags/sql.py
[2024-07-03T15:33:48.957+0000] {processor.py:830} INFO - Processing file /opt/airflow/dags/sql.py for tasks to queue
[2024-07-03T15:33:48.958+0000] {logging_mixin.py:188} INFO - [2024-07-03T15:33:48.958+0000] {dagbag.py:545} INFO - Filling up the DagBag from /opt/airflow/dags/sql.py
[2024-07-03T15:33:48.963+0000] {processor.py:840} INFO - DAG(s) 'dag_with_postgres_operator_v03' retrieved from /opt/airflow/dags/sql.py
[2024-07-03T15:33:48.972+0000] {logging_mixin.py:188} INFO - [2024-07-03T15:33:48.972+0000] {dag.py:3096} INFO - Sync 1 DAGs
[2024-07-03T15:33:48.978+0000] {logging_mixin.py:188} INFO - [2024-07-03T15:33:48.978+0000] {dag.py:3954} INFO - Setting next_dagrun for dag_with_postgres_operator_v03 to None, run_after=None
[2024-07-03T15:33:48.984+0000] {processor.py:183} INFO - Processing /opt/airflow/dags/sql.py took 0.031 seconds
[2024-07-03T15:34:19.505+0000] {processor.py:161} INFO - Started process (PID=6696) to work on /opt/airflow/dags/sql.py
[2024-07-03T15:34:19.505+0000] {processor.py:830} INFO - Processing file /opt/airflow/dags/sql.py for tasks to queue
[2024-07-03T15:34:19.506+0000] {logging_mixin.py:188} INFO - [2024-07-03T15:34:19.506+0000] {dagbag.py:545} INFO - Filling up the DagBag from /opt/airflow/dags/sql.py
[2024-07-03T15:34:19.510+0000] {processor.py:840} INFO - DAG(s) 'dag_with_postgres_operator_v03' retrieved from /opt/airflow/dags/sql.py
[2024-07-03T15:34:19.519+0000] {logging_mixin.py:188} INFO - [2024-07-03T15:34:19.519+0000] {dag.py:3096} INFO - Sync 1 DAGs
[2024-07-03T15:34:19.524+0000] {logging_mixin.py:188} INFO - [2024-07-03T15:34:19.524+0000] {dag.py:3954} INFO - Setting next_dagrun for dag_with_postgres_operator_v03 to None, run_after=None
[2024-07-03T15:34:19.531+0000] {processor.py:183} INFO - Processing /opt/airflow/dags/sql.py took 0.029 seconds
[2024-07-03T15:34:49.981+0000] {processor.py:161} INFO - Started process (PID=6968) to work on /opt/airflow/dags/sql.py
[2024-07-03T15:34:49.982+0000] {processor.py:830} INFO - Processing file /opt/airflow/dags/sql.py for tasks to queue
[2024-07-03T15:34:49.983+0000] {logging_mixin.py:188} INFO - [2024-07-03T15:34:49.983+0000] {dagbag.py:545} INFO - Filling up the DagBag from /opt/airflow/dags/sql.py
[2024-07-03T15:34:49.989+0000] {processor.py:840} INFO - DAG(s) 'dag_with_postgres_operator_v03' retrieved from /opt/airflow/dags/sql.py
[2024-07-03T15:34:50.000+0000] {logging_mixin.py:188} INFO - [2024-07-03T15:34:50.000+0000] {dag.py:3096} INFO - Sync 1 DAGs
[2024-07-03T15:34:50.007+0000] {logging_mixin.py:188} INFO - [2024-07-03T15:34:50.007+0000] {dag.py:3954} INFO - Setting next_dagrun for dag_with_postgres_operator_v03 to None, run_after=None
[2024-07-03T15:34:50.014+0000] {processor.py:183} INFO - Processing /opt/airflow/dags/sql.py took 0.038 seconds
[2024-07-03T15:35:20.697+0000] {processor.py:161} INFO - Started process (PID=7240) to work on /opt/airflow/dags/sql.py
[2024-07-03T15:35:20.698+0000] {processor.py:830} INFO - Processing file /opt/airflow/dags/sql.py for tasks to queue
[2024-07-03T15:35:20.699+0000] {logging_mixin.py:188} INFO - [2024-07-03T15:35:20.699+0000] {dagbag.py:545} INFO - Filling up the DagBag from /opt/airflow/dags/sql.py
[2024-07-03T15:35:20.703+0000] {processor.py:840} INFO - DAG(s) 'dag_with_postgres_operator_v03' retrieved from /opt/airflow/dags/sql.py
[2024-07-03T15:35:20.712+0000] {logging_mixin.py:188} INFO - [2024-07-03T15:35:20.712+0000] {dag.py:3096} INFO - Sync 1 DAGs
[2024-07-03T15:35:20.718+0000] {logging_mixin.py:188} INFO - [2024-07-03T15:35:20.718+0000] {dag.py:3954} INFO - Setting next_dagrun for dag_with_postgres_operator_v03 to None, run_after=None
[2024-07-03T15:35:20.724+0000] {processor.py:183} INFO - Processing /opt/airflow/dags/sql.py took 0.031 seconds
[2024-07-03T15:35:51.235+0000] {processor.py:161} INFO - Started process (PID=7515) to work on /opt/airflow/dags/sql.py
[2024-07-03T15:35:51.236+0000] {processor.py:830} INFO - Processing file /opt/airflow/dags/sql.py for tasks to queue
[2024-07-03T15:35:51.237+0000] {logging_mixin.py:188} INFO - [2024-07-03T15:35:51.237+0000] {dagbag.py:545} INFO - Filling up the DagBag from /opt/airflow/dags/sql.py
[2024-07-03T15:35:51.241+0000] {processor.py:840} INFO - DAG(s) 'dag_with_postgres_operator_v03' retrieved from /opt/airflow/dags/sql.py
[2024-07-03T15:35:51.250+0000] {logging_mixin.py:188} INFO - [2024-07-03T15:35:51.250+0000] {dag.py:3096} INFO - Sync 1 DAGs
[2024-07-03T15:35:51.255+0000] {logging_mixin.py:188} INFO - [2024-07-03T15:35:51.255+0000] {dag.py:3954} INFO - Setting next_dagrun for dag_with_postgres_operator_v03 to None, run_after=None
[2024-07-03T15:35:51.263+0000] {processor.py:183} INFO - Processing /opt/airflow/dags/sql.py took 0.031 seconds
[2024-07-03T15:36:21.776+0000] {processor.py:161} INFO - Started process (PID=7787) to work on /opt/airflow/dags/sql.py
[2024-07-03T15:36:21.776+0000] {processor.py:830} INFO - Processing file /opt/airflow/dags/sql.py for tasks to queue
[2024-07-03T15:36:21.777+0000] {logging_mixin.py:188} INFO - [2024-07-03T15:36:21.777+0000] {dagbag.py:545} INFO - Filling up the DagBag from /opt/airflow/dags/sql.py
[2024-07-03T15:36:21.782+0000] {processor.py:840} INFO - DAG(s) 'dag_with_postgres_operator_v03' retrieved from /opt/airflow/dags/sql.py
[2024-07-03T15:36:21.790+0000] {logging_mixin.py:188} INFO - [2024-07-03T15:36:21.790+0000] {dag.py:3096} INFO - Sync 1 DAGs
[2024-07-03T15:36:21.796+0000] {logging_mixin.py:188} INFO - [2024-07-03T15:36:21.795+0000] {dag.py:3954} INFO - Setting next_dagrun for dag_with_postgres_operator_v03 to None, run_after=None
[2024-07-03T15:36:21.802+0000] {processor.py:183} INFO - Processing /opt/airflow/dags/sql.py took 0.030 seconds
[2024-07-03T15:36:52.458+0000] {processor.py:161} INFO - Started process (PID=8059) to work on /opt/airflow/dags/sql.py
[2024-07-03T15:36:52.458+0000] {processor.py:830} INFO - Processing file /opt/airflow/dags/sql.py for tasks to queue
[2024-07-03T15:36:52.459+0000] {logging_mixin.py:188} INFO - [2024-07-03T15:36:52.459+0000] {dagbag.py:545} INFO - Filling up the DagBag from /opt/airflow/dags/sql.py
[2024-07-03T15:36:52.464+0000] {processor.py:840} INFO - DAG(s) 'dag_with_postgres_operator_v03' retrieved from /opt/airflow/dags/sql.py
[2024-07-03T15:36:52.473+0000] {logging_mixin.py:188} INFO - [2024-07-03T15:36:52.472+0000] {dag.py:3096} INFO - Sync 1 DAGs
[2024-07-03T15:36:52.477+0000] {logging_mixin.py:188} INFO - [2024-07-03T15:36:52.477+0000] {dag.py:3954} INFO - Setting next_dagrun for dag_with_postgres_operator_v03 to None, run_after=None
[2024-07-03T15:36:52.484+0000] {processor.py:183} INFO - Processing /opt/airflow/dags/sql.py took 0.030 seconds
[2024-07-03T15:37:23.023+0000] {processor.py:161} INFO - Started process (PID=8331) to work on /opt/airflow/dags/sql.py
[2024-07-03T15:37:23.023+0000] {processor.py:830} INFO - Processing file /opt/airflow/dags/sql.py for tasks to queue
[2024-07-03T15:37:23.024+0000] {logging_mixin.py:188} INFO - [2024-07-03T15:37:23.024+0000] {dagbag.py:545} INFO - Filling up the DagBag from /opt/airflow/dags/sql.py
[2024-07-03T15:37:23.028+0000] {processor.py:840} INFO - DAG(s) 'dag_with_postgres_operator_v03' retrieved from /opt/airflow/dags/sql.py
[2024-07-03T15:37:23.036+0000] {logging_mixin.py:188} INFO - [2024-07-03T15:37:23.036+0000] {dag.py:3096} INFO - Sync 1 DAGs
[2024-07-03T15:37:23.041+0000] {logging_mixin.py:188} INFO - [2024-07-03T15:37:23.041+0000] {dag.py:3954} INFO - Setting next_dagrun for dag_with_postgres_operator_v03 to None, run_after=None
[2024-07-03T15:37:23.048+0000] {processor.py:183} INFO - Processing /opt/airflow/dags/sql.py took 0.029 seconds
[2024-07-03T15:37:53.134+0000] {processor.py:161} INFO - Started process (PID=8602) to work on /opt/airflow/dags/sql.py
[2024-07-03T15:37:53.135+0000] {processor.py:830} INFO - Processing file /opt/airflow/dags/sql.py for tasks to queue
[2024-07-03T15:37:53.136+0000] {logging_mixin.py:188} INFO - [2024-07-03T15:37:53.136+0000] {dagbag.py:545} INFO - Filling up the DagBag from /opt/airflow/dags/sql.py
[2024-07-03T15:37:53.140+0000] {processor.py:840} INFO - DAG(s) 'dag_with_postgres_operator_v03' retrieved from /opt/airflow/dags/sql.py
[2024-07-03T15:37:53.150+0000] {logging_mixin.py:188} INFO - [2024-07-03T15:37:53.150+0000] {dag.py:3096} INFO - Sync 1 DAGs
[2024-07-03T15:37:53.156+0000] {logging_mixin.py:188} INFO - [2024-07-03T15:37:53.156+0000] {dag.py:3954} INFO - Setting next_dagrun for dag_with_postgres_operator_v03 to None, run_after=None
[2024-07-03T15:37:53.163+0000] {processor.py:183} INFO - Processing /opt/airflow/dags/sql.py took 0.032 seconds
[2024-07-03T15:38:23.858+0000] {processor.py:161} INFO - Started process (PID=8874) to work on /opt/airflow/dags/sql.py
[2024-07-03T15:38:23.859+0000] {processor.py:830} INFO - Processing file /opt/airflow/dags/sql.py for tasks to queue
[2024-07-03T15:38:23.860+0000] {logging_mixin.py:188} INFO - [2024-07-03T15:38:23.860+0000] {dagbag.py:545} INFO - Filling up the DagBag from /opt/airflow/dags/sql.py
[2024-07-03T15:38:23.866+0000] {processor.py:840} INFO - DAG(s) 'dag_with_postgres_operator_v03' retrieved from /opt/airflow/dags/sql.py
[2024-07-03T15:38:23.878+0000] {logging_mixin.py:188} INFO - [2024-07-03T15:38:23.878+0000] {dag.py:3096} INFO - Sync 1 DAGs
[2024-07-03T15:38:23.885+0000] {logging_mixin.py:188} INFO - [2024-07-03T15:38:23.885+0000] {dag.py:3954} INFO - Setting next_dagrun for dag_with_postgres_operator_v03 to None, run_after=None
[2024-07-03T15:38:23.894+0000] {processor.py:183} INFO - Processing /opt/airflow/dags/sql.py took 0.042 seconds
[2024-07-03T15:38:54.530+0000] {processor.py:161} INFO - Started process (PID=9146) to work on /opt/airflow/dags/sql.py
[2024-07-03T15:38:54.531+0000] {processor.py:830} INFO - Processing file /opt/airflow/dags/sql.py for tasks to queue
[2024-07-03T15:38:54.532+0000] {logging_mixin.py:188} INFO - [2024-07-03T15:38:54.532+0000] {dagbag.py:545} INFO - Filling up the DagBag from /opt/airflow/dags/sql.py
[2024-07-03T15:38:54.537+0000] {processor.py:840} INFO - DAG(s) 'dag_with_postgres_operator_v03' retrieved from /opt/airflow/dags/sql.py
[2024-07-03T15:38:54.547+0000] {logging_mixin.py:188} INFO - [2024-07-03T15:38:54.547+0000] {dag.py:3096} INFO - Sync 1 DAGs
[2024-07-03T15:38:54.554+0000] {logging_mixin.py:188} INFO - [2024-07-03T15:38:54.553+0000] {dag.py:3954} INFO - Setting next_dagrun for dag_with_postgres_operator_v03 to None, run_after=None
[2024-07-03T15:38:54.561+0000] {processor.py:183} INFO - Processing /opt/airflow/dags/sql.py took 0.034 seconds
[2024-07-03T15:39:25.302+0000] {processor.py:161} INFO - Started process (PID=9418) to work on /opt/airflow/dags/sql.py
[2024-07-03T15:39:25.303+0000] {processor.py:830} INFO - Processing file /opt/airflow/dags/sql.py for tasks to queue
[2024-07-03T15:39:25.304+0000] {logging_mixin.py:188} INFO - [2024-07-03T15:39:25.303+0000] {dagbag.py:545} INFO - Filling up the DagBag from /opt/airflow/dags/sql.py
[2024-07-03T15:39:25.309+0000] {processor.py:840} INFO - DAG(s) 'dag_with_postgres_operator_v03' retrieved from /opt/airflow/dags/sql.py
[2024-07-03T15:39:25.319+0000] {logging_mixin.py:188} INFO - [2024-07-03T15:39:25.318+0000] {dag.py:3096} INFO - Sync 1 DAGs
[2024-07-03T15:39:25.324+0000] {logging_mixin.py:188} INFO - [2024-07-03T15:39:25.324+0000] {dag.py:3954} INFO - Setting next_dagrun for dag_with_postgres_operator_v03 to None, run_after=None
[2024-07-03T15:39:25.331+0000] {processor.py:183} INFO - Processing /opt/airflow/dags/sql.py took 0.034 seconds
[2024-07-03T15:39:55.988+0000] {processor.py:161} INFO - Started process (PID=9689) to work on /opt/airflow/dags/sql.py
[2024-07-03T15:39:55.988+0000] {processor.py:830} INFO - Processing file /opt/airflow/dags/sql.py for tasks to queue
[2024-07-03T15:39:55.989+0000] {logging_mixin.py:188} INFO - [2024-07-03T15:39:55.989+0000] {dagbag.py:545} INFO - Filling up the DagBag from /opt/airflow/dags/sql.py
[2024-07-03T15:39:55.993+0000] {processor.py:840} INFO - DAG(s) 'dag_with_postgres_operator_v03' retrieved from /opt/airflow/dags/sql.py
[2024-07-03T15:39:56.002+0000] {logging_mixin.py:188} INFO - [2024-07-03T15:39:56.001+0000] {dag.py:3096} INFO - Sync 1 DAGs
[2024-07-03T15:39:56.007+0000] {logging_mixin.py:188} INFO - [2024-07-03T15:39:56.007+0000] {dag.py:3954} INFO - Setting next_dagrun for dag_with_postgres_operator_v03 to None, run_after=None
[2024-07-03T15:39:56.013+0000] {processor.py:183} INFO - Processing /opt/airflow/dags/sql.py took 0.029 seconds
[2024-07-03T15:40:26.789+0000] {processor.py:161} INFO - Started process (PID=9960) to work on /opt/airflow/dags/sql.py
[2024-07-03T15:40:26.789+0000] {processor.py:830} INFO - Processing file /opt/airflow/dags/sql.py for tasks to queue
[2024-07-03T15:40:26.790+0000] {logging_mixin.py:188} INFO - [2024-07-03T15:40:26.790+0000] {dagbag.py:545} INFO - Filling up the DagBag from /opt/airflow/dags/sql.py
[2024-07-03T15:40:26.796+0000] {processor.py:840} INFO - DAG(s) 'dag_with_postgres_operator_v03' retrieved from /opt/airflow/dags/sql.py
[2024-07-03T15:40:26.807+0000] {logging_mixin.py:188} INFO - [2024-07-03T15:40:26.806+0000] {dag.py:3096} INFO - Sync 1 DAGs
[2024-07-03T15:40:26.812+0000] {logging_mixin.py:188} INFO - [2024-07-03T15:40:26.812+0000] {dag.py:3954} INFO - Setting next_dagrun for dag_with_postgres_operator_v03 to None, run_after=None
[2024-07-03T15:40:26.819+0000] {processor.py:183} INFO - Processing /opt/airflow/dags/sql.py took 0.033 seconds
[2024-07-03T15:41:38.076+0000] {processor.py:161} INFO - Started process (PID=31) to work on /opt/airflow/dags/sql.py
[2024-07-03T15:41:38.077+0000] {processor.py:830} INFO - Processing file /opt/airflow/dags/sql.py for tasks to queue
[2024-07-03T15:41:38.081+0000] {logging_mixin.py:188} INFO - [2024-07-03T15:41:38.080+0000] {dagbag.py:545} INFO - Filling up the DagBag from /opt/airflow/dags/sql.py
[2024-07-03T15:41:38.097+0000] {processor.py:840} INFO - DAG(s) 'dag_with_postgres_operator_v03' retrieved from /opt/airflow/dags/sql.py
[2024-07-03T15:41:38.241+0000] {logging_mixin.py:188} INFO - [2024-07-03T15:41:38.241+0000] {dag.py:3096} INFO - Sync 1 DAGs
[2024-07-03T15:41:38.247+0000] {logging_mixin.py:188} INFO - [2024-07-03T15:41:38.247+0000] {dag.py:3954} INFO - Setting next_dagrun for dag_with_postgres_operator_v03 to None, run_after=None
[2024-07-03T15:41:38.262+0000] {processor.py:183} INFO - Processing /opt/airflow/dags/sql.py took 0.189 seconds
[2024-07-03T15:42:09.183+0000] {processor.py:161} INFO - Started process (PID=92) to work on /opt/airflow/dags/sql.py
[2024-07-03T15:42:09.187+0000] {processor.py:830} INFO - Processing file /opt/airflow/dags/sql.py for tasks to queue
[2024-07-03T15:42:09.193+0000] {logging_mixin.py:188} INFO - [2024-07-03T15:42:09.192+0000] {dagbag.py:545} INFO - Filling up the DagBag from /opt/airflow/dags/sql.py
[2024-07-03T15:42:09.200+0000] {processor.py:840} INFO - DAG(s) 'dag_with_postgres_operator_v03' retrieved from /opt/airflow/dags/sql.py
[2024-07-03T15:42:09.216+0000] {logging_mixin.py:188} INFO - [2024-07-03T15:42:09.216+0000] {dag.py:3096} INFO - Sync 1 DAGs
[2024-07-03T15:42:09.227+0000] {logging_mixin.py:188} INFO - [2024-07-03T15:42:09.227+0000] {dag.py:3954} INFO - Setting next_dagrun for dag_with_postgres_operator_v03 to None, run_after=None
[2024-07-03T15:42:09.238+0000] {processor.py:183} INFO - Processing /opt/airflow/dags/sql.py took 0.060 seconds
[2024-07-03T15:42:39.828+0000] {processor.py:161} INFO - Started process (PID=152) to work on /opt/airflow/dags/sql.py
[2024-07-03T15:42:39.829+0000] {processor.py:830} INFO - Processing file /opt/airflow/dags/sql.py for tasks to queue
[2024-07-03T15:42:39.830+0000] {logging_mixin.py:188} INFO - [2024-07-03T15:42:39.830+0000] {dagbag.py:545} INFO - Filling up the DagBag from /opt/airflow/dags/sql.py
[2024-07-03T15:42:39.835+0000] {processor.py:840} INFO - DAG(s) 'dag_with_postgres_operator_v03' retrieved from /opt/airflow/dags/sql.py
[2024-07-03T15:42:39.846+0000] {logging_mixin.py:188} INFO - [2024-07-03T15:42:39.845+0000] {dag.py:3096} INFO - Sync 1 DAGs
[2024-07-03T15:42:39.852+0000] {logging_mixin.py:188} INFO - [2024-07-03T15:42:39.851+0000] {dag.py:3954} INFO - Setting next_dagrun for dag_with_postgres_operator_v03 to None, run_after=None
[2024-07-03T15:42:39.859+0000] {processor.py:183} INFO - Processing /opt/airflow/dags/sql.py took 0.036 seconds
[2024-07-03T15:43:10.550+0000] {processor.py:161} INFO - Started process (PID=212) to work on /opt/airflow/dags/sql.py
[2024-07-03T15:43:10.551+0000] {processor.py:830} INFO - Processing file /opt/airflow/dags/sql.py for tasks to queue
[2024-07-03T15:43:10.553+0000] {logging_mixin.py:188} INFO - [2024-07-03T15:43:10.552+0000] {dagbag.py:545} INFO - Filling up the DagBag from /opt/airflow/dags/sql.py
[2024-07-03T15:43:10.559+0000] {processor.py:840} INFO - DAG(s) 'dag_with_postgres_operator_v03' retrieved from /opt/airflow/dags/sql.py
[2024-07-03T15:43:10.572+0000] {logging_mixin.py:188} INFO - [2024-07-03T15:43:10.572+0000] {dag.py:3096} INFO - Sync 1 DAGs
[2024-07-03T15:43:10.578+0000] {logging_mixin.py:188} INFO - [2024-07-03T15:43:10.578+0000] {dag.py:3954} INFO - Setting next_dagrun for dag_with_postgres_operator_v03 to None, run_after=None
[2024-07-03T15:43:10.585+0000] {processor.py:183} INFO - Processing /opt/airflow/dags/sql.py took 0.041 seconds
[2024-07-03T15:43:41.092+0000] {processor.py:161} INFO - Started process (PID=272) to work on /opt/airflow/dags/sql.py
[2024-07-03T15:43:41.093+0000] {processor.py:830} INFO - Processing file /opt/airflow/dags/sql.py for tasks to queue
[2024-07-03T15:43:41.095+0000] {logging_mixin.py:188} INFO - [2024-07-03T15:43:41.094+0000] {dagbag.py:545} INFO - Filling up the DagBag from /opt/airflow/dags/sql.py
[2024-07-03T15:43:41.103+0000] {processor.py:840} INFO - DAG(s) 'dag_with_postgres_operator_v03' retrieved from /opt/airflow/dags/sql.py
[2024-07-03T15:43:41.114+0000] {logging_mixin.py:188} INFO - [2024-07-03T15:43:41.114+0000] {dag.py:3096} INFO - Sync 1 DAGs
[2024-07-03T15:43:41.120+0000] {logging_mixin.py:188} INFO - [2024-07-03T15:43:41.120+0000] {dag.py:3954} INFO - Setting next_dagrun for dag_with_postgres_operator_v03 to None, run_after=None
[2024-07-03T15:43:41.128+0000] {processor.py:183} INFO - Processing /opt/airflow/dags/sql.py took 0.043 seconds
[2024-07-03T15:44:11.532+0000] {processor.py:161} INFO - Started process (PID=332) to work on /opt/airflow/dags/sql.py
[2024-07-03T15:44:11.532+0000] {processor.py:830} INFO - Processing file /opt/airflow/dags/sql.py for tasks to queue
[2024-07-03T15:44:11.534+0000] {logging_mixin.py:188} INFO - [2024-07-03T15:44:11.534+0000] {dagbag.py:545} INFO - Filling up the DagBag from /opt/airflow/dags/sql.py
[2024-07-03T15:44:11.539+0000] {processor.py:840} INFO - DAG(s) 'dag_with_postgres_operator_v03' retrieved from /opt/airflow/dags/sql.py
[2024-07-03T15:44:11.547+0000] {logging_mixin.py:188} INFO - [2024-07-03T15:44:11.547+0000] {dag.py:3096} INFO - Sync 1 DAGs
[2024-07-03T15:44:11.553+0000] {logging_mixin.py:188} INFO - [2024-07-03T15:44:11.553+0000] {dag.py:3954} INFO - Setting next_dagrun for dag_with_postgres_operator_v03 to None, run_after=None
[2024-07-03T15:44:11.559+0000] {processor.py:183} INFO - Processing /opt/airflow/dags/sql.py took 0.034 seconds
[2024-07-03T15:44:42.047+0000] {processor.py:161} INFO - Started process (PID=392) to work on /opt/airflow/dags/sql.py
[2024-07-03T15:44:42.048+0000] {processor.py:830} INFO - Processing file /opt/airflow/dags/sql.py for tasks to queue
[2024-07-03T15:44:42.050+0000] {logging_mixin.py:188} INFO - [2024-07-03T15:44:42.050+0000] {dagbag.py:545} INFO - Filling up the DagBag from /opt/airflow/dags/sql.py
[2024-07-03T15:44:42.056+0000] {processor.py:840} INFO - DAG(s) 'dag_with_postgres_operator_v03' retrieved from /opt/airflow/dags/sql.py
[2024-07-03T15:44:42.066+0000] {logging_mixin.py:188} INFO - [2024-07-03T15:44:42.066+0000] {dag.py:3096} INFO - Sync 1 DAGs
[2024-07-03T15:44:42.073+0000] {logging_mixin.py:188} INFO - [2024-07-03T15:44:42.073+0000] {dag.py:3954} INFO - Setting next_dagrun for dag_with_postgres_operator_v03 to None, run_after=None
[2024-07-03T15:44:42.086+0000] {processor.py:183} INFO - Processing /opt/airflow/dags/sql.py took 0.045 seconds
[2024-07-03T15:45:12.704+0000] {processor.py:161} INFO - Started process (PID=452) to work on /opt/airflow/dags/sql.py
[2024-07-03T15:45:12.704+0000] {processor.py:830} INFO - Processing file /opt/airflow/dags/sql.py for tasks to queue
[2024-07-03T15:45:12.705+0000] {logging_mixin.py:188} INFO - [2024-07-03T15:45:12.705+0000] {dagbag.py:545} INFO - Filling up the DagBag from /opt/airflow/dags/sql.py
[2024-07-03T15:45:12.709+0000] {processor.py:840} INFO - DAG(s) 'dag_with_postgres_operator_v03' retrieved from /opt/airflow/dags/sql.py
[2024-07-03T15:45:12.719+0000] {logging_mixin.py:188} INFO - [2024-07-03T15:45:12.718+0000] {dag.py:3096} INFO - Sync 1 DAGs
[2024-07-03T15:45:12.724+0000] {logging_mixin.py:188} INFO - [2024-07-03T15:45:12.723+0000] {dag.py:3954} INFO - Setting next_dagrun for dag_with_postgres_operator_v03 to None, run_after=None
[2024-07-03T15:45:12.730+0000] {processor.py:183} INFO - Processing /opt/airflow/dags/sql.py took 0.031 seconds
[2024-07-03T15:45:43.144+0000] {processor.py:161} INFO - Started process (PID=511) to work on /opt/airflow/dags/sql.py
[2024-07-03T15:45:43.145+0000] {processor.py:830} INFO - Processing file /opt/airflow/dags/sql.py for tasks to queue
[2024-07-03T15:45:43.145+0000] {logging_mixin.py:188} INFO - [2024-07-03T15:45:43.145+0000] {dagbag.py:545} INFO - Filling up the DagBag from /opt/airflow/dags/sql.py
[2024-07-03T15:45:43.149+0000] {processor.py:840} INFO - DAG(s) 'dag_with_postgres_operator_v03' retrieved from /opt/airflow/dags/sql.py
[2024-07-03T15:45:43.157+0000] {logging_mixin.py:188} INFO - [2024-07-03T15:45:43.157+0000] {dag.py:3096} INFO - Sync 1 DAGs
[2024-07-03T15:45:43.162+0000] {logging_mixin.py:188} INFO - [2024-07-03T15:45:43.162+0000] {dag.py:3954} INFO - Setting next_dagrun for dag_with_postgres_operator_v03 to None, run_after=None
[2024-07-03T15:45:43.169+0000] {processor.py:183} INFO - Processing /opt/airflow/dags/sql.py took 0.029 seconds
[2024-07-03T15:46:13.538+0000] {processor.py:161} INFO - Started process (PID=571) to work on /opt/airflow/dags/sql.py
[2024-07-03T15:46:13.539+0000] {processor.py:830} INFO - Processing file /opt/airflow/dags/sql.py for tasks to queue
[2024-07-03T15:46:13.541+0000] {logging_mixin.py:188} INFO - [2024-07-03T15:46:13.540+0000] {dagbag.py:545} INFO - Filling up the DagBag from /opt/airflow/dags/sql.py
[2024-07-03T15:46:13.545+0000] {processor.py:840} INFO - DAG(s) 'dag_with_postgres_operator_v03' retrieved from /opt/airflow/dags/sql.py
[2024-07-03T15:46:13.555+0000] {logging_mixin.py:188} INFO - [2024-07-03T15:46:13.555+0000] {dag.py:3096} INFO - Sync 1 DAGs
[2024-07-03T15:46:13.560+0000] {logging_mixin.py:188} INFO - [2024-07-03T15:46:13.560+0000] {dag.py:3954} INFO - Setting next_dagrun for dag_with_postgres_operator_v03 to None, run_after=None
[2024-07-03T15:46:13.567+0000] {processor.py:183} INFO - Processing /opt/airflow/dags/sql.py took 0.034 seconds
[2024-07-03T15:46:43.984+0000] {processor.py:161} INFO - Started process (PID=631) to work on /opt/airflow/dags/sql.py
[2024-07-03T15:46:43.985+0000] {processor.py:830} INFO - Processing file /opt/airflow/dags/sql.py for tasks to queue
[2024-07-03T15:46:43.987+0000] {logging_mixin.py:188} INFO - [2024-07-03T15:46:43.987+0000] {dagbag.py:545} INFO - Filling up the DagBag from /opt/airflow/dags/sql.py
[2024-07-03T15:46:43.991+0000] {processor.py:840} INFO - DAG(s) 'dag_with_postgres_operator_v03' retrieved from /opt/airflow/dags/sql.py
[2024-07-03T15:46:44.000+0000] {logging_mixin.py:188} INFO - [2024-07-03T15:46:44.000+0000] {dag.py:3096} INFO - Sync 1 DAGs
[2024-07-03T15:46:44.006+0000] {logging_mixin.py:188} INFO - [2024-07-03T15:46:44.006+0000] {dag.py:3954} INFO - Setting next_dagrun for dag_with_postgres_operator_v03 to None, run_after=None
[2024-07-03T15:46:44.013+0000] {processor.py:183} INFO - Processing /opt/airflow/dags/sql.py took 0.035 seconds
[2024-07-03T15:47:14.484+0000] {processor.py:161} INFO - Started process (PID=691) to work on /opt/airflow/dags/sql.py
[2024-07-03T15:47:14.485+0000] {processor.py:830} INFO - Processing file /opt/airflow/dags/sql.py for tasks to queue
[2024-07-03T15:47:14.487+0000] {logging_mixin.py:188} INFO - [2024-07-03T15:47:14.487+0000] {dagbag.py:545} INFO - Filling up the DagBag from /opt/airflow/dags/sql.py
[2024-07-03T15:47:14.492+0000] {processor.py:840} INFO - DAG(s) 'dag_with_postgres_operator_v03' retrieved from /opt/airflow/dags/sql.py
[2024-07-03T15:47:14.502+0000] {logging_mixin.py:188} INFO - [2024-07-03T15:47:14.501+0000] {dag.py:3096} INFO - Sync 1 DAGs
[2024-07-03T15:47:14.507+0000] {logging_mixin.py:188} INFO - [2024-07-03T15:47:14.506+0000] {dag.py:3954} INFO - Setting next_dagrun for dag_with_postgres_operator_v03 to None, run_after=None
[2024-07-03T15:47:14.513+0000] {processor.py:183} INFO - Processing /opt/airflow/dags/sql.py took 0.036 seconds
[2024-07-03T15:47:45.037+0000] {processor.py:161} INFO - Started process (PID=751) to work on /opt/airflow/dags/sql.py
[2024-07-03T15:47:45.038+0000] {processor.py:830} INFO - Processing file /opt/airflow/dags/sql.py for tasks to queue
[2024-07-03T15:47:45.039+0000] {logging_mixin.py:188} INFO - [2024-07-03T15:47:45.039+0000] {dagbag.py:545} INFO - Filling up the DagBag from /opt/airflow/dags/sql.py
[2024-07-03T15:47:45.044+0000] {processor.py:840} INFO - DAG(s) 'dag_with_postgres_operator_v03' retrieved from /opt/airflow/dags/sql.py
[2024-07-03T15:47:45.054+0000] {logging_mixin.py:188} INFO - [2024-07-03T15:47:45.054+0000] {dag.py:3096} INFO - Sync 1 DAGs
[2024-07-03T15:47:45.059+0000] {logging_mixin.py:188} INFO - [2024-07-03T15:47:45.059+0000] {dag.py:3954} INFO - Setting next_dagrun for dag_with_postgres_operator_v03 to None, run_after=None
[2024-07-03T15:47:45.067+0000] {processor.py:183} INFO - Processing /opt/airflow/dags/sql.py took 0.037 seconds
[2024-07-03T15:48:15.432+0000] {processor.py:161} INFO - Started process (PID=811) to work on /opt/airflow/dags/sql.py
[2024-07-03T15:48:15.433+0000] {processor.py:830} INFO - Processing file /opt/airflow/dags/sql.py for tasks to queue
[2024-07-03T15:48:15.434+0000] {logging_mixin.py:188} INFO - [2024-07-03T15:48:15.434+0000] {dagbag.py:545} INFO - Filling up the DagBag from /opt/airflow/dags/sql.py
[2024-07-03T15:48:15.437+0000] {processor.py:840} INFO - DAG(s) 'dag_with_postgres_operator_v03' retrieved from /opt/airflow/dags/sql.py
[2024-07-03T15:48:15.448+0000] {logging_mixin.py:188} INFO - [2024-07-03T15:48:15.448+0000] {dag.py:3096} INFO - Sync 1 DAGs
[2024-07-03T15:48:15.453+0000] {logging_mixin.py:188} INFO - [2024-07-03T15:48:15.453+0000] {dag.py:3954} INFO - Setting next_dagrun for dag_with_postgres_operator_v03 to None, run_after=None
[2024-07-03T15:48:15.461+0000] {processor.py:183} INFO - Processing /opt/airflow/dags/sql.py took 0.031 seconds
[2024-07-03T15:48:45.967+0000] {processor.py:161} INFO - Started process (PID=871) to work on /opt/airflow/dags/sql.py
[2024-07-03T15:48:45.967+0000] {processor.py:830} INFO - Processing file /opt/airflow/dags/sql.py for tasks to queue
[2024-07-03T15:48:45.968+0000] {logging_mixin.py:188} INFO - [2024-07-03T15:48:45.968+0000] {dagbag.py:545} INFO - Filling up the DagBag from /opt/airflow/dags/sql.py
[2024-07-03T15:48:45.972+0000] {processor.py:840} INFO - DAG(s) 'dag_with_postgres_operator_v03' retrieved from /opt/airflow/dags/sql.py
[2024-07-03T15:48:45.983+0000] {logging_mixin.py:188} INFO - [2024-07-03T15:48:45.983+0000] {dag.py:3096} INFO - Sync 1 DAGs
[2024-07-03T15:48:45.988+0000] {logging_mixin.py:188} INFO - [2024-07-03T15:48:45.988+0000] {dag.py:3954} INFO - Setting next_dagrun for dag_with_postgres_operator_v03 to None, run_after=None
[2024-07-03T15:48:45.998+0000] {processor.py:183} INFO - Processing /opt/airflow/dags/sql.py took 0.034 seconds
[2024-07-03T15:49:16.449+0000] {processor.py:161} INFO - Started process (PID=931) to work on /opt/airflow/dags/sql.py
[2024-07-03T15:49:16.450+0000] {processor.py:830} INFO - Processing file /opt/airflow/dags/sql.py for tasks to queue
[2024-07-03T15:49:16.452+0000] {logging_mixin.py:188} INFO - [2024-07-03T15:49:16.452+0000] {dagbag.py:545} INFO - Filling up the DagBag from /opt/airflow/dags/sql.py
[2024-07-03T15:49:16.460+0000] {processor.py:840} INFO - DAG(s) 'dag_with_postgres_operator_v03' retrieved from /opt/airflow/dags/sql.py
[2024-07-03T15:49:16.479+0000] {logging_mixin.py:188} INFO - [2024-07-03T15:49:16.478+0000] {dag.py:3096} INFO - Sync 1 DAGs
[2024-07-03T15:49:16.486+0000] {logging_mixin.py:188} INFO - [2024-07-03T15:49:16.486+0000] {dag.py:3954} INFO - Setting next_dagrun for dag_with_postgres_operator_v03 to None, run_after=None
[2024-07-03T15:49:16.500+0000] {processor.py:183} INFO - Processing /opt/airflow/dags/sql.py took 0.054 seconds
[2024-07-03T15:49:46.930+0000] {processor.py:161} INFO - Started process (PID=991) to work on /opt/airflow/dags/sql.py
[2024-07-03T15:49:46.931+0000] {processor.py:830} INFO - Processing file /opt/airflow/dags/sql.py for tasks to queue
[2024-07-03T15:49:46.931+0000] {logging_mixin.py:188} INFO - [2024-07-03T15:49:46.931+0000] {dagbag.py:545} INFO - Filling up the DagBag from /opt/airflow/dags/sql.py
[2024-07-03T15:49:46.935+0000] {processor.py:840} INFO - DAG(s) 'dag_with_postgres_operator_v03' retrieved from /opt/airflow/dags/sql.py
[2024-07-03T15:49:46.949+0000] {logging_mixin.py:188} INFO - [2024-07-03T15:49:46.948+0000] {dag.py:3096} INFO - Sync 1 DAGs
[2024-07-03T15:49:46.955+0000] {logging_mixin.py:188} INFO - [2024-07-03T15:49:46.955+0000] {dag.py:3954} INFO - Setting next_dagrun for dag_with_postgres_operator_v03 to None, run_after=None
[2024-07-03T15:49:46.963+0000] {processor.py:183} INFO - Processing /opt/airflow/dags/sql.py took 0.036 seconds
[2024-07-03T15:50:17.472+0000] {processor.py:161} INFO - Started process (PID=1051) to work on /opt/airflow/dags/sql.py
[2024-07-03T15:50:17.473+0000] {processor.py:830} INFO - Processing file /opt/airflow/dags/sql.py for tasks to queue
[2024-07-03T15:50:17.475+0000] {logging_mixin.py:188} INFO - [2024-07-03T15:50:17.475+0000] {dagbag.py:545} INFO - Filling up the DagBag from /opt/airflow/dags/sql.py
[2024-07-03T15:50:17.483+0000] {processor.py:840} INFO - DAG(s) 'dag_with_postgres_operator_v03' retrieved from /opt/airflow/dags/sql.py
[2024-07-03T15:50:17.495+0000] {logging_mixin.py:188} INFO - [2024-07-03T15:50:17.495+0000] {dag.py:3096} INFO - Sync 1 DAGs
[2024-07-03T15:50:17.502+0000] {logging_mixin.py:188} INFO - [2024-07-03T15:50:17.502+0000] {dag.py:3954} INFO - Setting next_dagrun for dag_with_postgres_operator_v03 to None, run_after=None
[2024-07-03T15:50:17.510+0000] {processor.py:183} INFO - Processing /opt/airflow/dags/sql.py took 0.043 seconds
[2024-07-03T15:50:48.015+0000] {processor.py:161} INFO - Started process (PID=1110) to work on /opt/airflow/dags/sql.py
[2024-07-03T15:50:48.016+0000] {processor.py:830} INFO - Processing file /opt/airflow/dags/sql.py for tasks to queue
[2024-07-03T15:50:48.017+0000] {logging_mixin.py:188} INFO - [2024-07-03T15:50:48.017+0000] {dagbag.py:545} INFO - Filling up the DagBag from /opt/airflow/dags/sql.py
[2024-07-03T15:50:48.022+0000] {processor.py:840} INFO - DAG(s) 'dag_with_postgres_operator_v03' retrieved from /opt/airflow/dags/sql.py
[2024-07-03T15:50:48.035+0000] {logging_mixin.py:188} INFO - [2024-07-03T15:50:48.035+0000] {dag.py:3096} INFO - Sync 1 DAGs
[2024-07-03T15:50:48.040+0000] {logging_mixin.py:188} INFO - [2024-07-03T15:50:48.040+0000] {dag.py:3954} INFO - Setting next_dagrun for dag_with_postgres_operator_v03 to None, run_after=None
[2024-07-03T15:50:48.047+0000] {processor.py:183} INFO - Processing /opt/airflow/dags/sql.py took 0.037 seconds
[2024-07-03T15:51:18.731+0000] {processor.py:161} INFO - Started process (PID=1170) to work on /opt/airflow/dags/sql.py
[2024-07-03T15:51:18.732+0000] {processor.py:830} INFO - Processing file /opt/airflow/dags/sql.py for tasks to queue
[2024-07-03T15:51:18.733+0000] {logging_mixin.py:188} INFO - [2024-07-03T15:51:18.733+0000] {dagbag.py:545} INFO - Filling up the DagBag from /opt/airflow/dags/sql.py
[2024-07-03T15:51:18.739+0000] {processor.py:840} INFO - DAG(s) 'dag_with_postgres_operator_v03' retrieved from /opt/airflow/dags/sql.py
[2024-07-03T15:51:18.750+0000] {logging_mixin.py:188} INFO - [2024-07-03T15:51:18.750+0000] {dag.py:3096} INFO - Sync 1 DAGs
[2024-07-03T15:51:18.756+0000] {logging_mixin.py:188} INFO - [2024-07-03T15:51:18.756+0000] {dag.py:3954} INFO - Setting next_dagrun for dag_with_postgres_operator_v03 to None, run_after=None
[2024-07-03T15:51:18.763+0000] {processor.py:183} INFO - Processing /opt/airflow/dags/sql.py took 0.038 seconds
[2024-07-03T15:51:49.194+0000] {processor.py:161} INFO - Started process (PID=1229) to work on /opt/airflow/dags/sql.py
[2024-07-03T15:51:49.195+0000] {processor.py:830} INFO - Processing file /opt/airflow/dags/sql.py for tasks to queue
[2024-07-03T15:51:49.199+0000] {logging_mixin.py:188} INFO - [2024-07-03T15:51:49.199+0000] {dagbag.py:545} INFO - Filling up the DagBag from /opt/airflow/dags/sql.py
[2024-07-03T15:51:49.208+0000] {processor.py:840} INFO - DAG(s) 'dag_with_postgres_operator_v03' retrieved from /opt/airflow/dags/sql.py
[2024-07-03T15:51:49.219+0000] {logging_mixin.py:188} INFO - [2024-07-03T15:51:49.219+0000] {dag.py:3096} INFO - Sync 1 DAGs
[2024-07-03T15:51:49.226+0000] {logging_mixin.py:188} INFO - [2024-07-03T15:51:49.226+0000] {dag.py:3954} INFO - Setting next_dagrun for dag_with_postgres_operator_v03 to None, run_after=None
[2024-07-03T15:51:49.233+0000] {processor.py:183} INFO - Processing /opt/airflow/dags/sql.py took 0.044 seconds
[2024-07-03T15:52:19.802+0000] {processor.py:161} INFO - Started process (PID=1288) to work on /opt/airflow/dags/sql.py
[2024-07-03T15:52:19.803+0000] {processor.py:830} INFO - Processing file /opt/airflow/dags/sql.py for tasks to queue
[2024-07-03T15:52:19.804+0000] {logging_mixin.py:188} INFO - [2024-07-03T15:52:19.804+0000] {dagbag.py:545} INFO - Filling up the DagBag from /opt/airflow/dags/sql.py
[2024-07-03T15:52:19.809+0000] {processor.py:840} INFO - DAG(s) 'dag_with_postgres_operator_v03' retrieved from /opt/airflow/dags/sql.py
[2024-07-03T15:52:19.818+0000] {logging_mixin.py:188} INFO - [2024-07-03T15:52:19.818+0000] {dag.py:3096} INFO - Sync 1 DAGs
[2024-07-03T15:52:19.823+0000] {logging_mixin.py:188} INFO - [2024-07-03T15:52:19.823+0000] {dag.py:3954} INFO - Setting next_dagrun for dag_with_postgres_operator_v03 to None, run_after=None
[2024-07-03T15:52:19.830+0000] {processor.py:183} INFO - Processing /opt/airflow/dags/sql.py took 0.034 seconds
[2024-07-03T15:52:50.180+0000] {processor.py:161} INFO - Started process (PID=1348) to work on /opt/airflow/dags/sql.py
[2024-07-03T15:52:50.181+0000] {processor.py:830} INFO - Processing file /opt/airflow/dags/sql.py for tasks to queue
[2024-07-03T15:52:50.183+0000] {logging_mixin.py:188} INFO - [2024-07-03T15:52:50.183+0000] {dagbag.py:545} INFO - Filling up the DagBag from /opt/airflow/dags/sql.py
[2024-07-03T15:52:50.189+0000] {processor.py:840} INFO - DAG(s) 'dag_with_postgres_operator_v03' retrieved from /opt/airflow/dags/sql.py
[2024-07-03T15:52:50.201+0000] {logging_mixin.py:188} INFO - [2024-07-03T15:52:50.200+0000] {dag.py:3096} INFO - Sync 1 DAGs
[2024-07-03T15:52:50.206+0000] {logging_mixin.py:188} INFO - [2024-07-03T15:52:50.206+0000] {dag.py:3954} INFO - Setting next_dagrun for dag_with_postgres_operator_v03 to None, run_after=None
[2024-07-03T15:52:50.215+0000] {processor.py:183} INFO - Processing /opt/airflow/dags/sql.py took 0.042 seconds
[2024-07-03T15:53:20.753+0000] {processor.py:161} INFO - Started process (PID=1407) to work on /opt/airflow/dags/sql.py
[2024-07-03T15:53:20.754+0000] {processor.py:830} INFO - Processing file /opt/airflow/dags/sql.py for tasks to queue
[2024-07-03T15:53:20.756+0000] {logging_mixin.py:188} INFO - [2024-07-03T15:53:20.756+0000] {dagbag.py:545} INFO - Filling up the DagBag from /opt/airflow/dags/sql.py
[2024-07-03T15:53:20.761+0000] {processor.py:840} INFO - DAG(s) 'dag_with_postgres_operator_v03' retrieved from /opt/airflow/dags/sql.py
[2024-07-03T15:53:20.770+0000] {logging_mixin.py:188} INFO - [2024-07-03T15:53:20.770+0000] {dag.py:3096} INFO - Sync 1 DAGs
[2024-07-03T15:53:20.776+0000] {logging_mixin.py:188} INFO - [2024-07-03T15:53:20.776+0000] {dag.py:3954} INFO - Setting next_dagrun for dag_with_postgres_operator_v03 to None, run_after=None
[2024-07-03T15:53:20.783+0000] {processor.py:183} INFO - Processing /opt/airflow/dags/sql.py took 0.036 seconds
[2024-07-03T15:53:51.228+0000] {processor.py:161} INFO - Started process (PID=1466) to work on /opt/airflow/dags/sql.py
[2024-07-03T15:53:51.229+0000] {processor.py:830} INFO - Processing file /opt/airflow/dags/sql.py for tasks to queue
[2024-07-03T15:53:51.231+0000] {logging_mixin.py:188} INFO - [2024-07-03T15:53:51.231+0000] {dagbag.py:545} INFO - Filling up the DagBag from /opt/airflow/dags/sql.py
[2024-07-03T15:53:51.235+0000] {processor.py:840} INFO - DAG(s) 'dag_with_postgres_operator_v03' retrieved from /opt/airflow/dags/sql.py
[2024-07-03T15:53:51.244+0000] {logging_mixin.py:188} INFO - [2024-07-03T15:53:51.244+0000] {dag.py:3096} INFO - Sync 1 DAGs
[2024-07-03T15:53:51.250+0000] {logging_mixin.py:188} INFO - [2024-07-03T15:53:51.250+0000] {dag.py:3954} INFO - Setting next_dagrun for dag_with_postgres_operator_v03 to None, run_after=None
[2024-07-03T15:53:51.257+0000] {processor.py:183} INFO - Processing /opt/airflow/dags/sql.py took 0.035 seconds
[2024-07-03T15:54:21.805+0000] {processor.py:161} INFO - Started process (PID=1527) to work on /opt/airflow/dags/sql.py
[2024-07-03T15:54:21.806+0000] {processor.py:830} INFO - Processing file /opt/airflow/dags/sql.py for tasks to queue
[2024-07-03T15:54:21.808+0000] {logging_mixin.py:188} INFO - [2024-07-03T15:54:21.808+0000] {dagbag.py:545} INFO - Filling up the DagBag from /opt/airflow/dags/sql.py
[2024-07-03T15:54:21.814+0000] {processor.py:840} INFO - DAG(s) 'dag_with_postgres_operator_v03' retrieved from /opt/airflow/dags/sql.py
[2024-07-03T15:54:21.824+0000] {logging_mixin.py:188} INFO - [2024-07-03T15:54:21.824+0000] {dag.py:3096} INFO - Sync 1 DAGs
[2024-07-03T15:54:21.830+0000] {logging_mixin.py:188} INFO - [2024-07-03T15:54:21.830+0000] {dag.py:3954} INFO - Setting next_dagrun for dag_with_postgres_operator_v03 to None, run_after=None
[2024-07-03T15:54:21.837+0000] {processor.py:183} INFO - Processing /opt/airflow/dags/sql.py took 0.037 seconds
[2024-07-03T15:54:52.424+0000] {processor.py:161} INFO - Started process (PID=1587) to work on /opt/airflow/dags/sql.py
[2024-07-03T15:54:52.425+0000] {processor.py:830} INFO - Processing file /opt/airflow/dags/sql.py for tasks to queue
[2024-07-03T15:54:52.426+0000] {logging_mixin.py:188} INFO - [2024-07-03T15:54:52.426+0000] {dagbag.py:545} INFO - Filling up the DagBag from /opt/airflow/dags/sql.py
[2024-07-03T15:54:52.431+0000] {processor.py:840} INFO - DAG(s) 'dag_with_postgres_operator_v03' retrieved from /opt/airflow/dags/sql.py
[2024-07-03T15:54:52.446+0000] {logging_mixin.py:188} INFO - [2024-07-03T15:54:52.446+0000] {dag.py:3096} INFO - Sync 1 DAGs
[2024-07-03T15:54:52.453+0000] {logging_mixin.py:188} INFO - [2024-07-03T15:54:52.453+0000] {dag.py:3954} INFO - Setting next_dagrun for dag_with_postgres_operator_v03 to None, run_after=None
[2024-07-03T15:54:52.461+0000] {processor.py:183} INFO - Processing /opt/airflow/dags/sql.py took 0.045 seconds
[2024-07-03T15:55:23.006+0000] {processor.py:161} INFO - Started process (PID=1647) to work on /opt/airflow/dags/sql.py
[2024-07-03T15:55:23.007+0000] {processor.py:830} INFO - Processing file /opt/airflow/dags/sql.py for tasks to queue
[2024-07-03T15:55:23.008+0000] {logging_mixin.py:188} INFO - [2024-07-03T15:55:23.008+0000] {dagbag.py:545} INFO - Filling up the DagBag from /opt/airflow/dags/sql.py
[2024-07-03T15:55:23.014+0000] {processor.py:840} INFO - DAG(s) 'dag_with_postgres_operator_v03' retrieved from /opt/airflow/dags/sql.py
[2024-07-03T15:55:23.025+0000] {logging_mixin.py:188} INFO - [2024-07-03T15:55:23.025+0000] {dag.py:3096} INFO - Sync 1 DAGs
[2024-07-03T15:55:23.031+0000] {logging_mixin.py:188} INFO - [2024-07-03T15:55:23.031+0000] {dag.py:3954} INFO - Setting next_dagrun for dag_with_postgres_operator_v03 to None, run_after=None
[2024-07-03T15:55:23.038+0000] {processor.py:183} INFO - Processing /opt/airflow/dags/sql.py took 0.038 seconds
[2024-07-03T15:55:53.642+0000] {processor.py:161} INFO - Started process (PID=1707) to work on /opt/airflow/dags/sql.py
[2024-07-03T15:55:53.643+0000] {processor.py:830} INFO - Processing file /opt/airflow/dags/sql.py for tasks to queue
[2024-07-03T15:55:53.644+0000] {logging_mixin.py:188} INFO - [2024-07-03T15:55:53.644+0000] {dagbag.py:545} INFO - Filling up the DagBag from /opt/airflow/dags/sql.py
[2024-07-03T15:55:53.649+0000] {processor.py:840} INFO - DAG(s) 'dag_with_postgres_operator_v03' retrieved from /opt/airflow/dags/sql.py
[2024-07-03T15:55:53.659+0000] {logging_mixin.py:188} INFO - [2024-07-03T15:55:53.659+0000] {dag.py:3096} INFO - Sync 1 DAGs
[2024-07-03T15:55:53.664+0000] {logging_mixin.py:188} INFO - [2024-07-03T15:55:53.664+0000] {dag.py:3954} INFO - Setting next_dagrun for dag_with_postgres_operator_v03 to None, run_after=None
[2024-07-03T15:55:53.671+0000] {processor.py:183} INFO - Processing /opt/airflow/dags/sql.py took 0.035 seconds
[2024-07-03T15:56:24.289+0000] {processor.py:161} INFO - Started process (PID=1767) to work on /opt/airflow/dags/sql.py
[2024-07-03T15:56:24.290+0000] {processor.py:830} INFO - Processing file /opt/airflow/dags/sql.py for tasks to queue
[2024-07-03T15:56:24.291+0000] {logging_mixin.py:188} INFO - [2024-07-03T15:56:24.291+0000] {dagbag.py:545} INFO - Filling up the DagBag from /opt/airflow/dags/sql.py
[2024-07-03T15:56:24.296+0000] {processor.py:840} INFO - DAG(s) 'dag_with_postgres_operator_v03' retrieved from /opt/airflow/dags/sql.py
[2024-07-03T15:56:24.306+0000] {logging_mixin.py:188} INFO - [2024-07-03T15:56:24.305+0000] {dag.py:3096} INFO - Sync 1 DAGs
[2024-07-03T15:56:24.311+0000] {logging_mixin.py:188} INFO - [2024-07-03T15:56:24.311+0000] {dag.py:3954} INFO - Setting next_dagrun for dag_with_postgres_operator_v03 to None, run_after=None
[2024-07-03T15:56:24.317+0000] {processor.py:183} INFO - Processing /opt/airflow/dags/sql.py took 0.032 seconds
[2024-07-03T15:56:54.818+0000] {processor.py:161} INFO - Started process (PID=1827) to work on /opt/airflow/dags/sql.py
[2024-07-03T15:56:54.819+0000] {processor.py:830} INFO - Processing file /opt/airflow/dags/sql.py for tasks to queue
[2024-07-03T15:56:54.823+0000] {logging_mixin.py:188} INFO - [2024-07-03T15:56:54.823+0000] {dagbag.py:545} INFO - Filling up the DagBag from /opt/airflow/dags/sql.py
[2024-07-03T15:56:54.831+0000] {processor.py:840} INFO - DAG(s) 'dag_with_postgres_operator_v03' retrieved from /opt/airflow/dags/sql.py
[2024-07-03T15:56:54.843+0000] {logging_mixin.py:188} INFO - [2024-07-03T15:56:54.843+0000] {dag.py:3096} INFO - Sync 1 DAGs
[2024-07-03T15:56:54.850+0000] {logging_mixin.py:188} INFO - [2024-07-03T15:56:54.850+0000] {dag.py:3954} INFO - Setting next_dagrun for dag_with_postgres_operator_v03 to None, run_after=None
[2024-07-03T15:56:54.860+0000] {processor.py:183} INFO - Processing /opt/airflow/dags/sql.py took 0.049 seconds
[2024-07-03T15:57:25.550+0000] {processor.py:161} INFO - Started process (PID=1886) to work on /opt/airflow/dags/sql.py
[2024-07-03T15:57:25.550+0000] {processor.py:830} INFO - Processing file /opt/airflow/dags/sql.py for tasks to queue
[2024-07-03T15:57:25.551+0000] {logging_mixin.py:188} INFO - [2024-07-03T15:57:25.551+0000] {dagbag.py:545} INFO - Filling up the DagBag from /opt/airflow/dags/sql.py
[2024-07-03T15:57:25.555+0000] {processor.py:840} INFO - DAG(s) 'dag_with_postgres_operator_v03' retrieved from /opt/airflow/dags/sql.py
[2024-07-03T15:57:25.565+0000] {logging_mixin.py:188} INFO - [2024-07-03T15:57:25.565+0000] {dag.py:3096} INFO - Sync 1 DAGs
[2024-07-03T15:57:25.571+0000] {logging_mixin.py:188} INFO - [2024-07-03T15:57:25.571+0000] {dag.py:3954} INFO - Setting next_dagrun for dag_with_postgres_operator_v03 to None, run_after=None
[2024-07-03T15:57:25.579+0000] {processor.py:183} INFO - Processing /opt/airflow/dags/sql.py took 0.033 seconds
[2024-07-03T15:57:55.930+0000] {processor.py:161} INFO - Started process (PID=1946) to work on /opt/airflow/dags/sql.py
[2024-07-03T15:57:55.931+0000] {processor.py:830} INFO - Processing file /opt/airflow/dags/sql.py for tasks to queue
[2024-07-03T15:57:55.932+0000] {logging_mixin.py:188} INFO - [2024-07-03T15:57:55.931+0000] {dagbag.py:545} INFO - Filling up the DagBag from /opt/airflow/dags/sql.py
[2024-07-03T15:57:55.936+0000] {processor.py:840} INFO - DAG(s) 'dag_with_postgres_operator_v03' retrieved from /opt/airflow/dags/sql.py
[2024-07-03T15:57:55.946+0000] {logging_mixin.py:188} INFO - [2024-07-03T15:57:55.946+0000] {dag.py:3096} INFO - Sync 1 DAGs
[2024-07-03T15:57:55.951+0000] {logging_mixin.py:188} INFO - [2024-07-03T15:57:55.951+0000] {dag.py:3954} INFO - Setting next_dagrun for dag_with_postgres_operator_v03 to None, run_after=None
[2024-07-03T15:57:55.958+0000] {processor.py:183} INFO - Processing /opt/airflow/dags/sql.py took 0.032 seconds
[2024-07-03T15:58:26.444+0000] {processor.py:161} INFO - Started process (PID=2006) to work on /opt/airflow/dags/sql.py
[2024-07-03T15:58:26.445+0000] {processor.py:830} INFO - Processing file /opt/airflow/dags/sql.py for tasks to queue
[2024-07-03T15:58:26.446+0000] {logging_mixin.py:188} INFO - [2024-07-03T15:58:26.446+0000] {dagbag.py:545} INFO - Filling up the DagBag from /opt/airflow/dags/sql.py
[2024-07-03T15:58:26.451+0000] {processor.py:840} INFO - DAG(s) 'dag_with_postgres_operator_v03' retrieved from /opt/airflow/dags/sql.py
[2024-07-03T15:58:26.460+0000] {logging_mixin.py:188} INFO - [2024-07-03T15:58:26.460+0000] {dag.py:3096} INFO - Sync 1 DAGs
[2024-07-03T15:58:26.465+0000] {logging_mixin.py:188} INFO - [2024-07-03T15:58:26.465+0000] {dag.py:3954} INFO - Setting next_dagrun for dag_with_postgres_operator_v03 to None, run_after=None
[2024-07-03T15:58:26.472+0000] {processor.py:183} INFO - Processing /opt/airflow/dags/sql.py took 0.034 seconds
[2024-07-03T15:58:56.918+0000] {processor.py:161} INFO - Started process (PID=2066) to work on /opt/airflow/dags/sql.py
[2024-07-03T15:58:56.919+0000] {processor.py:830} INFO - Processing file /opt/airflow/dags/sql.py for tasks to queue
[2024-07-03T15:58:56.920+0000] {logging_mixin.py:188} INFO - [2024-07-03T15:58:56.920+0000] {dagbag.py:545} INFO - Filling up the DagBag from /opt/airflow/dags/sql.py
[2024-07-03T15:58:56.924+0000] {processor.py:840} INFO - DAG(s) 'dag_with_postgres_operator_v03' retrieved from /opt/airflow/dags/sql.py
[2024-07-03T15:58:56.935+0000] {logging_mixin.py:188} INFO - [2024-07-03T15:58:56.934+0000] {dag.py:3096} INFO - Sync 1 DAGs
[2024-07-03T15:58:56.940+0000] {logging_mixin.py:188} INFO - [2024-07-03T15:58:56.940+0000] {dag.py:3954} INFO - Setting next_dagrun for dag_with_postgres_operator_v03 to None, run_after=None
[2024-07-03T15:58:56.946+0000] {processor.py:183} INFO - Processing /opt/airflow/dags/sql.py took 0.031 seconds
[2024-07-03T15:59:27.745+0000] {processor.py:161} INFO - Started process (PID=2126) to work on /opt/airflow/dags/sql.py
[2024-07-03T15:59:27.746+0000] {processor.py:830} INFO - Processing file /opt/airflow/dags/sql.py for tasks to queue
[2024-07-03T15:59:27.747+0000] {logging_mixin.py:188} INFO - [2024-07-03T15:59:27.747+0000] {dagbag.py:545} INFO - Filling up the DagBag from /opt/airflow/dags/sql.py
[2024-07-03T15:59:27.753+0000] {processor.py:840} INFO - DAG(s) 'dag_with_postgres_operator_v03' retrieved from /opt/airflow/dags/sql.py
[2024-07-03T15:59:27.764+0000] {logging_mixin.py:188} INFO - [2024-07-03T15:59:27.764+0000] {dag.py:3096} INFO - Sync 1 DAGs
[2024-07-03T15:59:27.850+0000] {logging_mixin.py:188} INFO - [2024-07-03T15:59:27.850+0000] {dag.py:3954} INFO - Setting next_dagrun for dag_with_postgres_operator_v03 to None, run_after=None
[2024-07-03T15:59:27.857+0000] {processor.py:183} INFO - Processing /opt/airflow/dags/sql.py took 0.118 seconds
[2024-07-03T15:59:58.299+0000] {processor.py:161} INFO - Started process (PID=2185) to work on /opt/airflow/dags/sql.py
[2024-07-03T15:59:58.299+0000] {processor.py:830} INFO - Processing file /opt/airflow/dags/sql.py for tasks to queue
[2024-07-03T15:59:58.301+0000] {logging_mixin.py:188} INFO - [2024-07-03T15:59:58.301+0000] {dagbag.py:545} INFO - Filling up the DagBag from /opt/airflow/dags/sql.py
[2024-07-03T15:59:58.304+0000] {processor.py:840} INFO - DAG(s) 'dag_with_postgres_operator_v03' retrieved from /opt/airflow/dags/sql.py
[2024-07-03T15:59:58.313+0000] {logging_mixin.py:188} INFO - [2024-07-03T15:59:58.313+0000] {dag.py:3096} INFO - Sync 1 DAGs
[2024-07-03T15:59:58.319+0000] {logging_mixin.py:188} INFO - [2024-07-03T15:59:58.319+0000] {dag.py:3954} INFO - Setting next_dagrun for dag_with_postgres_operator_v03 to None, run_after=None
[2024-07-03T15:59:58.325+0000] {processor.py:183} INFO - Processing /opt/airflow/dags/sql.py took 0.032 seconds
[2024-07-03T16:00:28.878+0000] {processor.py:161} INFO - Started process (PID=2244) to work on /opt/airflow/dags/sql.py
[2024-07-03T16:00:28.879+0000] {processor.py:830} INFO - Processing file /opt/airflow/dags/sql.py for tasks to queue
[2024-07-03T16:00:28.880+0000] {logging_mixin.py:188} INFO - [2024-07-03T16:00:28.880+0000] {dagbag.py:545} INFO - Filling up the DagBag from /opt/airflow/dags/sql.py
[2024-07-03T16:00:28.889+0000] {processor.py:840} INFO - DAG(s) 'dag_with_postgres_operator_v03' retrieved from /opt/airflow/dags/sql.py
[2024-07-03T16:00:28.904+0000] {logging_mixin.py:188} INFO - [2024-07-03T16:00:28.904+0000] {dag.py:3096} INFO - Sync 1 DAGs
[2024-07-03T16:00:28.910+0000] {logging_mixin.py:188} INFO - [2024-07-03T16:00:28.910+0000] {dag.py:3954} INFO - Setting next_dagrun for dag_with_postgres_operator_v03 to None, run_after=None
[2024-07-03T16:00:28.917+0000] {processor.py:183} INFO - Processing /opt/airflow/dags/sql.py took 0.046 seconds
[2024-07-03T16:00:59.416+0000] {processor.py:161} INFO - Started process (PID=2304) to work on /opt/airflow/dags/sql.py
[2024-07-03T16:00:59.417+0000] {processor.py:830} INFO - Processing file /opt/airflow/dags/sql.py for tasks to queue
[2024-07-03T16:00:59.419+0000] {logging_mixin.py:188} INFO - [2024-07-03T16:00:59.419+0000] {dagbag.py:545} INFO - Filling up the DagBag from /opt/airflow/dags/sql.py
[2024-07-03T16:00:59.425+0000] {processor.py:840} INFO - DAG(s) 'dag_with_postgres_operator_v03' retrieved from /opt/airflow/dags/sql.py
[2024-07-03T16:00:59.434+0000] {logging_mixin.py:188} INFO - [2024-07-03T16:00:59.434+0000] {dag.py:3096} INFO - Sync 1 DAGs
[2024-07-03T16:00:59.439+0000] {logging_mixin.py:188} INFO - [2024-07-03T16:00:59.439+0000] {dag.py:3954} INFO - Setting next_dagrun for dag_with_postgres_operator_v03 to None, run_after=None
[2024-07-03T16:00:59.446+0000] {processor.py:183} INFO - Processing /opt/airflow/dags/sql.py took 0.037 seconds
[2024-07-03T16:01:29.891+0000] {processor.py:161} INFO - Started process (PID=2370) to work on /opt/airflow/dags/sql.py
[2024-07-03T16:01:29.892+0000] {processor.py:830} INFO - Processing file /opt/airflow/dags/sql.py for tasks to queue
[2024-07-03T16:01:29.893+0000] {logging_mixin.py:188} INFO - [2024-07-03T16:01:29.893+0000] {dagbag.py:545} INFO - Filling up the DagBag from /opt/airflow/dags/sql.py
[2024-07-03T16:01:29.899+0000] {processor.py:840} INFO - DAG(s) 'dag_with_postgres_operator_v03' retrieved from /opt/airflow/dags/sql.py
[2024-07-03T16:01:29.909+0000] {logging_mixin.py:188} INFO - [2024-07-03T16:01:29.909+0000] {dag.py:3096} INFO - Sync 1 DAGs
[2024-07-03T16:01:29.915+0000] {logging_mixin.py:188} INFO - [2024-07-03T16:01:29.914+0000] {dag.py:3954} INFO - Setting next_dagrun for dag_with_postgres_operator_v03 to None, run_after=None
[2024-07-03T16:01:29.922+0000] {processor.py:183} INFO - Processing /opt/airflow/dags/sql.py took 0.037 seconds
[2024-07-03T16:02:00.391+0000] {processor.py:161} INFO - Started process (PID=2430) to work on /opt/airflow/dags/sql.py
[2024-07-03T16:02:00.393+0000] {processor.py:830} INFO - Processing file /opt/airflow/dags/sql.py for tasks to queue
[2024-07-03T16:02:00.394+0000] {logging_mixin.py:188} INFO - [2024-07-03T16:02:00.394+0000] {dagbag.py:545} INFO - Filling up the DagBag from /opt/airflow/dags/sql.py
[2024-07-03T16:02:00.400+0000] {processor.py:840} INFO - DAG(s) 'dag_with_postgres_operator_v03' retrieved from /opt/airflow/dags/sql.py
[2024-07-03T16:02:00.412+0000] {logging_mixin.py:188} INFO - [2024-07-03T16:02:00.412+0000] {dag.py:3096} INFO - Sync 1 DAGs
[2024-07-03T16:02:00.417+0000] {logging_mixin.py:188} INFO - [2024-07-03T16:02:00.417+0000] {dag.py:3954} INFO - Setting next_dagrun for dag_with_postgres_operator_v03 to None, run_after=None
[2024-07-03T16:02:00.424+0000] {processor.py:183} INFO - Processing /opt/airflow/dags/sql.py took 0.037 seconds
[2024-07-03T16:02:30.934+0000] {processor.py:161} INFO - Started process (PID=2490) to work on /opt/airflow/dags/sql.py
[2024-07-03T16:02:30.935+0000] {processor.py:830} INFO - Processing file /opt/airflow/dags/sql.py for tasks to queue
[2024-07-03T16:02:30.937+0000] {logging_mixin.py:188} INFO - [2024-07-03T16:02:30.937+0000] {dagbag.py:545} INFO - Filling up the DagBag from /opt/airflow/dags/sql.py
[2024-07-03T16:02:30.941+0000] {processor.py:840} INFO - DAG(s) 'dag_with_postgres_operator_v03' retrieved from /opt/airflow/dags/sql.py
[2024-07-03T16:02:30.951+0000] {logging_mixin.py:188} INFO - [2024-07-03T16:02:30.951+0000] {dag.py:3096} INFO - Sync 1 DAGs
[2024-07-03T16:02:30.957+0000] {logging_mixin.py:188} INFO - [2024-07-03T16:02:30.957+0000] {dag.py:3954} INFO - Setting next_dagrun for dag_with_postgres_operator_v03 to None, run_after=None
[2024-07-03T16:02:30.964+0000] {processor.py:183} INFO - Processing /opt/airflow/dags/sql.py took 0.035 seconds
[2024-07-03T16:03:01.430+0000] {processor.py:161} INFO - Started process (PID=2550) to work on /opt/airflow/dags/sql.py
[2024-07-03T16:03:01.431+0000] {processor.py:830} INFO - Processing file /opt/airflow/dags/sql.py for tasks to queue
[2024-07-03T16:03:01.432+0000] {logging_mixin.py:188} INFO - [2024-07-03T16:03:01.432+0000] {dagbag.py:545} INFO - Filling up the DagBag from /opt/airflow/dags/sql.py
[2024-07-03T16:03:01.437+0000] {processor.py:840} INFO - DAG(s) 'dag_with_postgres_operator_v03' retrieved from /opt/airflow/dags/sql.py
[2024-07-03T16:03:01.446+0000] {logging_mixin.py:188} INFO - [2024-07-03T16:03:01.446+0000] {dag.py:3096} INFO - Sync 1 DAGs
[2024-07-03T16:03:01.452+0000] {logging_mixin.py:188} INFO - [2024-07-03T16:03:01.452+0000] {dag.py:3954} INFO - Setting next_dagrun for dag_with_postgres_operator_v03 to None, run_after=None
[2024-07-03T16:03:01.459+0000] {processor.py:183} INFO - Processing /opt/airflow/dags/sql.py took 0.035 seconds
[2024-07-03T16:03:31.947+0000] {processor.py:161} INFO - Started process (PID=2610) to work on /opt/airflow/dags/sql.py
[2024-07-03T16:03:31.948+0000] {processor.py:830} INFO - Processing file /opt/airflow/dags/sql.py for tasks to queue
[2024-07-03T16:03:31.949+0000] {logging_mixin.py:188} INFO - [2024-07-03T16:03:31.949+0000] {dagbag.py:545} INFO - Filling up the DagBag from /opt/airflow/dags/sql.py
[2024-07-03T16:03:31.953+0000] {processor.py:840} INFO - DAG(s) 'dag_with_postgres_operator_v03' retrieved from /opt/airflow/dags/sql.py
[2024-07-03T16:03:31.962+0000] {logging_mixin.py:188} INFO - [2024-07-03T16:03:31.962+0000] {dag.py:3096} INFO - Sync 1 DAGs
[2024-07-03T16:03:31.968+0000] {logging_mixin.py:188} INFO - [2024-07-03T16:03:31.968+0000] {dag.py:3954} INFO - Setting next_dagrun for dag_with_postgres_operator_v03 to None, run_after=None
[2024-07-03T16:03:31.976+0000] {processor.py:183} INFO - Processing /opt/airflow/dags/sql.py took 0.033 seconds
