[2024-07-08T06:54:58.159+0000] {local_task_job_runner.py:120} INFO - ::group::Pre task execution logs
[2024-07-08T06:54:58.169+0000] {taskinstance.py:2076} INFO - Dependencies all met for dep_context=non-requeueable deps ti=<TaskInstance: dag_with_postgres_hooks.predict manual__2024-07-08T06:54:50.875592+00:00 [queued]>
[2024-07-08T06:54:58.173+0000] {taskinstance.py:2076} INFO - Dependencies all met for dep_context=requeueable deps ti=<TaskInstance: dag_with_postgres_hooks.predict manual__2024-07-08T06:54:50.875592+00:00 [queued]>
[2024-07-08T06:54:58.173+0000] {taskinstance.py:2306} INFO - Starting attempt 1 of 1
[2024-07-08T06:54:58.178+0000] {taskinstance.py:2330} INFO - Executing <Task(PythonOperator): predict> on 2024-07-08 06:54:50.875592+00:00
[2024-07-08T06:54:58.182+0000] {warnings.py:112} WARNING - /home/***/.local/lib/python3.12/site-packages/***/task/task_runner/standard_task_runner.py:61: DeprecationWarning: This process (pid=709) is multi-threaded, use of fork() may lead to deadlocks in the child.
  pid = os.fork()

[2024-07-08T06:54:58.182+0000] {standard_task_runner.py:63} INFO - Started process 718 to run task
[2024-07-08T06:54:58.183+0000] {standard_task_runner.py:90} INFO - Running: ['***', 'tasks', 'run', 'dag_with_postgres_hooks', 'predict', 'manual__2024-07-08T06:54:50.875592+00:00', '--job-id', '310', '--raw', '--subdir', 'DAGS_FOLDER/sql_2.py', '--cfg-path', '/tmp/tmp4uzd8vro']
[2024-07-08T06:54:58.183+0000] {standard_task_runner.py:91} INFO - Job 310: Subtask predict
[2024-07-08T06:54:58.200+0000] {task_command.py:426} INFO - Running <TaskInstance: dag_with_postgres_hooks.predict manual__2024-07-08T06:54:50.875592+00:00 [running]> on host 10d335c2a089
[2024-07-08T06:54:58.231+0000] {taskinstance.py:2648} INFO - Exporting env vars: AIRFLOW_CTX_DAG_EMAIL='***@example.com' AIRFLOW_CTX_DAG_OWNER='***' AIRFLOW_CTX_DAG_ID='dag_with_postgres_hooks' AIRFLOW_CTX_TASK_ID='predict' AIRFLOW_CTX_EXECUTION_DATE='2024-07-08T06:54:50.875592+00:00' AIRFLOW_CTX_TRY_NUMBER='1' AIRFLOW_CTX_DAG_RUN_ID='manual__2024-07-08T06:54:50.875592+00:00'
[2024-07-08T06:54:58.231+0000] {taskinstance.py:430} INFO - ::endgroup::
[2024-07-08T06:54:58.352+0000] {connectionpool.py:874} WARNING - Retrying (Retry(total=4, connect=4, read=5, redirect=5, status=5)) after connection broken by 'NewConnectionError('<urllib3.connection.HTTPConnection object at 0xffff4404e3f0>: Failed to establish a new connection: [Errno 111] Connection refused')': /api/2.0/mlflow-artifacts/artifacts?path=0%2F86be7041f349456495f969a6cdcc12c5%2Fartifacts%2Fmodel
[2024-07-08T06:55:02.370+0000] {connectionpool.py:874} WARNING - Retrying (Retry(total=3, connect=3, read=5, redirect=5, status=5)) after connection broken by 'NewConnectionError('<urllib3.connection.HTTPConnection object at 0xffff7ca0a6f0>: Failed to establish a new connection: [Errno 111] Connection refused')': /api/2.0/mlflow-artifacts/artifacts?path=0%2F86be7041f349456495f969a6cdcc12c5%2Fartifacts%2Fmodel
[2024-07-08T06:55:10.387+0000] {connectionpool.py:874} WARNING - Retrying (Retry(total=2, connect=2, read=5, redirect=5, status=5)) after connection broken by 'NewConnectionError('<urllib3.connection.HTTPConnection object at 0xffff43b77140>: Failed to establish a new connection: [Errno 111] Connection refused')': /api/2.0/mlflow-artifacts/artifacts?path=0%2F86be7041f349456495f969a6cdcc12c5%2Fartifacts%2Fmodel
[2024-07-08T06:55:26.771+0000] {connectionpool.py:874} WARNING - Retrying (Retry(total=1, connect=1, read=5, redirect=5, status=5)) after connection broken by 'NewConnectionError('<urllib3.connection.HTTPConnection object at 0xffff43b77920>: Failed to establish a new connection: [Errno 111] Connection refused')': /api/2.0/mlflow-artifacts/artifacts?path=0%2F86be7041f349456495f969a6cdcc12c5%2Fartifacts%2Fmodel
[2024-07-08T06:55:59.200+0000] {connectionpool.py:874} WARNING - Retrying (Retry(total=0, connect=0, read=5, redirect=5, status=5)) after connection broken by 'NewConnectionError('<urllib3.connection.HTTPConnection object at 0xffff43b9b590>: Failed to establish a new connection: [Errno 111] Connection refused')': /api/2.0/mlflow-artifacts/artifacts?path=0%2F86be7041f349456495f969a6cdcc12c5%2Fartifacts%2Fmodel
[2024-07-08T06:55:59.245+0000] {taskinstance.py:441} INFO - ::group::Post task execution logs
[2024-07-08T06:55:59.246+0000] {taskinstance.py:2905} ERROR - Task failed with exception
Traceback (most recent call last):
  File "/home/airflow/.local/lib/python3.12/site-packages/urllib3/connection.py", line 198, in _new_conn
    sock = connection.create_connection(
           ^^^^^^^^^^^^^^^^^^^^^^^^^^^^^
  File "/home/airflow/.local/lib/python3.12/site-packages/urllib3/util/connection.py", line 85, in create_connection
    raise err
  File "/home/airflow/.local/lib/python3.12/site-packages/urllib3/util/connection.py", line 73, in create_connection
    sock.connect(sa)
ConnectionRefusedError: [Errno 111] Connection refused

The above exception was the direct cause of the following exception:

Traceback (most recent call last):
  File "/home/airflow/.local/lib/python3.12/site-packages/urllib3/connectionpool.py", line 793, in urlopen
    response = self._make_request(
               ^^^^^^^^^^^^^^^^^^^
  File "/home/airflow/.local/lib/python3.12/site-packages/urllib3/connectionpool.py", line 496, in _make_request
    conn.request(
  File "/home/airflow/.local/lib/python3.12/site-packages/urllib3/connection.py", line 400, in request
    self.endheaders()
  File "/usr/local/lib/python3.12/http/client.py", line 1331, in endheaders
    self._send_output(message_body, encode_chunked=encode_chunked)
  File "/usr/local/lib/python3.12/http/client.py", line 1091, in _send_output
    self.send(msg)
  File "/usr/local/lib/python3.12/http/client.py", line 1035, in send
    self.connect()
  File "/home/airflow/.local/lib/python3.12/site-packages/urllib3/connection.py", line 238, in connect
    self.sock = self._new_conn()
                ^^^^^^^^^^^^^^^^
  File "/home/airflow/.local/lib/python3.12/site-packages/urllib3/connection.py", line 213, in _new_conn
    raise NewConnectionError(
urllib3.exceptions.NewConnectionError: <urllib3.connection.HTTPConnection object at 0xffff43b9a720>: Failed to establish a new connection: [Errno 111] Connection refused

The above exception was the direct cause of the following exception:

Traceback (most recent call last):
  File "/home/airflow/.local/lib/python3.12/site-packages/requests/adapters.py", line 486, in send
    resp = conn.urlopen(
           ^^^^^^^^^^^^^
  File "/home/airflow/.local/lib/python3.12/site-packages/urllib3/connectionpool.py", line 877, in urlopen
    return self.urlopen(
           ^^^^^^^^^^^^^
  File "/home/airflow/.local/lib/python3.12/site-packages/urllib3/connectionpool.py", line 877, in urlopen
    return self.urlopen(
           ^^^^^^^^^^^^^
  File "/home/airflow/.local/lib/python3.12/site-packages/urllib3/connectionpool.py", line 877, in urlopen
    return self.urlopen(
           ^^^^^^^^^^^^^
  [Previous line repeated 2 more times]
  File "/home/airflow/.local/lib/python3.12/site-packages/urllib3/connectionpool.py", line 847, in urlopen
    retries = retries.increment(
              ^^^^^^^^^^^^^^^^^^
  File "/home/airflow/.local/lib/python3.12/site-packages/urllib3/util/retry.py", line 515, in increment
    raise MaxRetryError(_pool, url, reason) from reason  # type: ignore[arg-type]
    ^^^^^^^^^^^^^^^^^^^^^^^^^^^^^^^^^^^^^^^^^^^^^^^^^^^
urllib3.exceptions.MaxRetryError: HTTPConnectionPool(host='127.0.0.1', port=5000): Max retries exceeded with url: /api/2.0/mlflow-artifacts/artifacts?path=0%2F86be7041f349456495f969a6cdcc12c5%2Fartifacts%2Fmodel (Caused by NewConnectionError('<urllib3.connection.HTTPConnection object at 0xffff43b9a720>: Failed to establish a new connection: [Errno 111] Connection refused'))

During handling of the above exception, another exception occurred:

Traceback (most recent call last):
  File "/home/airflow/.local/lib/python3.12/site-packages/mlflow/utils/rest_utils.py", line 129, in http_request
    return _get_http_response_with_retries(
           ^^^^^^^^^^^^^^^^^^^^^^^^^^^^^^^^
  File "/home/airflow/.local/lib/python3.12/site-packages/mlflow/utils/request_utils.py", line 237, in _get_http_response_with_retries
    return session.request(method, url, allow_redirects=allow_redirects, **kwargs)
           ^^^^^^^^^^^^^^^^^^^^^^^^^^^^^^^^^^^^^^^^^^^^^^^^^^^^^^^^^^^^^^^^^^^^^^^
  File "/home/airflow/.local/lib/python3.12/site-packages/requests/sessions.py", line 589, in request
    resp = self.send(prep, **send_kwargs)
           ^^^^^^^^^^^^^^^^^^^^^^^^^^^^^^
  File "/home/airflow/.local/lib/python3.12/site-packages/requests/sessions.py", line 703, in send
    r = adapter.send(request, **kwargs)
        ^^^^^^^^^^^^^^^^^^^^^^^^^^^^^^^
  File "/home/airflow/.local/lib/python3.12/site-packages/requests/adapters.py", line 519, in send
    raise ConnectionError(e, request=request)
requests.exceptions.ConnectionError: HTTPConnectionPool(host='127.0.0.1', port=5000): Max retries exceeded with url: /api/2.0/mlflow-artifacts/artifacts?path=0%2F86be7041f349456495f969a6cdcc12c5%2Fartifacts%2Fmodel (Caused by NewConnectionError('<urllib3.connection.HTTPConnection object at 0xffff43b9a720>: Failed to establish a new connection: [Errno 111] Connection refused'))

During handling of the above exception, another exception occurred:

Traceback (most recent call last):
  File "/home/airflow/.local/lib/python3.12/site-packages/airflow/models/taskinstance.py", line 465, in _execute_task
    result = _execute_callable(context=context, **execute_callable_kwargs)
             ^^^^^^^^^^^^^^^^^^^^^^^^^^^^^^^^^^^^^^^^^^^^^^^^^^^^^^^^^^^^^
  File "/home/airflow/.local/lib/python3.12/site-packages/airflow/models/taskinstance.py", line 432, in _execute_callable
    return execute_callable(context=context, **execute_callable_kwargs)
           ^^^^^^^^^^^^^^^^^^^^^^^^^^^^^^^^^^^^^^^^^^^^^^^^^^^^^^^^^^^^
  File "/home/airflow/.local/lib/python3.12/site-packages/airflow/models/baseoperator.py", line 401, in wrapper
    return func(self, *args, **kwargs)
           ^^^^^^^^^^^^^^^^^^^^^^^^^^^
  File "/home/airflow/.local/lib/python3.12/site-packages/airflow/operators/python.py", line 235, in execute
    return_value = self.execute_callable()
                   ^^^^^^^^^^^^^^^^^^^^^^^
  File "/home/airflow/.local/lib/python3.12/site-packages/airflow/operators/python.py", line 252, in execute_callable
    return self.python_callable(*self.op_args, **self.op_kwargs)
           ^^^^^^^^^^^^^^^^^^^^^^^^^^^^^^^^^^^^^^^^^^^^^^^^^^^^^
  File "/opt/airflow/dags/sql_2.py", line 224, in predict
    model = mlflow.pyfunc.load_model("mlflow-artifacts:/0/86be7041f349456495f969a6cdcc12c5/artifacts/model")
            ^^^^^^^^^^^^^^^^^^^^^^^^^^^^^^^^^^^^^^^^^^^^^^^^^^^^^^^^^^^^^^^^^^^^^^^^^^^^^^^^^^^^^^^^^^^^^^^^
  File "/home/airflow/.local/lib/python3.12/site-packages/mlflow/tracing/provider.py", line 237, in wrapper
    is_func_called, result = True, f(*args, **kwargs)
                                   ^^^^^^^^^^^^^^^^^^
  File "/home/airflow/.local/lib/python3.12/site-packages/mlflow/pyfunc/__init__.py", line 985, in load_model
    local_path = _download_artifact_from_uri(
                 ^^^^^^^^^^^^^^^^^^^^^^^^^^^^
  File "/home/airflow/.local/lib/python3.12/site-packages/mlflow/tracking/artifact_utils.py", line 116, in _download_artifact_from_uri
    return repo.download_artifacts(artifact_path=artifact_path, dst_path=output_path)
           ^^^^^^^^^^^^^^^^^^^^^^^^^^^^^^^^^^^^^^^^^^^^^^^^^^^^^^^^^^^^^^^^^^^^^^^^^^
  File "/home/airflow/.local/lib/python3.12/site-packages/mlflow/store/artifact/artifact_repo.py", line 247, in download_artifacts
    if self._is_directory(artifact_path):
       ^^^^^^^^^^^^^^^^^^^^^^^^^^^^^^^^^
  File "/home/airflow/.local/lib/python3.12/site-packages/mlflow/store/artifact/artifact_repo.py", line 146, in _is_directory
    listing = self.list_artifacts(artifact_path)
              ^^^^^^^^^^^^^^^^^^^^^^^^^^^^^^^^^^
  File "/home/airflow/.local/lib/python3.12/site-packages/mlflow/store/artifact/http_artifact_repo.py", line 88, in list_artifacts
    resp = http_request(host_creds, endpoint, "GET", params=params)
           ^^^^^^^^^^^^^^^^^^^^^^^^^^^^^^^^^^^^^^^^^^^^^^^^^^^^^^^^
  File "/home/airflow/.local/lib/python3.12/site-packages/mlflow/utils/rest_utils.py", line 152, in http_request
    raise MlflowException(f"API request to {url} failed with exception {e}")
mlflow.exceptions.MlflowException: API request to http://127.0.0.1:5000/api/2.0/mlflow-artifacts/artifacts failed with exception HTTPConnectionPool(host='127.0.0.1', port=5000): Max retries exceeded with url: /api/2.0/mlflow-artifacts/artifacts?path=0%2F86be7041f349456495f969a6cdcc12c5%2Fartifacts%2Fmodel (Caused by NewConnectionError('<urllib3.connection.HTTPConnection object at 0xffff43b9a720>: Failed to establish a new connection: [Errno 111] Connection refused'))
[2024-07-08T06:55:59.263+0000] {taskinstance.py:1206} INFO - Marking task as FAILED. dag_id=dag_with_postgres_hooks, task_id=predict, run_id=manual__2024-07-08T06:54:50.875592+00:00, execution_date=20240708T065450, start_date=20240708T065458, end_date=20240708T065559
[2024-07-08T06:55:59.273+0000] {standard_task_runner.py:110} ERROR - Failed to execute job 310 for task predict (API request to http://127.0.0.1:5000/api/2.0/mlflow-artifacts/artifacts failed with exception HTTPConnectionPool(host='127.0.0.1', port=5000): Max retries exceeded with url: /api/2.0/mlflow-artifacts/artifacts?path=0%2F86be7041f349456495f969a6cdcc12c5%2Fartifacts%2Fmodel (Caused by NewConnectionError('<urllib3.connection.HTTPConnection object at 0xffff43b9a720>: Failed to establish a new connection: [Errno 111] Connection refused')); 718)
[2024-07-08T06:55:59.286+0000] {local_task_job_runner.py:240} INFO - Task exited with return code 1
[2024-07-08T06:55:59.295+0000] {taskinstance.py:3503} INFO - 0 downstream tasks scheduled from follow-on schedule check
[2024-07-08T06:55:59.295+0000] {local_task_job_runner.py:222} INFO - ::endgroup::
