[2024-08-29T08:34:33.780+0000] {local_task_job_runner.py:120} INFO - ::group::Pre task execution logs
[2024-08-29T08:34:33.791+0000] {taskinstance.py:2076} INFO - Dependencies all met for dep_context=non-requeueable deps ti=<TaskInstance: dag_with_postgres_hooks.scrap_new_data scheduled__2024-08-24T13:30:00+00:00 [queued]>
[2024-08-29T08:34:33.794+0000] {taskinstance.py:2076} INFO - Dependencies all met for dep_context=requeueable deps ti=<TaskInstance: dag_with_postgres_hooks.scrap_new_data scheduled__2024-08-24T13:30:00+00:00 [queued]>
[2024-08-29T08:34:33.795+0000] {taskinstance.py:2306} INFO - Starting attempt 1 of 1
[2024-08-29T08:34:33.800+0000] {taskinstance.py:2330} INFO - Executing <Task(PythonOperator): scrap_new_data> on 2024-08-24 13:30:00+00:00
[2024-08-29T08:34:33.806+0000] {warnings.py:112} WARNING - /home/***/.local/lib/python3.12/site-packages/***/task/task_runner/standard_task_runner.py:62: DeprecationWarning: This process (pid=276) is multi-threaded, use of fork() may lead to deadlocks in the child.
  pid = os.fork()

[2024-08-29T08:34:33.807+0000] {standard_task_runner.py:64} INFO - Started process 305 to run task
[2024-08-29T08:34:33.808+0000] {standard_task_runner.py:90} INFO - Running: ['***', 'tasks', 'run', 'dag_with_postgres_hooks', 'scrap_new_data', 'scheduled__2024-08-24T13:30:00+00:00', '--job-id', '908', '--raw', '--subdir', 'DAGS_FOLDER/Stock_pred.py', '--cfg-path', '/tmp/tmp5_ou6i3k']
[2024-08-29T08:34:33.809+0000] {standard_task_runner.py:91} INFO - Job 908: Subtask scrap_new_data
[2024-08-29T08:34:33.831+0000] {task_command.py:426} INFO - Running <TaskInstance: dag_with_postgres_hooks.scrap_new_data scheduled__2024-08-24T13:30:00+00:00 [running]> on host de0da25eb647
[2024-08-29T08:34:33.870+0000] {taskinstance.py:2648} INFO - Exporting env vars: AIRFLOW_CTX_DAG_EMAIL='***@example.com' AIRFLOW_CTX_DAG_OWNER='***' AIRFLOW_CTX_DAG_ID='dag_with_postgres_hooks' AIRFLOW_CTX_TASK_ID='scrap_new_data' AIRFLOW_CTX_EXECUTION_DATE='2024-08-24T13:30:00+00:00' AIRFLOW_CTX_TRY_NUMBER='1' AIRFLOW_CTX_DAG_RUN_ID='scheduled__2024-08-24T13:30:00+00:00'
[2024-08-29T08:34:33.870+0000] {taskinstance.py:430} INFO - ::endgroup::
[2024-08-29T08:34:41.880+0000] {taskinstance.py:441} INFO - ::group::Post task execution logs
[2024-08-29T08:34:41.880+0000] {taskinstance.py:2905} ERROR - Task failed with exception
Traceback (most recent call last):
  File "/home/airflow/.local/lib/python3.12/site-packages/urllib3/connection.py", line 203, in _new_conn
    sock = connection.create_connection(
           ^^^^^^^^^^^^^^^^^^^^^^^^^^^^^
  File "/home/airflow/.local/lib/python3.12/site-packages/urllib3/util/connection.py", line 60, in create_connection
    for res in socket.getaddrinfo(host, port, family, socket.SOCK_STREAM):
               ^^^^^^^^^^^^^^^^^^^^^^^^^^^^^^^^^^^^^^^^^^^^^^^^^^^^^^^^^^
  File "/usr/local/lib/python3.12/socket.py", line 964, in getaddrinfo
    for res in _socket.getaddrinfo(host, port, family, type, proto, flags):
               ^^^^^^^^^^^^^^^^^^^^^^^^^^^^^^^^^^^^^^^^^^^^^^^^^^^^^^^^^^^
socket.gaierror: [Errno -3] Temporary failure in name resolution

The above exception was the direct cause of the following exception:

Traceback (most recent call last):
  File "/home/airflow/.local/lib/python3.12/site-packages/urllib3/connectionpool.py", line 791, in urlopen
    response = self._make_request(
               ^^^^^^^^^^^^^^^^^^^
  File "/home/airflow/.local/lib/python3.12/site-packages/urllib3/connectionpool.py", line 497, in _make_request
    conn.request(
  File "/home/airflow/.local/lib/python3.12/site-packages/urllib3/connection.py", line 395, in request
    self.endheaders()
  File "/usr/local/lib/python3.12/http/client.py", line 1331, in endheaders
    self._send_output(message_body, encode_chunked=encode_chunked)
  File "/usr/local/lib/python3.12/http/client.py", line 1091, in _send_output
    self.send(msg)
  File "/usr/local/lib/python3.12/http/client.py", line 1035, in send
    self.connect()
  File "/home/airflow/.local/lib/python3.12/site-packages/urllib3/connection.py", line 243, in connect
    self.sock = self._new_conn()
                ^^^^^^^^^^^^^^^^
  File "/home/airflow/.local/lib/python3.12/site-packages/urllib3/connection.py", line 210, in _new_conn
    raise NameResolutionError(self.host, self, e) from e
urllib3.exceptions.NameResolutionError: <urllib3.connection.HTTPConnection object at 0xffff49339fd0>: Failed to resolve 'en.stockbiz.vn' ([Errno -3] Temporary failure in name resolution)

The above exception was the direct cause of the following exception:

Traceback (most recent call last):
  File "/home/airflow/.local/lib/python3.12/site-packages/requests/adapters.py", line 667, in send
    resp = conn.urlopen(
           ^^^^^^^^^^^^^
  File "/home/airflow/.local/lib/python3.12/site-packages/urllib3/connectionpool.py", line 845, in urlopen
    retries = retries.increment(
              ^^^^^^^^^^^^^^^^^^
  File "/home/airflow/.local/lib/python3.12/site-packages/urllib3/util/retry.py", line 515, in increment
    raise MaxRetryError(_pool, url, reason) from reason  # type: ignore[arg-type]
    ^^^^^^^^^^^^^^^^^^^^^^^^^^^^^^^^^^^^^^^^^^^^^^^^^^^
urllib3.exceptions.MaxRetryError: HTTPConnectionPool(host='en.stockbiz.vn', port=80): Max retries exceeded with url: /Stocks/ACB/LookupQuote.aspx?Date=29/08/2024 (Caused by NameResolutionError("<urllib3.connection.HTTPConnection object at 0xffff49339fd0>: Failed to resolve 'en.stockbiz.vn' ([Errno -3] Temporary failure in name resolution)"))

During handling of the above exception, another exception occurred:

Traceback (most recent call last):
  File "/home/airflow/.local/lib/python3.12/site-packages/airflow/models/taskinstance.py", line 465, in _execute_task
    result = _execute_callable(context=context, **execute_callable_kwargs)
             ^^^^^^^^^^^^^^^^^^^^^^^^^^^^^^^^^^^^^^^^^^^^^^^^^^^^^^^^^^^^^
  File "/home/airflow/.local/lib/python3.12/site-packages/airflow/models/taskinstance.py", line 432, in _execute_callable
    return execute_callable(context=context, **execute_callable_kwargs)
           ^^^^^^^^^^^^^^^^^^^^^^^^^^^^^^^^^^^^^^^^^^^^^^^^^^^^^^^^^^^^
  File "/home/airflow/.local/lib/python3.12/site-packages/airflow/models/baseoperator.py", line 401, in wrapper
    return func(self, *args, **kwargs)
           ^^^^^^^^^^^^^^^^^^^^^^^^^^^
  File "/home/airflow/.local/lib/python3.12/site-packages/airflow/operators/python.py", line 235, in execute
    return_value = self.execute_callable()
                   ^^^^^^^^^^^^^^^^^^^^^^^
  File "/home/airflow/.local/lib/python3.12/site-packages/airflow/operators/python.py", line 252, in execute_callable
    return self.python_callable(*self.op_args, **self.op_kwargs)
           ^^^^^^^^^^^^^^^^^^^^^^^^^^^^^^^^^^^^^^^^^^^^^^^^^^^^^
  File "/opt/airflow/dags/Stock_pred.py", line 64, in scrap_stock
    html = requests.get(f'http://en.stockbiz.vn/Stocks/ACB/LookupQuote.aspx?Date={date}').text
           ^^^^^^^^^^^^^^^^^^^^^^^^^^^^^^^^^^^^^^^^^^^^^^^^^^^^^^^^^^^^^^^^^^^^^^^^^^^^^^
  File "/home/airflow/.local/lib/python3.12/site-packages/requests/api.py", line 73, in get
    return request("get", url, params=params, **kwargs)
           ^^^^^^^^^^^^^^^^^^^^^^^^^^^^^^^^^^^^^^^^^^^^
  File "/home/airflow/.local/lib/python3.12/site-packages/requests/api.py", line 59, in request
    return session.request(method=method, url=url, **kwargs)
           ^^^^^^^^^^^^^^^^^^^^^^^^^^^^^^^^^^^^^^^^^^^^^^^^^
  File "/home/airflow/.local/lib/python3.12/site-packages/requests/sessions.py", line 589, in request
    resp = self.send(prep, **send_kwargs)
           ^^^^^^^^^^^^^^^^^^^^^^^^^^^^^^
  File "/home/airflow/.local/lib/python3.12/site-packages/requests/sessions.py", line 703, in send
    r = adapter.send(request, **kwargs)
        ^^^^^^^^^^^^^^^^^^^^^^^^^^^^^^^
  File "/home/airflow/.local/lib/python3.12/site-packages/requests/adapters.py", line 700, in send
    raise ConnectionError(e, request=request)
requests.exceptions.ConnectionError: HTTPConnectionPool(host='en.stockbiz.vn', port=80): Max retries exceeded with url: /Stocks/ACB/LookupQuote.aspx?Date=29/08/2024 (Caused by NameResolutionError("<urllib3.connection.HTTPConnection object at 0xffff49339fd0>: Failed to resolve 'en.stockbiz.vn' ([Errno -3] Temporary failure in name resolution)"))
[2024-08-29T08:34:41.887+0000] {taskinstance.py:1206} INFO - Marking task as FAILED. dag_id=dag_with_postgres_hooks, task_id=scrap_new_data, run_id=scheduled__2024-08-24T13:30:00+00:00, execution_date=20240824T133000, start_date=20240829T083433, end_date=20240829T083441
[2024-08-29T08:34:41.892+0000] {standard_task_runner.py:110} ERROR - Failed to execute job 908 for task scrap_new_data (HTTPConnectionPool(host='en.stockbiz.vn', port=80): Max retries exceeded with url: /Stocks/ACB/LookupQuote.aspx?Date=29/08/2024 (Caused by NameResolutionError("<urllib3.connection.HTTPConnection object at 0xffff49339fd0>: Failed to resolve 'en.stockbiz.vn' ([Errno -3] Temporary failure in name resolution)")); 305)
[2024-08-29T08:34:41.939+0000] {local_task_job_runner.py:243} INFO - Task exited with return code 1
[2024-08-29T08:34:41.951+0000] {taskinstance.py:3503} INFO - 0 downstream tasks scheduled from follow-on schedule check
[2024-08-29T08:34:41.953+0000] {local_task_job_runner.py:222} INFO - ::endgroup::
