[2024-07-18T08:17:26.468+0000] {local_task_job_runner.py:120} INFO - ::group::Pre task execution logs
[2024-07-18T08:17:26.477+0000] {taskinstance.py:2076} INFO - Dependencies all met for dep_context=non-requeueable deps ti=<TaskInstance: dag_with_postgres_hooks.featur_engineer manual__2024-07-18T08:17:17.060960+00:00 [queued]>
[2024-07-18T08:17:26.484+0000] {taskinstance.py:2076} INFO - Dependencies all met for dep_context=requeueable deps ti=<TaskInstance: dag_with_postgres_hooks.featur_engineer manual__2024-07-18T08:17:17.060960+00:00 [queued]>
[2024-07-18T08:17:26.484+0000] {taskinstance.py:2306} INFO - Starting attempt 1 of 1
[2024-07-18T08:17:26.499+0000] {taskinstance.py:2330} INFO - Executing <Task(PythonOperator): featur_engineer> on 2024-07-18 08:17:17.060960+00:00
[2024-07-18T08:17:26.504+0000] {warnings.py:112} WARNING - /home/***/.local/lib/python3.12/site-packages/***/task/task_runner/standard_task_runner.py:61: DeprecationWarning: This process (pid=1801) is multi-threaded, use of fork() may lead to deadlocks in the child.
  pid = os.fork()

[2024-07-18T08:17:26.506+0000] {standard_task_runner.py:63} INFO - Started process 1810 to run task
[2024-07-18T08:17:26.507+0000] {standard_task_runner.py:90} INFO - Running: ['***', 'tasks', 'run', 'dag_with_postgres_hooks', 'featur_engineer', 'manual__2024-07-18T08:17:17.060960+00:00', '--job-id', '152', '--raw', '--subdir', 'DAGS_FOLDER/sql_2.py', '--cfg-path', '/tmp/tmpslwgbujz']
[2024-07-18T08:17:26.508+0000] {standard_task_runner.py:91} INFO - Job 152: Subtask featur_engineer
[2024-07-18T08:17:26.542+0000] {task_command.py:426} INFO - Running <TaskInstance: dag_with_postgres_hooks.featur_engineer manual__2024-07-18T08:17:17.060960+00:00 [running]> on host 0c2114842aea
[2024-07-18T08:17:26.585+0000] {taskinstance.py:2648} INFO - Exporting env vars: AIRFLOW_CTX_DAG_EMAIL='***@example.com' AIRFLOW_CTX_DAG_OWNER='***' AIRFLOW_CTX_DAG_ID='dag_with_postgres_hooks' AIRFLOW_CTX_TASK_ID='featur_engineer' AIRFLOW_CTX_EXECUTION_DATE='2024-07-18T08:17:17.060960+00:00' AIRFLOW_CTX_TRY_NUMBER='1' AIRFLOW_CTX_DAG_RUN_ID='manual__2024-07-18T08:17:17.060960+00:00'
[2024-07-18T08:17:26.586+0000] {taskinstance.py:430} INFO - ::endgroup::
[2024-07-18T08:17:27.224+0000] {warnings.py:112} WARNING - /opt/***/dags/sql_2.py:225: SettingWithCopyWarning: 
A value is trying to be set on a copy of a slice from a DataFrame

See the caveats in the documentation: https://pandas.pydata.org/pandas-docs/stable/user_guide/indexing.html#returning-a-view-versus-a-copy
  input.drop(columns=["Target","CLOSE_t+1"],inplace=True)

[2024-07-18T08:17:27.234+0000] {python.py:237} INFO - Done. Returned value was: <class 'pandas.core.frame.DataFrame'>
[2024-07-18T08:17:27.235+0000] {taskinstance.py:441} INFO - ::group::Post task execution logs
[2024-07-18T08:17:27.237+0000] {xcom.py:675} ERROR - Object of type type is not JSON serializable. If you are using pickle instead of JSON for XCom, then you need to enable pickle support for XCom in your *** config or make sure to decorate your object with attr.
[2024-07-18T08:17:27.238+0000] {taskinstance.py:2905} ERROR - Task failed with exception
Traceback (most recent call last):
  File "/home/airflow/.local/lib/python3.12/site-packages/airflow/utils/json.py", line 91, in default
    return serialize(o)
           ^^^^^^^^^^^^
  File "/home/airflow/.local/lib/python3.12/site-packages/airflow/serialization/serde.py", line 189, in serialize
    raise TypeError(f"cannot serialize object of type {cls}")
TypeError: cannot serialize object of type <class 'type'>

During handling of the above exception, another exception occurred:

Traceback (most recent call last):
  File "/home/airflow/.local/lib/python3.12/site-packages/airflow/models/taskinstance.py", line 486, in _execute_task
    task_instance.xcom_push(key=XCOM_RETURN_KEY, value=xcom_value, session=session)
  File "/home/airflow/.local/lib/python3.12/site-packages/airflow/utils/session.py", line 76, in wrapper
    return func(*args, **kwargs)
           ^^^^^^^^^^^^^^^^^^^^^
  File "/home/airflow/.local/lib/python3.12/site-packages/airflow/models/taskinstance.py", line 3197, in xcom_push
    XCom.set(
  File "/home/airflow/.local/lib/python3.12/site-packages/airflow/utils/session.py", line 76, in wrapper
    return func(*args, **kwargs)
           ^^^^^^^^^^^^^^^^^^^^^
  File "/home/airflow/.local/lib/python3.12/site-packages/airflow/models/xcom.py", line 246, in set
    value = cls.serialize_value(
            ^^^^^^^^^^^^^^^^^^^^
  File "/home/airflow/.local/lib/python3.12/site-packages/airflow/models/xcom.py", line 673, in serialize_value
    return json.dumps(value, cls=XComEncoder).encode("UTF-8")
           ^^^^^^^^^^^^^^^^^^^^^^^^^^^^^^^^^^
  File "/usr/local/lib/python3.12/json/__init__.py", line 238, in dumps
    **kw).encode(obj)
          ^^^^^^^^^^^
  File "/home/airflow/.local/lib/python3.12/site-packages/airflow/utils/json.py", line 104, in encode
    return super().encode(o)
           ^^^^^^^^^^^^^^^^^
  File "/usr/local/lib/python3.12/json/encoder.py", line 200, in encode
    chunks = self.iterencode(o, _one_shot=True)
             ^^^^^^^^^^^^^^^^^^^^^^^^^^^^^^^^^^
  File "/usr/local/lib/python3.12/json/encoder.py", line 258, in iterencode
    return _iterencode(o, 0)
           ^^^^^^^^^^^^^^^^^
  File "/home/airflow/.local/lib/python3.12/site-packages/airflow/utils/json.py", line 93, in default
    return super().default(o)
           ^^^^^^^^^^^^^^^^^^
  File "/usr/local/lib/python3.12/json/encoder.py", line 180, in default
    raise TypeError(f'Object of type {o.__class__.__name__} '
TypeError: Object of type type is not JSON serializable
[2024-07-18T08:17:27.241+0000] {taskinstance.py:1206} INFO - Marking task as FAILED. dag_id=dag_with_postgres_hooks, task_id=featur_engineer, run_id=manual__2024-07-18T08:17:17.060960+00:00, execution_date=20240718T081717, start_date=20240718T081726, end_date=20240718T081727
[2024-07-18T08:17:27.245+0000] {standard_task_runner.py:110} ERROR - Failed to execute job 152 for task featur_engineer (Object of type type is not JSON serializable; 1810)
[2024-07-18T08:17:27.249+0000] {local_task_job_runner.py:240} INFO - Task exited with return code 1
[2024-07-18T08:17:27.259+0000] {taskinstance.py:3503} INFO - 0 downstream tasks scheduled from follow-on schedule check
[2024-07-18T08:17:27.260+0000] {local_task_job_runner.py:222} INFO - ::endgroup::
