[2024-10-10T11:40:55.886+0000] {local_task_job_runner.py:120} INFO - ::group::Pre task execution logs
[2024-10-10T11:40:55.895+0000] {taskinstance.py:2076} INFO - Dependencies all met for dep_context=non-requeueable deps ti=<TaskInstance: dag_with_postgres_hooks.monitoring manual__2024-10-10T11:40:15.281590+00:00 [queued]>
[2024-10-10T11:40:55.898+0000] {taskinstance.py:2076} INFO - Dependencies all met for dep_context=requeueable deps ti=<TaskInstance: dag_with_postgres_hooks.monitoring manual__2024-10-10T11:40:15.281590+00:00 [queued]>
[2024-10-10T11:40:55.899+0000] {taskinstance.py:2306} INFO - Starting attempt 1 of 1
[2024-10-10T11:40:55.903+0000] {taskinstance.py:2330} INFO - Executing <Task(PythonOperator): monitoring> on 2024-10-10 11:40:15.281590+00:00
[2024-10-10T11:40:55.909+0000] {warnings.py:112} WARNING - /home/***/.local/lib/python3.12/site-packages/***/task/task_runner/standard_task_runner.py:62: DeprecationWarning: This process (pid=7487) is multi-threaded, use of fork() may lead to deadlocks in the child.
  pid = os.fork()

[2024-10-10T11:40:55.910+0000] {standard_task_runner.py:90} INFO - Running: ['***', 'tasks', 'run', 'dag_with_postgres_hooks', 'monitoring', 'manual__2024-10-10T11:40:15.281590+00:00', '--job-id', '1123', '--raw', '--subdir', 'DAGS_FOLDER/Stock_pred.py', '--cfg-path', '/tmp/tmpddh6tom4']
[2024-10-10T11:40:55.911+0000] {standard_task_runner.py:64} INFO - Started process 7498 to run task
[2024-10-10T11:40:55.911+0000] {standard_task_runner.py:91} INFO - Job 1123: Subtask monitoring
[2024-10-10T11:40:55.929+0000] {task_command.py:426} INFO - Running <TaskInstance: dag_with_postgres_hooks.monitoring manual__2024-10-10T11:40:15.281590+00:00 [running]> on host b7aba691e1ff
[2024-10-10T11:40:55.963+0000] {taskinstance.py:2648} INFO - Exporting env vars: AIRFLOW_CTX_DAG_EMAIL='***@example.com' AIRFLOW_CTX_DAG_OWNER='***' AIRFLOW_CTX_DAG_ID='dag_with_postgres_hooks' AIRFLOW_CTX_TASK_ID='monitoring' AIRFLOW_CTX_EXECUTION_DATE='2024-10-10T11:40:15.281590+00:00' AIRFLOW_CTX_TRY_NUMBER='1' AIRFLOW_CTX_DAG_RUN_ID='manual__2024-10-10T11:40:15.281590+00:00'
[2024-10-10T11:40:55.964+0000] {taskinstance.py:430} INFO - ::endgroup::
[2024-10-10T11:40:55.967+0000] {base.py:84} INFO - Using connection ID 'postgres_server_2' for task execution.
[2024-10-10T11:40:56.004+0000] {warnings.py:112} WARNING - /opt/***/dags/Stock_pred.py:428: SettingWithCopyWarning: 
A value is trying to be set on a copy of a slice from a DataFrame

See the caveats in the documentation: https://pandas.pydata.org/pandas-docs/stable/user_guide/indexing.html#returning-a-view-versus-a-copy
  df_old_clf['Target'].iloc[-1] = input_clf['Target']

[2024-10-10T11:40:56.037+0000] {logging_mixin.py:188} INFO -    predicted_index
0      -124.238213
[2024-10-10T11:40:56.037+0000] {taskinstance.py:441} INFO - ::group::Post task execution logs
[2024-10-10T11:40:56.038+0000] {taskinstance.py:2905} ERROR - Task failed with exception
Traceback (most recent call last):
  File "/home/airflow/.local/lib/python3.12/site-packages/pandas/core/indexes/base.py", line 3791, in get_loc
    return self._engine.get_loc(casted_key)
           ^^^^^^^^^^^^^^^^^^^^^^^^^^^^^^^^
  File "index.pyx", line 152, in pandas._libs.index.IndexEngine.get_loc
  File "index.pyx", line 181, in pandas._libs.index.IndexEngine.get_loc
  File "pandas/_libs/hashtable_class_helper.pxi", line 7080, in pandas._libs.hashtable.PyObjectHashTable.get_item
  File "pandas/_libs/hashtable_class_helper.pxi", line 7088, in pandas._libs.hashtable.PyObjectHashTable.get_item
KeyError: 0

The above exception was the direct cause of the following exception:

Traceback (most recent call last):
  File "/home/airflow/.local/lib/python3.12/site-packages/airflow/models/taskinstance.py", line 465, in _execute_task
    result = _execute_callable(context=context, **execute_callable_kwargs)
             ^^^^^^^^^^^^^^^^^^^^^^^^^^^^^^^^^^^^^^^^^^^^^^^^^^^^^^^^^^^^^
  File "/home/airflow/.local/lib/python3.12/site-packages/airflow/models/taskinstance.py", line 432, in _execute_callable
    return execute_callable(context=context, **execute_callable_kwargs)
           ^^^^^^^^^^^^^^^^^^^^^^^^^^^^^^^^^^^^^^^^^^^^^^^^^^^^^^^^^^^^
  File "/home/airflow/.local/lib/python3.12/site-packages/airflow/models/baseoperator.py", line 401, in wrapper
    return func(self, *args, **kwargs)
           ^^^^^^^^^^^^^^^^^^^^^^^^^^^
  File "/home/airflow/.local/lib/python3.12/site-packages/airflow/operators/python.py", line 235, in execute
    return_value = self.execute_callable()
                   ^^^^^^^^^^^^^^^^^^^^^^^
  File "/home/airflow/.local/lib/python3.12/site-packages/airflow/operators/python.py", line 252, in execute_callable
    return self.python_callable(*self.op_args, **self.op_kwargs)
           ^^^^^^^^^^^^^^^^^^^^^^^^^^^^^^^^^^^^^^^^^^^^^^^^^^^^^
  File "/opt/airflow/dags/Stock_pred.py", line 442, in monitoring
    new_row = {"Date": [date], "CLOSE_diff_t+1": [np.nan],'New_Prediction_ts': [prediction_ts[0]]}
                                                                                ~~~~~~~~~~~~~^^^
  File "/home/airflow/.local/lib/python3.12/site-packages/pandas/core/frame.py", line 3893, in __getitem__
    indexer = self.columns.get_loc(key)
              ^^^^^^^^^^^^^^^^^^^^^^^^^
  File "/home/airflow/.local/lib/python3.12/site-packages/pandas/core/indexes/base.py", line 3798, in get_loc
    raise KeyError(key) from err
KeyError: 0
[2024-10-10T11:40:56.043+0000] {taskinstance.py:1206} INFO - Marking task as FAILED. dag_id=dag_with_postgres_hooks, task_id=monitoring, run_id=manual__2024-10-10T11:40:15.281590+00:00, execution_date=20241010T114015, start_date=20241010T114055, end_date=20241010T114056
[2024-10-10T11:40:56.047+0000] {standard_task_runner.py:110} ERROR - Failed to execute job 1123 for task monitoring (0; 7498)
[2024-10-10T11:40:56.053+0000] {local_task_job_runner.py:243} INFO - Task exited with return code 1
[2024-10-10T11:40:56.060+0000] {taskinstance.py:3503} INFO - 0 downstream tasks scheduled from follow-on schedule check
[2024-10-10T11:40:56.060+0000] {local_task_job_runner.py:222} INFO - ::endgroup::
